ARM GAS  C:\Users\Windows\AppData\Local\Temp\ccBB4JHN.s 			page 1


   1              		.syntax unified
   2              		.cpu cortex-m3
   3              		.fpu softvfp
   4              		.eabi_attribute 20, 1
   5              		.eabi_attribute 21, 1
   6              		.eabi_attribute 23, 3
   7              		.eabi_attribute 24, 1
   8              		.eabi_attribute 25, 1
   9              		.eabi_attribute 26, 1
  10              		.eabi_attribute 30, 1
  11              		.eabi_attribute 34, 1
  12              		.eabi_attribute 18, 4
  13              		.thumb
  14              		.syntax unified
  15              		.file	"Interrupt_Routines.c"
  16              		.text
  17              	.Ltext0:
  18              		.cfi_sections	.debug_frame
  19              		.section	.text.Custom_ISR_ADC,"ax",%progbits
  20              		.align	2
  21              		.global	Custom_ISR_ADC
  22              		.thumb
  23              		.thumb_func
  24              		.type	Custom_ISR_ADC, %function
  25              	Custom_ISR_ADC:
  26              	.LFB64:
  27              		.file 1 "Interrupt_Routines.c"
   1:Interrupt_Routines.c **** /* ========================================
   2:Interrupt_Routines.c ****  *
   3:Interrupt_Routines.c ****  * Copyright YOUR COMPANY, THE YEAR
   4:Interrupt_Routines.c ****  * All Rights Reserved
   5:Interrupt_Routines.c ****  * UNPUBLISHED, LICENSED SOFTWARE.
   6:Interrupt_Routines.c ****  *
   7:Interrupt_Routines.c ****  * CONFIDENTIAL AND PROPRIETARY INFORMATION
   8:Interrupt_Routines.c ****  * WHICH IS THE PROPERTY OF your company.
   9:Interrupt_Routines.c ****  *
  10:Interrupt_Routines.c ****  * ========================================
  11:Interrupt_Routines.c **** */
  12:Interrupt_Routines.c **** 
  13:Interrupt_Routines.c **** #include "Interrupt_Routines.h"
  14:Interrupt_Routines.c **** #include "project.h"
  15:Interrupt_Routines.c **** 
  16:Interrupt_Routines.c **** //variable declaretion
  17:Interrupt_Routines.c **** int32 value_digit;
  18:Interrupt_Routines.c **** int32 value_digit1;
  19:Interrupt_Routines.c **** int32 value_read1;
  20:Interrupt_Routines.c **** int32 value_read[4];
  21:Interrupt_Routines.c **** int8 codifica[4];
  22:Interrupt_Routines.c **** int32 count=0;
  23:Interrupt_Routines.c **** char received_char = 'N';
  24:Interrupt_Routines.c **** /*
  25:Interrupt_Routines.c **** int32 value_mv[2];
  26:Interrupt_Routines.c **** int32 valuekR[2];
  27:Interrupt_Routines.c **** int32 valuemI[2];
  28:Interrupt_Routines.c **** */
  29:Interrupt_Routines.c **** int8 i=0, j=0, k=0;
  30:Interrupt_Routines.c **** CY_ISR(Custom_ISR_ADC)
ARM GAS  C:\Users\Windows\AppData\Local\Temp\ccBB4JHN.s 			page 2


  31:Interrupt_Routines.c **** {
  28              		.loc 1 31 0
  29              		.cfi_startproc
  30              		@ args = 0, pretend = 0, frame = 0
  31              		@ frame_needed = 0, uses_anonymous_args = 0
  32 0000 10B5     		push	{r4, lr}
  33              		.cfi_def_cfa_offset 8
  34              		.cfi_offset 4, -8
  35              		.cfi_offset 14, -4
  32:Interrupt_Routines.c ****     count++;
  36              		.loc 1 32 0
  37 0002 4B4C     		ldr	r4, .L17
  38 0004 2368     		ldr	r3, [r4]
  39 0006 0133     		adds	r3, r3, #1
  40 0008 2360     		str	r3, [r4]
  33:Interrupt_Routines.c ****     //Read timer status register to bring interrupt line low
  34:Interrupt_Routines.c ****     Timer_ReadStatusRegister();
  41              		.loc 1 34 0
  42 000a FFF7FEFF 		bl	Timer_ReadStatusRegister
  43              	.LVL0:
  35:Interrupt_Routines.c ****     
  36:Interrupt_Routines.c ****     if(count<100){
  44              		.loc 1 36 0
  45 000e 2368     		ldr	r3, [r4]
  46 0010 632B     		cmp	r3, #99
  47 0012 57DC     		bgt	.L2
  37:Interrupt_Routines.c ****       for(j=0; j<10; j++){
  48              		.loc 1 37 0
  49 0014 0022     		movs	r2, #0
  50 0016 2271     		strb	r2, [r4, #4]
  51 0018 2DE0     		b	.L3
  52              	.L8:
  38:Interrupt_Routines.c ****         for(i=0; i<4; i++){
  53              		.loc 1 38 0
  54 001a 0022     		movs	r2, #0
  55 001c 444B     		ldr	r3, .L17
  56 001e 5A71     		strb	r2, [r3, #5]
  57 0020 20E0     		b	.L4
  58              	.L7:
  39:Interrupt_Routines.c ****         AMux_Select(i);
  59              		.loc 1 39 0
  60 0022 C0B2     		uxtb	r0, r0
  61 0024 FFF7FEFF 		bl	AMux_Select
  62              	.LVL1:
  40:Interrupt_Routines.c ****         value_digit = ADC_DelSig_Read32();
  63              		.loc 1 40 0
  64 0028 FFF7FEFF 		bl	ADC_DelSig_Read32
  65              	.LVL2:
  66 002c 414B     		ldr	r3, .L17+4
  67 002e 1860     		str	r0, [r3]
  41:Interrupt_Routines.c ****         if (value_digit < 0)  value_digit = 0;
  68              		.loc 1 41 0
  69 0030 0028     		cmp	r0, #0
  70 0032 01DA     		bge	.L5
  71              		.loc 1 41 0 is_stmt 0 discriminator 1
  72 0034 0022     		movs	r2, #0
  73 0036 1A60     		str	r2, [r3]
ARM GAS  C:\Users\Windows\AppData\Local\Temp\ccBB4JHN.s 			page 3


  74              	.L5:
  42:Interrupt_Routines.c ****         if (value_digit > 65535) value_digit = 65535;
  75              		.loc 1 42 0 is_stmt 1
  76 0038 3E4B     		ldr	r3, .L17+4
  77 003a 1B68     		ldr	r3, [r3]
  78 003c B3F5803F 		cmp	r3, #65536
  79 0040 03DB     		blt	.L6
  80              		.loc 1 42 0 is_stmt 0 discriminator 1
  81 0042 4FF6FF72 		movw	r2, #65535
  82 0046 3B4B     		ldr	r3, .L17+4
  83 0048 1A60     		str	r2, [r3]
  84              	.L6:
  43:Interrupt_Routines.c ****       
  44:Interrupt_Routines.c ****         value_read[i]= value_read[i] + value_digit;
  85              		.loc 1 44 0 is_stmt 1 discriminator 2
  86 004a 3949     		ldr	r1, .L17
  87 004c 91F90530 		ldrsb	r3, [r1, #5]
  88 0050 3948     		ldr	r0, .L17+8
  89 0052 50F82340 		ldr	r4, [r0, r3, lsl #2]
  90 0056 374A     		ldr	r2, .L17+4
  91 0058 1268     		ldr	r2, [r2]
  92 005a 2244     		add	r2, r2, r4
  93 005c 40F82320 		str	r2, [r0, r3, lsl #2]
  38:Interrupt_Routines.c ****         AMux_Select(i);
  94              		.loc 1 38 0 discriminator 2
  95 0060 0133     		adds	r3, r3, #1
  96 0062 4B71     		strb	r3, [r1, #5]
  97              	.L4:
  38:Interrupt_Routines.c ****         AMux_Select(i);
  98              		.loc 1 38 0 is_stmt 0 discriminator 1
  99 0064 324B     		ldr	r3, .L17
 100 0066 93F90500 		ldrsb	r0, [r3, #5]
 101 006a 0328     		cmp	r0, #3
 102 006c D9DD     		ble	.L7
  37:Interrupt_Routines.c ****         for(i=0; i<4; i++){
 103              		.loc 1 37 0 is_stmt 1 discriminator 2
 104 006e 1A46     		mov	r2, r3
 105 0070 1B79     		ldrb	r3, [r3, #4]	@ zero_extendqisi2
 106 0072 0133     		adds	r3, r3, #1
 107 0074 1371     		strb	r3, [r2, #4]
 108              	.L3:
  37:Interrupt_Routines.c ****         for(i=0; i<4; i++){
 109              		.loc 1 37 0 is_stmt 0 discriminator 1
 110 0076 2E4B     		ldr	r3, .L17
 111 0078 93F90430 		ldrsb	r3, [r3, #4]
 112 007c 092B     		cmp	r3, #9
 113 007e CCDD     		ble	.L8
  45:Interrupt_Routines.c **** 
  46:Interrupt_Routines.c ****           }
  47:Interrupt_Routines.c ****         }
  48:Interrupt_Routines.c ****         for(k=0; k<4; k++){
 114              		.loc 1 48 0 is_stmt 1
 115 0080 0022     		movs	r2, #0
 116 0082 2B4B     		ldr	r3, .L17
 117 0084 9A71     		strb	r2, [r3, #6]
 118 0086 14E0     		b	.L9
 119              	.L10:
ARM GAS  C:\Users\Windows\AppData\Local\Temp\ccBB4JHN.s 			page 4


  49:Interrupt_Routines.c ****             value_read[k]=value_read[k]/10;
 120              		.loc 1 49 0 discriminator 3
 121 0088 2B48     		ldr	r0, .L17+8
 122 008a 50F82310 		ldr	r1, [r0, r3, lsl #2]
 123 008e 2B4A     		ldr	r2, .L17+12
 124 0090 82FB0142 		smull	r4, r2, r2, r1
 125 0094 C917     		asrs	r1, r1, #31
 126 0096 C1EBA202 		rsb	r2, r1, r2, asr #2
 127 009a 40F82320 		str	r2, [r0, r3, lsl #2]
  50:Interrupt_Routines.c ****             DataBuffer[2*k+1] = value_read[k] >> 8;
 128              		.loc 1 50 0 discriminator 3
 129 009e 5900     		lsls	r1, r3, #1
 130 00a0 0131     		adds	r1, r1, #1
 131 00a2 1412     		asrs	r4, r2, #8
 132 00a4 2648     		ldr	r0, .L17+16
 133 00a6 4454     		strb	r4, [r0, r1]
  51:Interrupt_Routines.c ****             DataBuffer[2*k+2] = value_read[k] & 0xFF;
 134              		.loc 1 51 0 discriminator 3
 135 00a8 591C     		adds	r1, r3, #1
 136 00aa 00F81120 		strb	r2, [r0, r1, lsl #1]
  48:Interrupt_Routines.c ****             value_read[k]=value_read[k]/10;
 137              		.loc 1 48 0 discriminator 3
 138 00ae 204A     		ldr	r2, .L17
 139 00b0 9171     		strb	r1, [r2, #6]
 140              	.L9:
  48:Interrupt_Routines.c ****             value_read[k]=value_read[k]/10;
 141              		.loc 1 48 0 is_stmt 0 discriminator 1
 142 00b2 1F4B     		ldr	r3, .L17
 143 00b4 93F90630 		ldrsb	r3, [r3, #6]
 144 00b8 032B     		cmp	r3, #3
 145 00ba E5DD     		ble	.L10
  52:Interrupt_Routines.c ****         }
  53:Interrupt_Routines.c ****         PacketReadyFlag  = 1;
 146              		.loc 1 53 0 is_stmt 1
 147 00bc 0122     		movs	r2, #1
 148 00be 214B     		ldr	r3, .L17+20
 149 00c0 1A70     		strb	r2, [r3]
 150 00c2 10BD     		pop	{r4, pc}
 151              	.L2:
  54:Interrupt_Routines.c ****     }else if(count==100){
 152              		.loc 1 54 0
 153 00c4 642B     		cmp	r3, #100
 154 00c6 31D1     		bne	.L1
  55:Interrupt_Routines.c ****         AMux_Select(4);
 155              		.loc 1 55 0
 156 00c8 0420     		movs	r0, #4
 157 00ca FFF7FEFF 		bl	AMux_Select
 158              	.LVL3:
  56:Interrupt_Routines.c ****         value_digit1 = ADC_DelSig_Read32();
 159              		.loc 1 56 0
 160 00ce FFF7FEFF 		bl	ADC_DelSig_Read32
 161              	.LVL4:
 162 00d2 1D4B     		ldr	r3, .L17+24
 163 00d4 1860     		str	r0, [r3]
  57:Interrupt_Routines.c ****         if (value_digit1 < 0)  value_digit1 = 0;
 164              		.loc 1 57 0
 165 00d6 0028     		cmp	r0, #0
ARM GAS  C:\Users\Windows\AppData\Local\Temp\ccBB4JHN.s 			page 5


 166 00d8 01DA     		bge	.L12
 167              		.loc 1 57 0 is_stmt 0 discriminator 1
 168 00da 0022     		movs	r2, #0
 169 00dc 1A60     		str	r2, [r3]
 170              	.L12:
  58:Interrupt_Routines.c ****         if (value_digit1 > 65535) value_digit1 = 65535;
 171              		.loc 1 58 0 is_stmt 1
 172 00de 1A4B     		ldr	r3, .L17+24
 173 00e0 1B68     		ldr	r3, [r3]
 174 00e2 B3F5803F 		cmp	r3, #65536
 175 00e6 03DB     		blt	.L13
 176              		.loc 1 58 0 is_stmt 0 discriminator 1
 177 00e8 4FF6FF72 		movw	r2, #65535
 178 00ec 164B     		ldr	r3, .L17+24
 179 00ee 1A60     		str	r2, [r3]
 180              	.L13:
  59:Interrupt_Routines.c ****         
  60:Interrupt_Routines.c ****         //value_mv = ADC_DelSig_CountsTo_mVolts(value_digit1);
  61:Interrupt_Routines.c ****         
  62:Interrupt_Routines.c ****         //value_read1 = (float)(value_digit1*100)/65535;
  63:Interrupt_Routines.c ****         value_read1=value_digit1;
 181              		.loc 1 63 0 is_stmt 1
 182 00f0 154B     		ldr	r3, .L17+24
 183 00f2 1B68     		ldr	r3, [r3]
 184 00f4 154A     		ldr	r2, .L17+28
 185 00f6 1360     		str	r3, [r2]
  64:Interrupt_Routines.c ****         //DataBuffer1[1] = value_read1;
  65:Interrupt_Routines.c ****         
  66:Interrupt_Routines.c ****         DataBuffer1[1] = value_read1 >> 8;
 186              		.loc 1 66 0
 187 00f8 1912     		asrs	r1, r3, #8
 188 00fa 154A     		ldr	r2, .L17+32
 189 00fc 5170     		strb	r1, [r2, #1]
  67:Interrupt_Routines.c ****         DataBuffer1[2] = value_read1 & 0xFF;
 190              		.loc 1 67 0
 191 00fe 9370     		strb	r3, [r2, #2]
  68:Interrupt_Routines.c ****         for (i=0;i<6;i++){
 192              		.loc 1 68 0
 193 0100 0022     		movs	r2, #0
 194 0102 0B4B     		ldr	r3, .L17
 195 0104 5A71     		strb	r2, [r3, #5]
 196 0106 06E0     		b	.L14
 197              	.L15:
  69:Interrupt_Routines.c ****             DataBuffer1[3+i]=0x00;
 198              		.loc 1 69 0 discriminator 3
 199 0108 DA1C     		adds	r2, r3, #3
 200 010a 0020     		movs	r0, #0
 201 010c 1049     		ldr	r1, .L17+32
 202 010e 8854     		strb	r0, [r1, r2]
  68:Interrupt_Routines.c ****         for (i=0;i<6;i++){
 203              		.loc 1 68 0 discriminator 3
 204 0110 0133     		adds	r3, r3, #1
 205 0112 074A     		ldr	r2, .L17
 206 0114 5371     		strb	r3, [r2, #5]
 207              	.L14:
  68:Interrupt_Routines.c ****         for (i=0;i<6;i++){
 208              		.loc 1 68 0 is_stmt 0 discriminator 1
ARM GAS  C:\Users\Windows\AppData\Local\Temp\ccBB4JHN.s 			page 6


 209 0116 064B     		ldr	r3, .L17
 210 0118 93F90530 		ldrsb	r3, [r3, #5]
 211 011c 052B     		cmp	r3, #5
 212 011e F3DD     		ble	.L15
  70:Interrupt_Routines.c ****         }
  71:Interrupt_Routines.c **** 
  72:Interrupt_Routines.c ****         PacketReadyFlag1  = 1;
 213              		.loc 1 72 0 is_stmt 1
 214 0120 0122     		movs	r2, #1
 215 0122 0C4B     		ldr	r3, .L17+36
 216 0124 1A70     		strb	r2, [r3]
  73:Interrupt_Routines.c ****         
  74:Interrupt_Routines.c ****         count=0;
 217              		.loc 1 74 0
 218 0126 0022     		movs	r2, #0
 219 0128 014B     		ldr	r3, .L17
 220 012a 1A60     		str	r2, [r3]
 221              	.L1:
 222 012c 10BD     		pop	{r4, pc}
 223              	.L18:
 224 012e 00BF     		.align	2
 225              	.L17:
 226 0130 00000000 		.word	.LANCHOR0
 227 0134 00000000 		.word	value_digit
 228 0138 00000000 		.word	value_read
 229 013c 67666666 		.word	1717986919
 230 0140 00000000 		.word	DataBuffer
 231 0144 00000000 		.word	PacketReadyFlag
 232 0148 00000000 		.word	value_digit1
 233 014c 00000000 		.word	value_read1
 234 0150 00000000 		.word	DataBuffer1
 235 0154 00000000 		.word	PacketReadyFlag1
 236              		.cfi_endproc
 237              	.LFE64:
 238              		.size	Custom_ISR_ADC, .-Custom_ISR_ADC
 239              		.global	k
 240              		.global	j
 241              		.global	i
 242              		.global	received_char
 243              		.global	count
 244              		.comm	codifica,4,4
 245              		.comm	value_read,16,4
 246              		.comm	value_read1,4,4
 247              		.comm	value_digit1,4,4
 248              		.comm	value_digit,4,4
 249              		.comm	led_status,1,1
 250              		.comm	PacketReadyFlag1,1,1
 251              		.comm	PacketReadyFlag,1,1
 252              		.comm	DataBuffer1,10,4
 253              		.comm	DataBuffer,10,4
 254              		.data
 255              		.type	received_char, %object
 256              		.size	received_char, 1
 257              	received_char:
 258 0000 4E       		.byte	78
 259              		.bss
 260              		.align	2
ARM GAS  C:\Users\Windows\AppData\Local\Temp\ccBB4JHN.s 			page 7


 261              		.set	.LANCHOR0,. + 0
 262              		.type	count, %object
 263              		.size	count, 4
 264              	count:
 265 0000 00000000 		.space	4
 266              		.type	j, %object
 267              		.size	j, 1
 268              	j:
 269 0004 00       		.space	1
 270              		.type	i, %object
 271              		.size	i, 1
 272              	i:
 273 0005 00       		.space	1
 274              		.type	k, %object
 275              		.size	k, 1
 276              	k:
 277 0006 00       		.space	1
 278              		.text
 279              	.Letext0:
 280              		.file 2 "c:\\program files (x86)\\cypress\\psoc creator\\4.4\\psoc creator\\import\\gnu\\arm\\5.4.
 281              		.file 3 "c:\\program files (x86)\\cypress\\psoc creator\\4.4\\psoc creator\\import\\gnu\\arm\\5.4.
 282              		.file 4 "Generated_Source\\PSoC5/cytypes.h"
 283              		.file 5 "Interrupt_Routines.h"
 284              		.file 6 "Generated_Source\\PSoC5/core_cm3.h"
 285              		.file 7 "Generated_Source\\PSoC5/Timer.h"
 286              		.file 8 "Generated_Source\\PSoC5/AMux.h"
 287              		.file 9 "Generated_Source\\PSoC5/ADC_DelSig.h"
 288              		.section	.debug_info,"",%progbits
 289              	.Ldebug_info0:
 290 0000 8D020000 		.4byte	0x28d
 291 0004 0400     		.2byte	0x4
 292 0006 00000000 		.4byte	.Ldebug_abbrev0
 293 000a 04       		.byte	0x4
 294 000b 01       		.uleb128 0x1
 295 000c 34010000 		.4byte	.LASF37
 296 0010 0C       		.byte	0xc
 297 0011 00000000 		.4byte	.LASF38
 298 0015 8D000000 		.4byte	.LASF39
 299 0019 00000000 		.4byte	.Ldebug_ranges0+0
 300 001d 00000000 		.4byte	0
 301 0021 00000000 		.4byte	.Ldebug_line0
 302 0025 02       		.uleb128 0x2
 303 0026 01       		.byte	0x1
 304 0027 06       		.byte	0x6
 305 0028 D2020000 		.4byte	.LASF0
 306 002c 03       		.uleb128 0x3
 307 002d 15000000 		.4byte	.LASF4
 308 0031 02       		.byte	0x2
 309 0032 1D       		.byte	0x1d
 310 0033 37000000 		.4byte	0x37
 311 0037 02       		.uleb128 0x2
 312 0038 01       		.byte	0x1
 313 0039 08       		.byte	0x8
 314 003a 26010000 		.4byte	.LASF1
 315 003e 02       		.uleb128 0x2
 316 003f 02       		.byte	0x2
 317 0040 05       		.byte	0x5
ARM GAS  C:\Users\Windows\AppData\Local\Temp\ccBB4JHN.s 			page 8


 318 0041 88020000 		.4byte	.LASF2
 319 0045 02       		.uleb128 0x2
 320 0046 02       		.byte	0x2
 321 0047 07       		.byte	0x7
 322 0048 68000000 		.4byte	.LASF3
 323 004c 03       		.uleb128 0x3
 324 004d 3A000000 		.4byte	.LASF5
 325 0051 02       		.byte	0x2
 326 0052 3F       		.byte	0x3f
 327 0053 57000000 		.4byte	0x57
 328 0057 02       		.uleb128 0x2
 329 0058 04       		.byte	0x4
 330 0059 05       		.byte	0x5
 331 005a B1020000 		.4byte	.LASF6
 332 005e 02       		.uleb128 0x2
 333 005f 04       		.byte	0x4
 334 0060 07       		.byte	0x7
 335 0061 CE010000 		.4byte	.LASF7
 336 0065 02       		.uleb128 0x2
 337 0066 08       		.byte	0x8
 338 0067 05       		.byte	0x5
 339 0068 64020000 		.4byte	.LASF8
 340 006c 02       		.uleb128 0x2
 341 006d 08       		.byte	0x8
 342 006e 07       		.byte	0x7
 343 006f 23020000 		.4byte	.LASF9
 344 0073 04       		.uleb128 0x4
 345 0074 04       		.byte	0x4
 346 0075 05       		.byte	0x5
 347 0076 696E7400 		.ascii	"int\000"
 348 007a 02       		.uleb128 0x2
 349 007b 04       		.byte	0x4
 350 007c 07       		.byte	0x7
 351 007d 16020000 		.4byte	.LASF10
 352 0081 03       		.uleb128 0x3
 353 0082 3A020000 		.4byte	.LASF11
 354 0086 03       		.byte	0x3
 355 0087 18       		.byte	0x18
 356 0088 2C000000 		.4byte	0x2c
 357 008c 03       		.uleb128 0x3
 358 008d 42020000 		.4byte	.LASF12
 359 0091 03       		.byte	0x3
 360 0092 2C       		.byte	0x2c
 361 0093 4C000000 		.4byte	0x4c
 362 0097 05       		.uleb128 0x5
 363 0098 AB020000 		.4byte	.LASF13
 364 009c 04       		.byte	0x4
 365 009d E801     		.2byte	0x1e8
 366 009f 37000000 		.4byte	0x37
 367 00a3 05       		.uleb128 0x5
 368 00a4 11020000 		.4byte	.LASF14
 369 00a8 04       		.byte	0x4
 370 00a9 EB01     		.2byte	0x1eb
 371 00ab 25000000 		.4byte	0x25
 372 00af 05       		.uleb128 0x5
 373 00b0 E0010000 		.4byte	.LASF15
 374 00b4 04       		.byte	0x4
ARM GAS  C:\Users\Windows\AppData\Local\Temp\ccBB4JHN.s 			page 9


 375 00b5 ED01     		.2byte	0x1ed
 376 00b7 57000000 		.4byte	0x57
 377 00bb 02       		.uleb128 0x2
 378 00bc 04       		.byte	0x4
 379 00bd 04       		.byte	0x4
 380 00be 05010000 		.4byte	.LASF16
 381 00c2 02       		.uleb128 0x2
 382 00c3 08       		.byte	0x8
 383 00c4 04       		.byte	0x4
 384 00c5 FE010000 		.4byte	.LASF17
 385 00c9 02       		.uleb128 0x2
 386 00ca 01       		.byte	0x1
 387 00cb 08       		.byte	0x8
 388 00cc 72020000 		.4byte	.LASF18
 389 00d0 06       		.uleb128 0x6
 390 00d1 97000000 		.4byte	0x97
 391 00d5 02       		.uleb128 0x2
 392 00d6 08       		.byte	0x8
 393 00d7 04       		.byte	0x4
 394 00d8 C6020000 		.4byte	.LASF19
 395 00dc 02       		.uleb128 0x2
 396 00dd 04       		.byte	0x4
 397 00de 07       		.byte	0x7
 398 00df 4A020000 		.4byte	.LASF20
 399 00e3 06       		.uleb128 0x6
 400 00e4 81000000 		.4byte	0x81
 401 00e8 07       		.uleb128 0x7
 402 00e9 2B000000 		.4byte	.LASF40
 403 00ed 01       		.byte	0x1
 404 00ee 1E       		.byte	0x1e
 405 00ef 00000000 		.4byte	.LFB64
 406 00f3 58010000 		.4byte	.LFE64-.LFB64
 407 00f7 01       		.uleb128 0x1
 408 00f8 9C       		.byte	0x9c
 409 00f9 35010000 		.4byte	0x135
 410 00fd 08       		.uleb128 0x8
 411 00fe 0E000000 		.4byte	.LVL0
 412 0102 6F020000 		.4byte	0x26f
 413 0106 08       		.uleb128 0x8
 414 0107 28000000 		.4byte	.LVL1
 415 010b 7A020000 		.4byte	0x27a
 416 010f 08       		.uleb128 0x8
 417 0110 2C000000 		.4byte	.LVL2
 418 0114 85020000 		.4byte	0x285
 419 0118 09       		.uleb128 0x9
 420 0119 CE000000 		.4byte	.LVL3
 421 011d 7A020000 		.4byte	0x27a
 422 0121 2B010000 		.4byte	0x12b
 423 0125 0A       		.uleb128 0xa
 424 0126 01       		.uleb128 0x1
 425 0127 50       		.byte	0x50
 426 0128 01       		.uleb128 0x1
 427 0129 34       		.byte	0x34
 428 012a 00       		.byte	0
 429 012b 08       		.uleb128 0x8
 430 012c D2000000 		.4byte	.LVL4
 431 0130 85020000 		.4byte	0x285
ARM GAS  C:\Users\Windows\AppData\Local\Temp\ccBB4JHN.s 			page 10


 432 0134 00       		.byte	0
 433 0135 0B       		.uleb128 0xb
 434 0136 97000000 		.4byte	0x97
 435 013a 45010000 		.4byte	0x145
 436 013e 0C       		.uleb128 0xc
 437 013f DC000000 		.4byte	0xdc
 438 0143 09       		.byte	0x9
 439 0144 00       		.byte	0
 440 0145 0D       		.uleb128 0xd
 441 0146 77020000 		.4byte	.LASF21
 442 014a 05       		.byte	0x5
 443 014b 19       		.byte	0x19
 444 014c 35010000 		.4byte	0x135
 445 0150 05       		.uleb128 0x5
 446 0151 03       		.byte	0x3
 447 0152 00000000 		.4byte	DataBuffer
 448 0156 0D       		.uleb128 0xd
 449 0157 C2010000 		.4byte	.LASF22
 450 015b 05       		.byte	0x5
 451 015c 1A       		.byte	0x1a
 452 015d 35010000 		.4byte	0x135
 453 0161 05       		.uleb128 0x5
 454 0162 03       		.byte	0x3
 455 0163 00000000 		.4byte	DataBuffer1
 456 0167 0D       		.uleb128 0xd
 457 0168 9B020000 		.4byte	.LASF23
 458 016c 05       		.byte	0x5
 459 016d 1B       		.byte	0x1b
 460 016e D0000000 		.4byte	0xd0
 461 0172 05       		.uleb128 0x5
 462 0173 03       		.byte	0x3
 463 0174 00000000 		.4byte	PacketReadyFlag
 464 0178 0D       		.uleb128 0xd
 465 0179 53020000 		.4byte	.LASF24
 466 017d 05       		.byte	0x5
 467 017e 1C       		.byte	0x1c
 468 017f D0000000 		.4byte	0xd0
 469 0183 05       		.uleb128 0x5
 470 0184 03       		.byte	0x3
 471 0185 00000000 		.4byte	PacketReadyFlag1
 472 0189 0D       		.uleb128 0xd
 473 018a 44000000 		.4byte	.LASF25
 474 018e 05       		.byte	0x5
 475 018f 1D       		.byte	0x1d
 476 0190 E3000000 		.4byte	0xe3
 477 0194 05       		.uleb128 0x5
 478 0195 03       		.byte	0x3
 479 0196 00000000 		.4byte	led_status
 480 019a 0E       		.uleb128 0xe
 481 019b E6010000 		.4byte	.LASF26
 482 019f 06       		.byte	0x6
 483 01a0 1207     		.2byte	0x712
 484 01a2 A6010000 		.4byte	0x1a6
 485 01a6 06       		.uleb128 0x6
 486 01a7 8C000000 		.4byte	0x8c
 487 01ab 0D       		.uleb128 0xd
 488 01ac BA020000 		.4byte	.LASF27
ARM GAS  C:\Users\Windows\AppData\Local\Temp\ccBB4JHN.s 			page 11


 489 01b0 01       		.byte	0x1
 490 01b1 11       		.byte	0x11
 491 01b2 AF000000 		.4byte	0xaf
 492 01b6 05       		.uleb128 0x5
 493 01b7 03       		.byte	0x3
 494 01b8 00000000 		.4byte	value_digit
 495 01bc 0D       		.uleb128 0xd
 496 01bd 19010000 		.4byte	.LASF28
 497 01c1 01       		.byte	0x1
 498 01c2 12       		.byte	0x12
 499 01c3 AF000000 		.4byte	0xaf
 500 01c7 05       		.uleb128 0x5
 501 01c8 03       		.byte	0x3
 502 01c9 00000000 		.4byte	value_digit1
 503 01cd 0D       		.uleb128 0xd
 504 01ce 1F000000 		.4byte	.LASF29
 505 01d2 01       		.byte	0x1
 506 01d3 13       		.byte	0x13
 507 01d4 AF000000 		.4byte	0xaf
 508 01d8 05       		.uleb128 0x5
 509 01d9 03       		.byte	0x3
 510 01da 00000000 		.4byte	value_read1
 511 01de 0B       		.uleb128 0xb
 512 01df AF000000 		.4byte	0xaf
 513 01e3 EE010000 		.4byte	0x1ee
 514 01e7 0C       		.uleb128 0xc
 515 01e8 DC000000 		.4byte	0xdc
 516 01ec 03       		.byte	0x3
 517 01ed 00       		.byte	0
 518 01ee 0D       		.uleb128 0xd
 519 01ef F3010000 		.4byte	.LASF30
 520 01f3 01       		.byte	0x1
 521 01f4 14       		.byte	0x14
 522 01f5 DE010000 		.4byte	0x1de
 523 01f9 05       		.uleb128 0x5
 524 01fa 03       		.byte	0x3
 525 01fb 00000000 		.4byte	value_read
 526 01ff 0B       		.uleb128 0xb
 527 0200 A3000000 		.4byte	0xa3
 528 0204 0F020000 		.4byte	0x20f
 529 0208 0C       		.uleb128 0xc
 530 0209 DC000000 		.4byte	0xdc
 531 020d 03       		.byte	0x3
 532 020e 00       		.byte	0
 533 020f 0D       		.uleb128 0xd
 534 0210 92020000 		.4byte	.LASF31
 535 0214 01       		.byte	0x1
 536 0215 15       		.byte	0x15
 537 0216 FF010000 		.4byte	0x1ff
 538 021a 05       		.uleb128 0x5
 539 021b 03       		.byte	0x3
 540 021c 00000000 		.4byte	codifica
 541 0220 0D       		.uleb128 0xd
 542 0221 82020000 		.4byte	.LASF32
 543 0225 01       		.byte	0x1
 544 0226 16       		.byte	0x16
 545 0227 AF000000 		.4byte	0xaf
ARM GAS  C:\Users\Windows\AppData\Local\Temp\ccBB4JHN.s 			page 12


 546 022b 05       		.uleb128 0x5
 547 022c 03       		.byte	0x3
 548 022d 00000000 		.4byte	count
 549 0231 0D       		.uleb128 0xd
 550 0232 0B010000 		.4byte	.LASF33
 551 0236 01       		.byte	0x1
 552 0237 17       		.byte	0x17
 553 0238 C9000000 		.4byte	0xc9
 554 023c 05       		.uleb128 0x5
 555 023d 03       		.byte	0x3
 556 023e 00000000 		.4byte	received_char
 557 0242 0F       		.uleb128 0xf
 558 0243 6900     		.ascii	"i\000"
 559 0245 01       		.byte	0x1
 560 0246 1D       		.byte	0x1d
 561 0247 A3000000 		.4byte	0xa3
 562 024b 05       		.uleb128 0x5
 563 024c 03       		.byte	0x3
 564 024d 00000000 		.4byte	i
 565 0251 0F       		.uleb128 0xf
 566 0252 6A00     		.ascii	"j\000"
 567 0254 01       		.byte	0x1
 568 0255 1D       		.byte	0x1d
 569 0256 A3000000 		.4byte	0xa3
 570 025a 05       		.uleb128 0x5
 571 025b 03       		.byte	0x3
 572 025c 00000000 		.4byte	j
 573 0260 0F       		.uleb128 0xf
 574 0261 6B00     		.ascii	"k\000"
 575 0263 01       		.byte	0x1
 576 0264 1D       		.byte	0x1d
 577 0265 A3000000 		.4byte	0xa3
 578 0269 05       		.uleb128 0x5
 579 026a 03       		.byte	0x3
 580 026b 00000000 		.4byte	k
 581 026f 10       		.uleb128 0x10
 582 0270 4F000000 		.4byte	.LASF34
 583 0274 4F000000 		.4byte	.LASF34
 584 0278 07       		.byte	0x7
 585 0279 5E       		.byte	0x5e
 586 027a 10       		.uleb128 0x10
 587 027b 05020000 		.4byte	.LASF35
 588 027f 05020000 		.4byte	.LASF35
 589 0283 08       		.byte	0x8
 590 0284 57       		.byte	0x57
 591 0285 10       		.uleb128 0x10
 592 0286 7B000000 		.4byte	.LASF36
 593 028a 7B000000 		.4byte	.LASF36
 594 028e 09       		.byte	0x9
 595 028f 56       		.byte	0x56
 596 0290 00       		.byte	0
 597              		.section	.debug_abbrev,"",%progbits
 598              	.Ldebug_abbrev0:
 599 0000 01       		.uleb128 0x1
 600 0001 11       		.uleb128 0x11
 601 0002 01       		.byte	0x1
 602 0003 25       		.uleb128 0x25
ARM GAS  C:\Users\Windows\AppData\Local\Temp\ccBB4JHN.s 			page 13


 603 0004 0E       		.uleb128 0xe
 604 0005 13       		.uleb128 0x13
 605 0006 0B       		.uleb128 0xb
 606 0007 03       		.uleb128 0x3
 607 0008 0E       		.uleb128 0xe
 608 0009 1B       		.uleb128 0x1b
 609 000a 0E       		.uleb128 0xe
 610 000b 55       		.uleb128 0x55
 611 000c 17       		.uleb128 0x17
 612 000d 11       		.uleb128 0x11
 613 000e 01       		.uleb128 0x1
 614 000f 10       		.uleb128 0x10
 615 0010 17       		.uleb128 0x17
 616 0011 00       		.byte	0
 617 0012 00       		.byte	0
 618 0013 02       		.uleb128 0x2
 619 0014 24       		.uleb128 0x24
 620 0015 00       		.byte	0
 621 0016 0B       		.uleb128 0xb
 622 0017 0B       		.uleb128 0xb
 623 0018 3E       		.uleb128 0x3e
 624 0019 0B       		.uleb128 0xb
 625 001a 03       		.uleb128 0x3
 626 001b 0E       		.uleb128 0xe
 627 001c 00       		.byte	0
 628 001d 00       		.byte	0
 629 001e 03       		.uleb128 0x3
 630 001f 16       		.uleb128 0x16
 631 0020 00       		.byte	0
 632 0021 03       		.uleb128 0x3
 633 0022 0E       		.uleb128 0xe
 634 0023 3A       		.uleb128 0x3a
 635 0024 0B       		.uleb128 0xb
 636 0025 3B       		.uleb128 0x3b
 637 0026 0B       		.uleb128 0xb
 638 0027 49       		.uleb128 0x49
 639 0028 13       		.uleb128 0x13
 640 0029 00       		.byte	0
 641 002a 00       		.byte	0
 642 002b 04       		.uleb128 0x4
 643 002c 24       		.uleb128 0x24
 644 002d 00       		.byte	0
 645 002e 0B       		.uleb128 0xb
 646 002f 0B       		.uleb128 0xb
 647 0030 3E       		.uleb128 0x3e
 648 0031 0B       		.uleb128 0xb
 649 0032 03       		.uleb128 0x3
 650 0033 08       		.uleb128 0x8
 651 0034 00       		.byte	0
 652 0035 00       		.byte	0
 653 0036 05       		.uleb128 0x5
 654 0037 16       		.uleb128 0x16
 655 0038 00       		.byte	0
 656 0039 03       		.uleb128 0x3
 657 003a 0E       		.uleb128 0xe
 658 003b 3A       		.uleb128 0x3a
 659 003c 0B       		.uleb128 0xb
ARM GAS  C:\Users\Windows\AppData\Local\Temp\ccBB4JHN.s 			page 14


 660 003d 3B       		.uleb128 0x3b
 661 003e 05       		.uleb128 0x5
 662 003f 49       		.uleb128 0x49
 663 0040 13       		.uleb128 0x13
 664 0041 00       		.byte	0
 665 0042 00       		.byte	0
 666 0043 06       		.uleb128 0x6
 667 0044 35       		.uleb128 0x35
 668 0045 00       		.byte	0
 669 0046 49       		.uleb128 0x49
 670 0047 13       		.uleb128 0x13
 671 0048 00       		.byte	0
 672 0049 00       		.byte	0
 673 004a 07       		.uleb128 0x7
 674 004b 2E       		.uleb128 0x2e
 675 004c 01       		.byte	0x1
 676 004d 3F       		.uleb128 0x3f
 677 004e 19       		.uleb128 0x19
 678 004f 03       		.uleb128 0x3
 679 0050 0E       		.uleb128 0xe
 680 0051 3A       		.uleb128 0x3a
 681 0052 0B       		.uleb128 0xb
 682 0053 3B       		.uleb128 0x3b
 683 0054 0B       		.uleb128 0xb
 684 0055 27       		.uleb128 0x27
 685 0056 19       		.uleb128 0x19
 686 0057 11       		.uleb128 0x11
 687 0058 01       		.uleb128 0x1
 688 0059 12       		.uleb128 0x12
 689 005a 06       		.uleb128 0x6
 690 005b 40       		.uleb128 0x40
 691 005c 18       		.uleb128 0x18
 692 005d 9742     		.uleb128 0x2117
 693 005f 19       		.uleb128 0x19
 694 0060 01       		.uleb128 0x1
 695 0061 13       		.uleb128 0x13
 696 0062 00       		.byte	0
 697 0063 00       		.byte	0
 698 0064 08       		.uleb128 0x8
 699 0065 898201   		.uleb128 0x4109
 700 0068 00       		.byte	0
 701 0069 11       		.uleb128 0x11
 702 006a 01       		.uleb128 0x1
 703 006b 31       		.uleb128 0x31
 704 006c 13       		.uleb128 0x13
 705 006d 00       		.byte	0
 706 006e 00       		.byte	0
 707 006f 09       		.uleb128 0x9
 708 0070 898201   		.uleb128 0x4109
 709 0073 01       		.byte	0x1
 710 0074 11       		.uleb128 0x11
 711 0075 01       		.uleb128 0x1
 712 0076 31       		.uleb128 0x31
 713 0077 13       		.uleb128 0x13
 714 0078 01       		.uleb128 0x1
 715 0079 13       		.uleb128 0x13
 716 007a 00       		.byte	0
ARM GAS  C:\Users\Windows\AppData\Local\Temp\ccBB4JHN.s 			page 15


 717 007b 00       		.byte	0
 718 007c 0A       		.uleb128 0xa
 719 007d 8A8201   		.uleb128 0x410a
 720 0080 00       		.byte	0
 721 0081 02       		.uleb128 0x2
 722 0082 18       		.uleb128 0x18
 723 0083 9142     		.uleb128 0x2111
 724 0085 18       		.uleb128 0x18
 725 0086 00       		.byte	0
 726 0087 00       		.byte	0
 727 0088 0B       		.uleb128 0xb
 728 0089 01       		.uleb128 0x1
 729 008a 01       		.byte	0x1
 730 008b 49       		.uleb128 0x49
 731 008c 13       		.uleb128 0x13
 732 008d 01       		.uleb128 0x1
 733 008e 13       		.uleb128 0x13
 734 008f 00       		.byte	0
 735 0090 00       		.byte	0
 736 0091 0C       		.uleb128 0xc
 737 0092 21       		.uleb128 0x21
 738 0093 00       		.byte	0
 739 0094 49       		.uleb128 0x49
 740 0095 13       		.uleb128 0x13
 741 0096 2F       		.uleb128 0x2f
 742 0097 0B       		.uleb128 0xb
 743 0098 00       		.byte	0
 744 0099 00       		.byte	0
 745 009a 0D       		.uleb128 0xd
 746 009b 34       		.uleb128 0x34
 747 009c 00       		.byte	0
 748 009d 03       		.uleb128 0x3
 749 009e 0E       		.uleb128 0xe
 750 009f 3A       		.uleb128 0x3a
 751 00a0 0B       		.uleb128 0xb
 752 00a1 3B       		.uleb128 0x3b
 753 00a2 0B       		.uleb128 0xb
 754 00a3 49       		.uleb128 0x49
 755 00a4 13       		.uleb128 0x13
 756 00a5 3F       		.uleb128 0x3f
 757 00a6 19       		.uleb128 0x19
 758 00a7 02       		.uleb128 0x2
 759 00a8 18       		.uleb128 0x18
 760 00a9 00       		.byte	0
 761 00aa 00       		.byte	0
 762 00ab 0E       		.uleb128 0xe
 763 00ac 34       		.uleb128 0x34
 764 00ad 00       		.byte	0
 765 00ae 03       		.uleb128 0x3
 766 00af 0E       		.uleb128 0xe
 767 00b0 3A       		.uleb128 0x3a
 768 00b1 0B       		.uleb128 0xb
 769 00b2 3B       		.uleb128 0x3b
 770 00b3 05       		.uleb128 0x5
 771 00b4 49       		.uleb128 0x49
 772 00b5 13       		.uleb128 0x13
 773 00b6 3F       		.uleb128 0x3f
ARM GAS  C:\Users\Windows\AppData\Local\Temp\ccBB4JHN.s 			page 16


 774 00b7 19       		.uleb128 0x19
 775 00b8 3C       		.uleb128 0x3c
 776 00b9 19       		.uleb128 0x19
 777 00ba 00       		.byte	0
 778 00bb 00       		.byte	0
 779 00bc 0F       		.uleb128 0xf
 780 00bd 34       		.uleb128 0x34
 781 00be 00       		.byte	0
 782 00bf 03       		.uleb128 0x3
 783 00c0 08       		.uleb128 0x8
 784 00c1 3A       		.uleb128 0x3a
 785 00c2 0B       		.uleb128 0xb
 786 00c3 3B       		.uleb128 0x3b
 787 00c4 0B       		.uleb128 0xb
 788 00c5 49       		.uleb128 0x49
 789 00c6 13       		.uleb128 0x13
 790 00c7 3F       		.uleb128 0x3f
 791 00c8 19       		.uleb128 0x19
 792 00c9 02       		.uleb128 0x2
 793 00ca 18       		.uleb128 0x18
 794 00cb 00       		.byte	0
 795 00cc 00       		.byte	0
 796 00cd 10       		.uleb128 0x10
 797 00ce 2E       		.uleb128 0x2e
 798 00cf 00       		.byte	0
 799 00d0 3F       		.uleb128 0x3f
 800 00d1 19       		.uleb128 0x19
 801 00d2 3C       		.uleb128 0x3c
 802 00d3 19       		.uleb128 0x19
 803 00d4 6E       		.uleb128 0x6e
 804 00d5 0E       		.uleb128 0xe
 805 00d6 03       		.uleb128 0x3
 806 00d7 0E       		.uleb128 0xe
 807 00d8 3A       		.uleb128 0x3a
 808 00d9 0B       		.uleb128 0xb
 809 00da 3B       		.uleb128 0x3b
 810 00db 0B       		.uleb128 0xb
 811 00dc 00       		.byte	0
 812 00dd 00       		.byte	0
 813 00de 00       		.byte	0
 814              		.section	.debug_aranges,"",%progbits
 815 0000 1C000000 		.4byte	0x1c
 816 0004 0200     		.2byte	0x2
 817 0006 00000000 		.4byte	.Ldebug_info0
 818 000a 04       		.byte	0x4
 819 000b 00       		.byte	0
 820 000c 0000     		.2byte	0
 821 000e 0000     		.2byte	0
 822 0010 00000000 		.4byte	.LFB64
 823 0014 58010000 		.4byte	.LFE64-.LFB64
 824 0018 00000000 		.4byte	0
 825 001c 00000000 		.4byte	0
 826              		.section	.debug_ranges,"",%progbits
 827              	.Ldebug_ranges0:
 828 0000 00000000 		.4byte	.LFB64
 829 0004 58010000 		.4byte	.LFE64
 830 0008 00000000 		.4byte	0
ARM GAS  C:\Users\Windows\AppData\Local\Temp\ccBB4JHN.s 			page 17


 831 000c 00000000 		.4byte	0
 832              		.section	.debug_line,"",%progbits
 833              	.Ldebug_line0:
 834 0000 2B020000 		.section	.debug_str,"MS",%progbits,1
 834      02009701 
 834      00000201 
 834      FB0E0D00 
 834      01010101 
 835              	.LASF38:
 836 0000 496E7465 		.ascii	"Interrupt_Routines.c\000"
 836      72727570 
 836      745F526F 
 836      7574696E 
 836      65732E63 
 837              	.LASF4:
 838 0015 5F5F7569 		.ascii	"__uint8_t\000"
 838      6E74385F 
 838      7400
 839              	.LASF29:
 840 001f 76616C75 		.ascii	"value_read1\000"
 840      655F7265 
 840      61643100 
 841              	.LASF40:
 842 002b 43757374 		.ascii	"Custom_ISR_ADC\000"
 842      6F6D5F49 
 842      53525F41 
 842      444300
 843              	.LASF5:
 844 003a 5F5F696E 		.ascii	"__int32_t\000"
 844      7433325F 
 844      7400
 845              	.LASF25:
 846 0044 6C65645F 		.ascii	"led_status\000"
 846      73746174 
 846      757300
 847              	.LASF34:
 848 004f 54696D65 		.ascii	"Timer_ReadStatusRegister\000"
 848      725F5265 
 848      61645374 
 848      61747573 
 848      52656769 
 849              	.LASF3:
 850 0068 73686F72 		.ascii	"short unsigned int\000"
 850      7420756E 
 850      7369676E 
 850      65642069 
 850      6E7400
 851              	.LASF36:
 852 007b 4144435F 		.ascii	"ADC_DelSig_Read32\000"
 852      44656C53 
 852      69675F52 
 852      65616433 
 852      3200
 853              	.LASF39:
 854 008d 433A5C55 		.ascii	"C:\\Users\\Windows\\Desktop\\Magistrale\\II_primo_s"
 854      73657273 
 854      5C57696E 
ARM GAS  C:\Users\Windows\AppData\Local\Temp\ccBB4JHN.s 			page 18


 854      646F7773 
 854      5C446573 
 855 00bb 656D6573 		.ascii	"emestre\\Project  Lab Sens\\AY2223_I_Project-3\\PSO"
 855      7472655C 
 855      50726F6A 
 855      65637420 
 855      204C6162 
 856 00eb 435C5072 		.ascii	"C\\Project3!_Copy_01.cydsn\000"
 856      6F6A6563 
 856      7433215F 
 856      436F7079 
 856      5F30312E 
 857              	.LASF16:
 858 0105 666C6F61 		.ascii	"float\000"
 858      7400
 859              	.LASF33:
 860 010b 72656365 		.ascii	"received_char\000"
 860      69766564 
 860      5F636861 
 860      7200
 861              	.LASF28:
 862 0119 76616C75 		.ascii	"value_digit1\000"
 862      655F6469 
 862      67697431 
 862      00
 863              	.LASF1:
 864 0126 756E7369 		.ascii	"unsigned char\000"
 864      676E6564 
 864      20636861 
 864      7200
 865              	.LASF37:
 866 0134 474E5520 		.ascii	"GNU C11 5.4.1 20160609 (release) [ARM/embedded-5-br"
 866      43313120 
 866      352E342E 
 866      31203230 
 866      31363036 
 867 0167 616E6368 		.ascii	"anch revision 237715] -mcpu=cortex-m3 -mthumb -g -O"
 867      20726576 
 867      6973696F 
 867      6E203233 
 867      37373135 
 868 019a 67202D66 		.ascii	"g -ffunction-sections -ffat-lto-objects\000"
 868      66756E63 
 868      74696F6E 
 868      2D736563 
 868      74696F6E 
 869              	.LASF22:
 870 01c2 44617461 		.ascii	"DataBuffer1\000"
 870      42756666 
 870      65723100 
 871              	.LASF7:
 872 01ce 6C6F6E67 		.ascii	"long unsigned int\000"
 872      20756E73 
 872      69676E65 
 872      6420696E 
 872      7400
 873              	.LASF15:
ARM GAS  C:\Users\Windows\AppData\Local\Temp\ccBB4JHN.s 			page 19


 874 01e0 696E7433 		.ascii	"int32\000"
 874      3200
 875              	.LASF26:
 876 01e6 49544D5F 		.ascii	"ITM_RxBuffer\000"
 876      52784275 
 876      66666572 
 876      00
 877              	.LASF30:
 878 01f3 76616C75 		.ascii	"value_read\000"
 878      655F7265 
 878      616400
 879              	.LASF17:
 880 01fe 646F7562 		.ascii	"double\000"
 880      6C6500
 881              	.LASF35:
 882 0205 414D7578 		.ascii	"AMux_Select\000"
 882      5F53656C 
 882      65637400 
 883              	.LASF14:
 884 0211 696E7438 		.ascii	"int8\000"
 884      00
 885              	.LASF10:
 886 0216 756E7369 		.ascii	"unsigned int\000"
 886      676E6564 
 886      20696E74 
 886      00
 887              	.LASF9:
 888 0223 6C6F6E67 		.ascii	"long long unsigned int\000"
 888      206C6F6E 
 888      6720756E 
 888      7369676E 
 888      65642069 
 889              	.LASF11:
 890 023a 75696E74 		.ascii	"uint8_t\000"
 890      385F7400 
 891              	.LASF12:
 892 0242 696E7433 		.ascii	"int32_t\000"
 892      325F7400 
 893              	.LASF20:
 894 024a 73697A65 		.ascii	"sizetype\000"
 894      74797065 
 894      00
 895              	.LASF24:
 896 0253 5061636B 		.ascii	"PacketReadyFlag1\000"
 896      65745265 
 896      61647946 
 896      6C616731 
 896      00
 897              	.LASF8:
 898 0264 6C6F6E67 		.ascii	"long long int\000"
 898      206C6F6E 
 898      6720696E 
 898      7400
 899              	.LASF18:
 900 0272 63686172 		.ascii	"char\000"
 900      00
 901              	.LASF21:
ARM GAS  C:\Users\Windows\AppData\Local\Temp\ccBB4JHN.s 			page 20


 902 0277 44617461 		.ascii	"DataBuffer\000"
 902      42756666 
 902      657200
 903              	.LASF32:
 904 0282 636F756E 		.ascii	"count\000"
 904      7400
 905              	.LASF2:
 906 0288 73686F72 		.ascii	"short int\000"
 906      7420696E 
 906      7400
 907              	.LASF31:
 908 0292 636F6469 		.ascii	"codifica\000"
 908      66696361 
 908      00
 909              	.LASF23:
 910 029b 5061636B 		.ascii	"PacketReadyFlag\000"
 910      65745265 
 910      61647946 
 910      6C616700 
 911              	.LASF13:
 912 02ab 75696E74 		.ascii	"uint8\000"
 912      3800
 913              	.LASF6:
 914 02b1 6C6F6E67 		.ascii	"long int\000"
 914      20696E74 
 914      00
 915              	.LASF27:
 916 02ba 76616C75 		.ascii	"value_digit\000"
 916      655F6469 
 916      67697400 
 917              	.LASF19:
 918 02c6 6C6F6E67 		.ascii	"long double\000"
 918      20646F75 
 918      626C6500 
 919              	.LASF0:
 920 02d2 7369676E 		.ascii	"signed char\000"
 920      65642063 
 920      68617200 
 921              		.ident	"GCC: (GNU Tools for ARM Embedded Processors) 5.4.1 20160609 (release) [ARM/embedded-5-bran
