ARM GAS  C:\Users\feder\AppData\Local\Temp\ccrZpV8u.s 			page 1


   1              		.syntax unified
   2              		.cpu cortex-m3
   3              		.fpu softvfp
   4              		.eabi_attribute 20, 1
   5              		.eabi_attribute 21, 1
   6              		.eabi_attribute 23, 3
   7              		.eabi_attribute 24, 1
   8              		.eabi_attribute 25, 1
   9              		.eabi_attribute 26, 1
  10              		.eabi_attribute 30, 1
  11              		.eabi_attribute 34, 1
  12              		.eabi_attribute 18, 4
  13              		.thumb
  14              		.syntax unified
  15              		.file	"main.c"
  16              		.text
  17              	.Ltext0:
  18              		.cfi_sections	.debug_frame
  19              		.section	.text.main,"ax",%progbits
  20              		.align	2
  21              		.global	main
  22              		.thumb
  23              		.thumb_func
  24              		.type	main, %function
  25              	main:
  26              	.LFB64:
  27              		.file 1 "main.c"
   1:main.c        **** /* ========================================
   2:main.c        ****  *
   3:main.c        ****  * Copyright YOUR COMPANY, THE YEAR
   4:main.c        ****  * All Rights Reserved
   5:main.c        ****  * UNPUBLISHED, LICENSED SOFTWARE.
   6:main.c        ****  *
   7:main.c        ****  * CONFIDENTIAL AND PROPRIETARY INFORMATION
   8:main.c        ****  * WHICH IS THE PROPERTY OF your company.
   9:main.c        ****  *
  10:main.c        ****  * ========================================
  11:main.c        **** */
  12:main.c        **** #include "project.h"
  13:main.c        **** #include "stdio.h"
  14:main.c        **** #include "Interrupt_Routines.h"
  15:main.c        **** 
  16:main.c        **** #define LED_ON 1
  17:main.c        **** #define LED_OFF 0
  18:main.c        **** 
  19:main.c        **** 
  20:main.c        **** char Received = 'N';
  21:main.c        **** 
  22:main.c        **** int main(void)
  23:main.c        **** {
  28              		.loc 1 23 0
  29              		.cfi_startproc
  30              		@ args = 0, pretend = 0, frame = 0
  31              		@ frame_needed = 0, uses_anonymous_args = 0
  32 0000 10B5     		push	{r4, lr}
  33              		.cfi_def_cfa_offset 8
  34              		.cfi_offset 4, -8
ARM GAS  C:\Users\feder\AppData\Local\Temp\ccrZpV8u.s 			page 2


  35              		.cfi_offset 14, -4
  24:main.c        ****     CyGlobalIntEnable; /* Enable global interrupts. */
  36              		.loc 1 24 0
  37              		.syntax unified
  38              	@ 24 "main.c" 1
  39 0002 62B6     		CPSIE   i
  40              	@ 0 "" 2
  25:main.c        **** 
  26:main.c        ****     /* Place your initialization/startup code here (e.g. MyInst_Start()) */
  27:main.c        ****     ADC_DelSig_Start();
  41              		.loc 1 27 0
  42              		.thumb
  43              		.syntax unified
  44 0004 FFF7FEFF 		bl	ADC_DelSig_Start
  45              	.LVL0:
  28:main.c        ****     UART_Start();
  46              		.loc 1 28 0
  47 0008 FFF7FEFF 		bl	UART_Start
  48              	.LVL1:
  29:main.c        ****     UART_BT_Start();
  49              		.loc 1 29 0
  50 000c FFF7FEFF 		bl	UART_BT_Start
  51              	.LVL2:
  30:main.c        ****     Timer_Start();
  52              		.loc 1 30 0
  53 0010 FFF7FEFF 		bl	Timer_Start
  54              	.LVL3:
  31:main.c        ****     isr_ADC_StartEx(Custom_ISR_ADC);
  55              		.loc 1 31 0
  56 0014 1B48     		ldr	r0, .L9
  57 0016 FFF7FEFF 		bl	isr_ADC_StartEx
  58              	.LVL4:
  32:main.c        ****     //Initialize send flag
  33:main.c        ****     PacketReadyFlag = 0;
  59              		.loc 1 33 0
  60 001a 0024     		movs	r4, #0
  61 001c 1A4B     		ldr	r3, .L9+4
  62 001e 1C70     		strb	r4, [r3]
  34:main.c        ****     PacketReadyFlag1 = 0;
  63              		.loc 1 34 0
  64 0020 1A4B     		ldr	r3, .L9+8
  65 0022 1C70     		strb	r4, [r3]
  35:main.c        ****     //Start the ADC conversion
  36:main.c        ****     ADC_DelSig_StartConvert();
  66              		.loc 1 36 0
  67 0024 FFF7FEFF 		bl	ADC_DelSig_StartConvert
  68              	.LVL5:
  37:main.c        ****     
  38:main.c        ****     //Mux Start
  39:main.c        ****     AMux_Start();
  69              		.loc 1 39 0
  70 0028 FFF7FEFF 		bl	AMux_Start
  71              	.LVL6:
  40:main.c        ****     
  41:main.c        ****     DataBuffer[0] = 0xA0;
  72              		.loc 1 41 0
  73 002c 184B     		ldr	r3, .L9+12
ARM GAS  C:\Users\feder\AppData\Local\Temp\ccrZpV8u.s 			page 3


  74 002e A022     		movs	r2, #160
  75 0030 1A70     		strb	r2, [r3]
  42:main.c        ****     DataBuffer[TRANSMIT_BUFFER_SIZE-1] = 0xC0;
  76              		.loc 1 42 0
  77 0032 C022     		movs	r2, #192
  78 0034 5A72     		strb	r2, [r3, #9]
  43:main.c        ****     DataBuffer1[0] = 0xAA;
  79              		.loc 1 43 0
  80 0036 174B     		ldr	r3, .L9+16
  81 0038 AA22     		movs	r2, #170
  82 003a 1A70     		strb	r2, [r3]
  44:main.c        ****     DataBuffer1[TRANSMIT_BUFFER_SIZE-1] = 0xFF;
  83              		.loc 1 44 0
  84 003c FF22     		movs	r2, #255
  85 003e 5A72     		strb	r2, [r3, #9]
  45:main.c        ****     led_status = LED_OFF;
  86              		.loc 1 45 0
  87 0040 154B     		ldr	r3, .L9+20
  88 0042 1C70     		strb	r4, [r3]
  89              	.L5:
  46:main.c        ****     
  47:main.c        ****     for(;;)
  48:main.c        ****     {
  49:main.c        ****         /* Place your application code here. */
  50:main.c        ****         /*if(led_status == LED_OFF)
  51:main.c        ****         {
  52:main.c        ****             Pin_LED_Write(LED_ON);
  53:main.c        ****             CyDelay(500);
  54:main.c        ****             Pin_LED_Write(LED_OFF);
  55:main.c        ****             CyDelay(500);
  56:main.c        ****         }
  57:main.c        ****         else
  58:main.c        ****         {
  59:main.c        ****             Pin_LED_Write(LED_ON);
  60:main.c        ****         }
  61:main.c        ****     
  62:main.c        ****       
  63:main.c        ****        if(led_status == LED_ON){
  64:main.c        ****         */
  65:main.c        ****        if ( PacketReadyFlag==1){
  90              		.loc 1 65 0
  91 0044 104B     		ldr	r3, .L9+4
  92 0046 1B78     		ldrb	r3, [r3]	@ zero_extendqisi2
  93 0048 DBB2     		uxtb	r3, r3
  94 004a 012B     		cmp	r3, #1
  95 004c 0DD1     		bne	.L3
  96 004e 06E0     		b	.L7
  97              	.LVL7:
  98              	.L4:
  99              	.LBB2:
  66:main.c        ****          //Send data
  67:main.c        ****             for(int8 i=0; i<2; i++){
  68:main.c        ****              //comunicazione con BT
  69:main.c        ****              UART_BT_PutArray(DataBuffer, TRANSMIT_BUFFER_SIZE );
 100              		.loc 1 69 0 discriminator 3
 101 0050 0A21     		movs	r1, #10
 102 0052 0F48     		ldr	r0, .L9+12
ARM GAS  C:\Users\feder\AppData\Local\Temp\ccrZpV8u.s 			page 4


 103 0054 FFF7FEFF 		bl	UART_BT_PutArray
 104              	.LVL8:
  67:main.c        ****              //comunicazione con BT
 105              		.loc 1 67 0 discriminator 3
 106 0058 0134     		adds	r4, r4, #1
 107              	.LVL9:
 108 005a 64B2     		sxtb	r4, r4
 109              	.LVL10:
 110 005c 00E0     		b	.L2
 111              	.LVL11:
 112              	.L7:
 113              	.LBE2:
 114 005e 0024     		movs	r4, #0
 115              	.L2:
 116              	.LVL12:
 117              	.LBB3:
  67:main.c        ****              //comunicazione con BT
 118              		.loc 1 67 0 is_stmt 0 discriminator 1
 119 0060 012C     		cmp	r4, #1
 120 0062 F5DD     		ble	.L4
 121              	.LBE3:
  70:main.c        ****              //comunicazione UART
  71:main.c        ****              //UART_PutArray(DataBuffer, TRANSMIT_BUFFER_SIZE );
  72:main.c        ****             }
  73:main.c        ****         PacketReadyFlag=0;
 122              		.loc 1 73 0 is_stmt 1
 123 0064 0022     		movs	r2, #0
 124 0066 084B     		ldr	r3, .L9+4
 125 0068 1A70     		strb	r2, [r3]
 126              	.LVL13:
 127              	.L3:
  74:main.c        ****         } if(PacketReadyFlag1==1){
 128              		.loc 1 74 0
 129 006a 084B     		ldr	r3, .L9+8
 130 006c 1B78     		ldrb	r3, [r3]	@ zero_extendqisi2
 131 006e DBB2     		uxtb	r3, r3
 132 0070 012B     		cmp	r3, #1
 133 0072 E7D1     		bne	.L5
  75:main.c        ****             //comunicazione con BT
  76:main.c        ****              UART_BT_PutArray(DataBuffer1, TRANSMIT_BUFFER_SIZE);
 134              		.loc 1 76 0
 135 0074 0A21     		movs	r1, #10
 136 0076 0748     		ldr	r0, .L9+16
 137 0078 FFF7FEFF 		bl	UART_BT_PutArray
 138              	.LVL14:
  77:main.c        ****              //comunicazione UART
  78:main.c        ****              //UART_PutArray(DataBuffer1, TRANSMIT_BUFFER_SIZE1 );
  79:main.c        ****             PacketReadyFlag1=0;
 139              		.loc 1 79 0
 140 007c 0022     		movs	r2, #0
 141 007e 034B     		ldr	r3, .L9+8
 142 0080 1A70     		strb	r2, [r3]
 143 0082 DFE7     		b	.L5
 144              	.L10:
 145              		.align	2
 146              	.L9:
 147 0084 00000000 		.word	Custom_ISR_ADC
ARM GAS  C:\Users\feder\AppData\Local\Temp\ccrZpV8u.s 			page 5


 148 0088 00000000 		.word	PacketReadyFlag
 149 008c 00000000 		.word	PacketReadyFlag1
 150 0090 00000000 		.word	DataBuffer
 151 0094 00000000 		.word	DataBuffer1
 152 0098 00000000 		.word	led_status
 153              		.cfi_endproc
 154              	.LFE64:
 155              		.size	main, .-main
 156              		.global	Received
 157              		.comm	led_status,1,1
 158              		.comm	PacketReadyFlag1,1,1
 159              		.comm	PacketReadyFlag,1,1
 160              		.comm	DataBuffer1,10,4
 161              		.comm	DataBuffer,10,4
 162              		.data
 163              		.type	Received, %object
 164              		.size	Received, 1
 165              	Received:
 166 0000 4E       		.byte	78
 167              		.text
 168              	.Letext0:
 169              		.file 2 "c:\\program files (x86)\\cypress\\psoc creator\\4.4\\psoc creator\\import\\gnu\\arm\\5.4.
 170              		.file 3 "c:\\program files (x86)\\cypress\\psoc creator\\4.4\\psoc creator\\import\\gnu\\arm\\5.4.
 171              		.file 4 "Generated_Source\\PSoC5/cytypes.h"
 172              		.file 5 "Generated_Source\\PSoC5/core_cm3.h"
 173              		.file 6 "Interrupt_Routines.h"
 174              		.file 7 "Generated_Source\\PSoC5/UART_BT.h"
 175              		.file 8 "Generated_Source\\PSoC5/ADC_DelSig.h"
 176              		.file 9 "Generated_Source\\PSoC5/UART.h"
 177              		.file 10 "Generated_Source\\PSoC5/Timer.h"
 178              		.file 11 "Generated_Source\\PSoC5/isr_ADC.h"
 179              		.file 12 "Generated_Source\\PSoC5/AMux.h"
 180              		.section	.debug_info,"",%progbits
 181              	.Ldebug_info0:
 182 0000 58020000 		.4byte	0x258
 183 0004 0400     		.2byte	0x4
 184 0006 00000000 		.4byte	.Ldebug_abbrev0
 185 000a 04       		.byte	0x4
 186 000b 01       		.uleb128 0x1
 187 000c C1000000 		.4byte	.LASF35
 188 0010 0C       		.byte	0xc
 189 0011 2E020000 		.4byte	.LASF36
 190 0015 28000000 		.4byte	.LASF37
 191 0019 18000000 		.4byte	.Ldebug_ranges0+0x18
 192 001d 00000000 		.4byte	0
 193 0021 00000000 		.4byte	.Ldebug_line0
 194 0025 02       		.uleb128 0x2
 195 0026 01       		.byte	0x1
 196 0027 06       		.byte	0x6
 197 0028 8B020000 		.4byte	.LASF0
 198 002c 03       		.uleb128 0x3
 199 002d 00000000 		.4byte	.LASF4
 200 0031 02       		.byte	0x2
 201 0032 1D       		.byte	0x1d
 202 0033 37000000 		.4byte	0x37
 203 0037 02       		.uleb128 0x2
 204 0038 01       		.byte	0x1
ARM GAS  C:\Users\feder\AppData\Local\Temp\ccrZpV8u.s 			page 6


 205 0039 08       		.byte	0x8
 206 003a B3000000 		.4byte	.LASF1
 207 003e 02       		.uleb128 0x2
 208 003f 02       		.byte	0x2
 209 0040 05       		.byte	0x5
 210 0041 3A020000 		.4byte	.LASF2
 211 0045 02       		.uleb128 0x2
 212 0046 02       		.byte	0x2
 213 0047 07       		.byte	0x7
 214 0048 93000000 		.4byte	.LASF3
 215 004c 03       		.uleb128 0x3
 216 004d 1E000000 		.4byte	.LASF5
 217 0051 02       		.byte	0x2
 218 0052 3F       		.byte	0x3f
 219 0053 57000000 		.4byte	0x57
 220 0057 02       		.uleb128 0x2
 221 0058 04       		.byte	0x4
 222 0059 05       		.byte	0x5
 223 005a 6B020000 		.4byte	.LASF6
 224 005e 02       		.uleb128 0x2
 225 005f 04       		.byte	0x4
 226 0060 07       		.byte	0x7
 227 0061 5B010000 		.4byte	.LASF7
 228 0065 02       		.uleb128 0x2
 229 0066 08       		.byte	0x8
 230 0067 05       		.byte	0x5
 231 0068 20020000 		.4byte	.LASF8
 232 006c 02       		.uleb128 0x2
 233 006d 08       		.byte	0x8
 234 006e 07       		.byte	0x7
 235 006f C7010000 		.4byte	.LASF9
 236 0073 04       		.uleb128 0x4
 237 0074 04       		.byte	0x4
 238 0075 05       		.byte	0x5
 239 0076 696E7400 		.ascii	"int\000"
 240 007a 02       		.uleb128 0x2
 241 007b 04       		.byte	0x4
 242 007c 07       		.byte	0x7
 243 007d BA010000 		.4byte	.LASF10
 244 0081 03       		.uleb128 0x3
 245 0082 DE010000 		.4byte	.LASF11
 246 0086 03       		.byte	0x3
 247 0087 18       		.byte	0x18
 248 0088 2C000000 		.4byte	0x2c
 249 008c 03       		.uleb128 0x3
 250 008d FE010000 		.4byte	.LASF12
 251 0091 03       		.byte	0x3
 252 0092 2C       		.byte	0x2c
 253 0093 4C000000 		.4byte	0x4c
 254 0097 05       		.uleb128 0x5
 255 0098 54020000 		.4byte	.LASF13
 256 009c 04       		.byte	0x4
 257 009d E801     		.2byte	0x1e8
 258 009f 37000000 		.4byte	0x37
 259 00a3 05       		.uleb128 0x5
 260 00a4 A9010000 		.4byte	.LASF14
 261 00a8 04       		.byte	0x4
ARM GAS  C:\Users\feder\AppData\Local\Temp\ccrZpV8u.s 			page 7


 262 00a9 EB01     		.2byte	0x1eb
 263 00ab 25000000 		.4byte	0x25
 264 00af 02       		.uleb128 0x2
 265 00b0 04       		.byte	0x4
 266 00b1 04       		.byte	0x4
 267 00b2 AD000000 		.4byte	.LASF15
 268 00b6 02       		.uleb128 0x2
 269 00b7 08       		.byte	0x8
 270 00b8 04       		.byte	0x4
 271 00b9 A6000000 		.4byte	.LASF16
 272 00bd 02       		.uleb128 0x2
 273 00be 01       		.byte	0x1
 274 00bf 08       		.byte	0x8
 275 00c0 35020000 		.4byte	.LASF17
 276 00c4 06       		.uleb128 0x6
 277 00c5 97000000 		.4byte	0x97
 278 00c9 02       		.uleb128 0x2
 279 00ca 08       		.byte	0x8
 280 00cb 04       		.byte	0x4
 281 00cc 7F020000 		.4byte	.LASF18
 282 00d0 02       		.uleb128 0x2
 283 00d1 04       		.byte	0x4
 284 00d2 07       		.byte	0x7
 285 00d3 06020000 		.4byte	.LASF19
 286 00d7 06       		.uleb128 0x6
 287 00d8 81000000 		.4byte	0x81
 288 00dc 07       		.uleb128 0x7
 289 00dd A4010000 		.4byte	.LASF38
 290 00e1 01       		.byte	0x1
 291 00e2 16       		.byte	0x16
 292 00e3 73000000 		.4byte	0x73
 293 00e7 00000000 		.4byte	.LFB64
 294 00eb 9C000000 		.4byte	.LFE64-.LFB64
 295 00ef 01       		.uleb128 0x1
 296 00f0 9C       		.byte	0x9c
 297 00f1 7C010000 		.4byte	0x17c
 298 00f5 08       		.uleb128 0x8
 299 00f6 00000000 		.4byte	.Ldebug_ranges0+0
 300 00fa 24010000 		.4byte	0x124
 301 00fe 09       		.uleb128 0x9
 302 00ff 6900     		.ascii	"i\000"
 303 0101 01       		.byte	0x1
 304 0102 43       		.byte	0x43
 305 0103 A3000000 		.4byte	0xa3
 306 0107 00000000 		.4byte	.LLST0
 307 010b 0A       		.uleb128 0xa
 308 010c 58000000 		.4byte	.LVL8
 309 0110 03020000 		.4byte	0x203
 310 0114 0B       		.uleb128 0xb
 311 0115 01       		.uleb128 0x1
 312 0116 50       		.byte	0x50
 313 0117 05       		.uleb128 0x5
 314 0118 03       		.byte	0x3
 315 0119 00000000 		.4byte	DataBuffer
 316 011d 0B       		.uleb128 0xb
 317 011e 01       		.uleb128 0x1
 318 011f 51       		.byte	0x51
ARM GAS  C:\Users\feder\AppData\Local\Temp\ccrZpV8u.s 			page 8


 319 0120 01       		.uleb128 0x1
 320 0121 3A       		.byte	0x3a
 321 0122 00       		.byte	0
 322 0123 00       		.byte	0
 323 0124 0C       		.uleb128 0xc
 324 0125 08000000 		.4byte	.LVL0
 325 0129 0E020000 		.4byte	0x20e
 326 012d 0C       		.uleb128 0xc
 327 012e 0C000000 		.4byte	.LVL1
 328 0132 19020000 		.4byte	0x219
 329 0136 0C       		.uleb128 0xc
 330 0137 10000000 		.4byte	.LVL2
 331 013b 24020000 		.4byte	0x224
 332 013f 0C       		.uleb128 0xc
 333 0140 14000000 		.4byte	.LVL3
 334 0144 2F020000 		.4byte	0x22f
 335 0148 0C       		.uleb128 0xc
 336 0149 1A000000 		.4byte	.LVL4
 337 014d 3A020000 		.4byte	0x23a
 338 0151 0C       		.uleb128 0xc
 339 0152 28000000 		.4byte	.LVL5
 340 0156 45020000 		.4byte	0x245
 341 015a 0C       		.uleb128 0xc
 342 015b 2C000000 		.4byte	.LVL6
 343 015f 50020000 		.4byte	0x250
 344 0163 0A       		.uleb128 0xa
 345 0164 7C000000 		.4byte	.LVL14
 346 0168 03020000 		.4byte	0x203
 347 016c 0B       		.uleb128 0xb
 348 016d 01       		.uleb128 0x1
 349 016e 50       		.byte	0x50
 350 016f 05       		.uleb128 0x5
 351 0170 03       		.byte	0x3
 352 0171 00000000 		.4byte	DataBuffer1
 353 0175 0B       		.uleb128 0xb
 354 0176 01       		.uleb128 0x1
 355 0177 51       		.byte	0x51
 356 0178 01       		.uleb128 0x1
 357 0179 3A       		.byte	0x3a
 358 017a 00       		.byte	0
 359 017b 00       		.byte	0
 360 017c 0D       		.uleb128 0xd
 361 017d 86010000 		.4byte	.LASF20
 362 0181 05       		.byte	0x5
 363 0182 1207     		.2byte	0x712
 364 0184 88010000 		.4byte	0x188
 365 0188 06       		.uleb128 0x6
 366 0189 8C000000 		.4byte	0x8c
 367 018d 0E       		.uleb128 0xe
 368 018e 97000000 		.4byte	0x97
 369 0192 9D010000 		.4byte	0x19d
 370 0196 0F       		.uleb128 0xf
 371 0197 D0000000 		.4byte	0xd0
 372 019b 09       		.byte	0x9
 373 019c 00       		.byte	0
 374 019d 10       		.uleb128 0x10
 375 019e 74020000 		.4byte	.LASF21
ARM GAS  C:\Users\feder\AppData\Local\Temp\ccrZpV8u.s 			page 9


 376 01a2 06       		.byte	0x6
 377 01a3 19       		.byte	0x19
 378 01a4 8D010000 		.4byte	0x18d
 379 01a8 05       		.uleb128 0x5
 380 01a9 03       		.byte	0x3
 381 01aa 00000000 		.4byte	DataBuffer
 382 01ae 10       		.uleb128 0x10
 383 01af 4F010000 		.4byte	.LASF22
 384 01b3 06       		.byte	0x6
 385 01b4 1A       		.byte	0x1a
 386 01b5 8D010000 		.4byte	0x18d
 387 01b9 05       		.uleb128 0x5
 388 01ba 03       		.byte	0x3
 389 01bb 00000000 		.4byte	DataBuffer1
 390 01bf 10       		.uleb128 0x10
 391 01c0 44020000 		.4byte	.LASF23
 392 01c4 06       		.byte	0x6
 393 01c5 1B       		.byte	0x1b
 394 01c6 C4000000 		.4byte	0xc4
 395 01ca 05       		.uleb128 0x5
 396 01cb 03       		.byte	0x3
 397 01cc 00000000 		.4byte	PacketReadyFlag
 398 01d0 10       		.uleb128 0x10
 399 01d1 0F020000 		.4byte	.LASF24
 400 01d5 06       		.byte	0x6
 401 01d6 1C       		.byte	0x1c
 402 01d7 C4000000 		.4byte	0xc4
 403 01db 05       		.uleb128 0x5
 404 01dc 03       		.byte	0x3
 405 01dd 00000000 		.4byte	PacketReadyFlag1
 406 01e1 10       		.uleb128 0x10
 407 01e2 88000000 		.4byte	.LASF25
 408 01e6 06       		.byte	0x6
 409 01e7 1D       		.byte	0x1d
 410 01e8 D7000000 		.4byte	0xd7
 411 01ec 05       		.uleb128 0x5
 412 01ed 03       		.byte	0x3
 413 01ee 00000000 		.4byte	led_status
 414 01f2 10       		.uleb128 0x10
 415 01f3 0A000000 		.4byte	.LASF26
 416 01f7 01       		.byte	0x1
 417 01f8 14       		.byte	0x14
 418 01f9 BD000000 		.4byte	0xbd
 419 01fd 05       		.uleb128 0x5
 420 01fe 03       		.byte	0x3
 421 01ff 00000000 		.4byte	Received
 422 0203 11       		.uleb128 0x11
 423 0204 93010000 		.4byte	.LASF27
 424 0208 93010000 		.4byte	.LASF27
 425 020c 07       		.byte	0x7
 426 020d 8C       		.byte	0x8c
 427 020e 11       		.uleb128 0x11
 428 020f 5A020000 		.4byte	.LASF28
 429 0213 5A020000 		.4byte	.LASF28
 430 0217 08       		.byte	0x8
 431 0218 3A       		.byte	0x3a
 432 0219 11       		.uleb128 0x11
ARM GAS  C:\Users\feder\AppData\Local\Temp\ccrZpV8u.s 			page 10


 433 021a 7B010000 		.4byte	.LASF29
 434 021e 7B010000 		.4byte	.LASF29
 435 0222 09       		.byte	0x9
 436 0223 54       		.byte	0x54
 437 0224 11       		.uleb128 0x11
 438 0225 6D010000 		.4byte	.LASF30
 439 0229 6D010000 		.4byte	.LASF30
 440 022d 07       		.byte	0x7
 441 022e 54       		.byte	0x54
 442 022f 11       		.uleb128 0x11
 443 0230 AE010000 		.4byte	.LASF31
 444 0234 AE010000 		.4byte	.LASF31
 445 0238 0A       		.byte	0xa
 446 0239 5A       		.byte	0x5a
 447 023a 11       		.uleb128 0x11
 448 023b 97020000 		.4byte	.LASF32
 449 023f 97020000 		.4byte	.LASF32
 450 0243 0B       		.byte	0xb
 451 0244 18       		.byte	0x18
 452 0245 11       		.uleb128 0x11
 453 0246 E6010000 		.4byte	.LASF33
 454 024a E6010000 		.4byte	.LASF33
 455 024e 08       		.byte	0x8
 456 024f 3D       		.byte	0x3d
 457 0250 11       		.uleb128 0x11
 458 0251 13000000 		.4byte	.LASF34
 459 0255 13000000 		.4byte	.LASF34
 460 0259 0C       		.byte	0xc
 461 025a 25       		.byte	0x25
 462 025b 00       		.byte	0
 463              		.section	.debug_abbrev,"",%progbits
 464              	.Ldebug_abbrev0:
 465 0000 01       		.uleb128 0x1
 466 0001 11       		.uleb128 0x11
 467 0002 01       		.byte	0x1
 468 0003 25       		.uleb128 0x25
 469 0004 0E       		.uleb128 0xe
 470 0005 13       		.uleb128 0x13
 471 0006 0B       		.uleb128 0xb
 472 0007 03       		.uleb128 0x3
 473 0008 0E       		.uleb128 0xe
 474 0009 1B       		.uleb128 0x1b
 475 000a 0E       		.uleb128 0xe
 476 000b 55       		.uleb128 0x55
 477 000c 17       		.uleb128 0x17
 478 000d 11       		.uleb128 0x11
 479 000e 01       		.uleb128 0x1
 480 000f 10       		.uleb128 0x10
 481 0010 17       		.uleb128 0x17
 482 0011 00       		.byte	0
 483 0012 00       		.byte	0
 484 0013 02       		.uleb128 0x2
 485 0014 24       		.uleb128 0x24
 486 0015 00       		.byte	0
 487 0016 0B       		.uleb128 0xb
 488 0017 0B       		.uleb128 0xb
 489 0018 3E       		.uleb128 0x3e
ARM GAS  C:\Users\feder\AppData\Local\Temp\ccrZpV8u.s 			page 11


 490 0019 0B       		.uleb128 0xb
 491 001a 03       		.uleb128 0x3
 492 001b 0E       		.uleb128 0xe
 493 001c 00       		.byte	0
 494 001d 00       		.byte	0
 495 001e 03       		.uleb128 0x3
 496 001f 16       		.uleb128 0x16
 497 0020 00       		.byte	0
 498 0021 03       		.uleb128 0x3
 499 0022 0E       		.uleb128 0xe
 500 0023 3A       		.uleb128 0x3a
 501 0024 0B       		.uleb128 0xb
 502 0025 3B       		.uleb128 0x3b
 503 0026 0B       		.uleb128 0xb
 504 0027 49       		.uleb128 0x49
 505 0028 13       		.uleb128 0x13
 506 0029 00       		.byte	0
 507 002a 00       		.byte	0
 508 002b 04       		.uleb128 0x4
 509 002c 24       		.uleb128 0x24
 510 002d 00       		.byte	0
 511 002e 0B       		.uleb128 0xb
 512 002f 0B       		.uleb128 0xb
 513 0030 3E       		.uleb128 0x3e
 514 0031 0B       		.uleb128 0xb
 515 0032 03       		.uleb128 0x3
 516 0033 08       		.uleb128 0x8
 517 0034 00       		.byte	0
 518 0035 00       		.byte	0
 519 0036 05       		.uleb128 0x5
 520 0037 16       		.uleb128 0x16
 521 0038 00       		.byte	0
 522 0039 03       		.uleb128 0x3
 523 003a 0E       		.uleb128 0xe
 524 003b 3A       		.uleb128 0x3a
 525 003c 0B       		.uleb128 0xb
 526 003d 3B       		.uleb128 0x3b
 527 003e 05       		.uleb128 0x5
 528 003f 49       		.uleb128 0x49
 529 0040 13       		.uleb128 0x13
 530 0041 00       		.byte	0
 531 0042 00       		.byte	0
 532 0043 06       		.uleb128 0x6
 533 0044 35       		.uleb128 0x35
 534 0045 00       		.byte	0
 535 0046 49       		.uleb128 0x49
 536 0047 13       		.uleb128 0x13
 537 0048 00       		.byte	0
 538 0049 00       		.byte	0
 539 004a 07       		.uleb128 0x7
 540 004b 2E       		.uleb128 0x2e
 541 004c 01       		.byte	0x1
 542 004d 3F       		.uleb128 0x3f
 543 004e 19       		.uleb128 0x19
 544 004f 03       		.uleb128 0x3
 545 0050 0E       		.uleb128 0xe
 546 0051 3A       		.uleb128 0x3a
ARM GAS  C:\Users\feder\AppData\Local\Temp\ccrZpV8u.s 			page 12


 547 0052 0B       		.uleb128 0xb
 548 0053 3B       		.uleb128 0x3b
 549 0054 0B       		.uleb128 0xb
 550 0055 27       		.uleb128 0x27
 551 0056 19       		.uleb128 0x19
 552 0057 49       		.uleb128 0x49
 553 0058 13       		.uleb128 0x13
 554 0059 8701     		.uleb128 0x87
 555 005b 19       		.uleb128 0x19
 556 005c 11       		.uleb128 0x11
 557 005d 01       		.uleb128 0x1
 558 005e 12       		.uleb128 0x12
 559 005f 06       		.uleb128 0x6
 560 0060 40       		.uleb128 0x40
 561 0061 18       		.uleb128 0x18
 562 0062 9742     		.uleb128 0x2117
 563 0064 19       		.uleb128 0x19
 564 0065 01       		.uleb128 0x1
 565 0066 13       		.uleb128 0x13
 566 0067 00       		.byte	0
 567 0068 00       		.byte	0
 568 0069 08       		.uleb128 0x8
 569 006a 0B       		.uleb128 0xb
 570 006b 01       		.byte	0x1
 571 006c 55       		.uleb128 0x55
 572 006d 17       		.uleb128 0x17
 573 006e 01       		.uleb128 0x1
 574 006f 13       		.uleb128 0x13
 575 0070 00       		.byte	0
 576 0071 00       		.byte	0
 577 0072 09       		.uleb128 0x9
 578 0073 34       		.uleb128 0x34
 579 0074 00       		.byte	0
 580 0075 03       		.uleb128 0x3
 581 0076 08       		.uleb128 0x8
 582 0077 3A       		.uleb128 0x3a
 583 0078 0B       		.uleb128 0xb
 584 0079 3B       		.uleb128 0x3b
 585 007a 0B       		.uleb128 0xb
 586 007b 49       		.uleb128 0x49
 587 007c 13       		.uleb128 0x13
 588 007d 02       		.uleb128 0x2
 589 007e 17       		.uleb128 0x17
 590 007f 00       		.byte	0
 591 0080 00       		.byte	0
 592 0081 0A       		.uleb128 0xa
 593 0082 898201   		.uleb128 0x4109
 594 0085 01       		.byte	0x1
 595 0086 11       		.uleb128 0x11
 596 0087 01       		.uleb128 0x1
 597 0088 31       		.uleb128 0x31
 598 0089 13       		.uleb128 0x13
 599 008a 00       		.byte	0
 600 008b 00       		.byte	0
 601 008c 0B       		.uleb128 0xb
 602 008d 8A8201   		.uleb128 0x410a
 603 0090 00       		.byte	0
ARM GAS  C:\Users\feder\AppData\Local\Temp\ccrZpV8u.s 			page 13


 604 0091 02       		.uleb128 0x2
 605 0092 18       		.uleb128 0x18
 606 0093 9142     		.uleb128 0x2111
 607 0095 18       		.uleb128 0x18
 608 0096 00       		.byte	0
 609 0097 00       		.byte	0
 610 0098 0C       		.uleb128 0xc
 611 0099 898201   		.uleb128 0x4109
 612 009c 00       		.byte	0
 613 009d 11       		.uleb128 0x11
 614 009e 01       		.uleb128 0x1
 615 009f 31       		.uleb128 0x31
 616 00a0 13       		.uleb128 0x13
 617 00a1 00       		.byte	0
 618 00a2 00       		.byte	0
 619 00a3 0D       		.uleb128 0xd
 620 00a4 34       		.uleb128 0x34
 621 00a5 00       		.byte	0
 622 00a6 03       		.uleb128 0x3
 623 00a7 0E       		.uleb128 0xe
 624 00a8 3A       		.uleb128 0x3a
 625 00a9 0B       		.uleb128 0xb
 626 00aa 3B       		.uleb128 0x3b
 627 00ab 05       		.uleb128 0x5
 628 00ac 49       		.uleb128 0x49
 629 00ad 13       		.uleb128 0x13
 630 00ae 3F       		.uleb128 0x3f
 631 00af 19       		.uleb128 0x19
 632 00b0 3C       		.uleb128 0x3c
 633 00b1 19       		.uleb128 0x19
 634 00b2 00       		.byte	0
 635 00b3 00       		.byte	0
 636 00b4 0E       		.uleb128 0xe
 637 00b5 01       		.uleb128 0x1
 638 00b6 01       		.byte	0x1
 639 00b7 49       		.uleb128 0x49
 640 00b8 13       		.uleb128 0x13
 641 00b9 01       		.uleb128 0x1
 642 00ba 13       		.uleb128 0x13
 643 00bb 00       		.byte	0
 644 00bc 00       		.byte	0
 645 00bd 0F       		.uleb128 0xf
 646 00be 21       		.uleb128 0x21
 647 00bf 00       		.byte	0
 648 00c0 49       		.uleb128 0x49
 649 00c1 13       		.uleb128 0x13
 650 00c2 2F       		.uleb128 0x2f
 651 00c3 0B       		.uleb128 0xb
 652 00c4 00       		.byte	0
 653 00c5 00       		.byte	0
 654 00c6 10       		.uleb128 0x10
 655 00c7 34       		.uleb128 0x34
 656 00c8 00       		.byte	0
 657 00c9 03       		.uleb128 0x3
 658 00ca 0E       		.uleb128 0xe
 659 00cb 3A       		.uleb128 0x3a
 660 00cc 0B       		.uleb128 0xb
ARM GAS  C:\Users\feder\AppData\Local\Temp\ccrZpV8u.s 			page 14


 661 00cd 3B       		.uleb128 0x3b
 662 00ce 0B       		.uleb128 0xb
 663 00cf 49       		.uleb128 0x49
 664 00d0 13       		.uleb128 0x13
 665 00d1 3F       		.uleb128 0x3f
 666 00d2 19       		.uleb128 0x19
 667 00d3 02       		.uleb128 0x2
 668 00d4 18       		.uleb128 0x18
 669 00d5 00       		.byte	0
 670 00d6 00       		.byte	0
 671 00d7 11       		.uleb128 0x11
 672 00d8 2E       		.uleb128 0x2e
 673 00d9 00       		.byte	0
 674 00da 3F       		.uleb128 0x3f
 675 00db 19       		.uleb128 0x19
 676 00dc 3C       		.uleb128 0x3c
 677 00dd 19       		.uleb128 0x19
 678 00de 6E       		.uleb128 0x6e
 679 00df 0E       		.uleb128 0xe
 680 00e0 03       		.uleb128 0x3
 681 00e1 0E       		.uleb128 0xe
 682 00e2 3A       		.uleb128 0x3a
 683 00e3 0B       		.uleb128 0xb
 684 00e4 3B       		.uleb128 0x3b
 685 00e5 0B       		.uleb128 0xb
 686 00e6 00       		.byte	0
 687 00e7 00       		.byte	0
 688 00e8 00       		.byte	0
 689              		.section	.debug_loc,"",%progbits
 690              	.Ldebug_loc0:
 691              	.LLST0:
 692 0000 50000000 		.4byte	.LVL7
 693 0004 5A000000 		.4byte	.LVL9
 694 0008 0100     		.2byte	0x1
 695 000a 54       		.byte	0x54
 696 000b 5C000000 		.4byte	.LVL10
 697 000f 5E000000 		.4byte	.LVL11
 698 0013 0100     		.2byte	0x1
 699 0015 54       		.byte	0x54
 700 0016 60000000 		.4byte	.LVL12
 701 001a 6A000000 		.4byte	.LVL13
 702 001e 0100     		.2byte	0x1
 703 0020 54       		.byte	0x54
 704 0021 00000000 		.4byte	0
 705 0025 00000000 		.4byte	0
 706              		.section	.debug_aranges,"",%progbits
 707 0000 1C000000 		.4byte	0x1c
 708 0004 0200     		.2byte	0x2
 709 0006 00000000 		.4byte	.Ldebug_info0
 710 000a 04       		.byte	0x4
 711 000b 00       		.byte	0
 712 000c 0000     		.2byte	0
 713 000e 0000     		.2byte	0
 714 0010 00000000 		.4byte	.LFB64
 715 0014 9C000000 		.4byte	.LFE64-.LFB64
 716 0018 00000000 		.4byte	0
 717 001c 00000000 		.4byte	0
ARM GAS  C:\Users\feder\AppData\Local\Temp\ccrZpV8u.s 			page 15


 718              		.section	.debug_ranges,"",%progbits
 719              	.Ldebug_ranges0:
 720 0000 50000000 		.4byte	.LBB2
 721 0004 5E000000 		.4byte	.LBE2
 722 0008 60000000 		.4byte	.LBB3
 723 000c 64000000 		.4byte	.LBE3
 724 0010 00000000 		.4byte	0
 725 0014 00000000 		.4byte	0
 726 0018 00000000 		.4byte	.LFB64
 727 001c 9C000000 		.4byte	.LFE64
 728 0020 00000000 		.4byte	0
 729 0024 00000000 		.4byte	0
 730              		.section	.debug_line,"",%progbits
 731              	.Ldebug_line0:
 732 0000 E9010000 		.section	.debug_str,"MS",%progbits,1
 732      0200AD01 
 732      00000201 
 732      FB0E0D00 
 732      01010101 
 733              	.LASF4:
 734 0000 5F5F7569 		.ascii	"__uint8_t\000"
 734      6E74385F 
 734      7400
 735              	.LASF26:
 736 000a 52656365 		.ascii	"Received\000"
 736      69766564 
 736      00
 737              	.LASF34:
 738 0013 414D7578 		.ascii	"AMux_Start\000"
 738      5F537461 
 738      727400
 739              	.LASF5:
 740 001e 5F5F696E 		.ascii	"__int32_t\000"
 740      7433325F 
 740      7400
 741              	.LASF37:
 742 0028 433A5C55 		.ascii	"C:\\Users\\feder\\Desktop\\Poli\\Anno V\\PROGETTO L"
 742      73657273 
 742      5C666564 
 742      65725C44 
 742      65736B74 
 743 0055 41425C41 		.ascii	"AB\\AY2223_I_Project-3\\PSOC\\Project3!_Copy_01.cyd"
 743      59323232 
 743      335F495F 
 743      50726F6A 
 743      6563742D 
 744 0085 736E00   		.ascii	"sn\000"
 745              	.LASF25:
 746 0088 6C65645F 		.ascii	"led_status\000"
 746      73746174 
 746      757300
 747              	.LASF3:
 748 0093 73686F72 		.ascii	"short unsigned int\000"
 748      7420756E 
 748      7369676E 
 748      65642069 
 748      6E7400
ARM GAS  C:\Users\feder\AppData\Local\Temp\ccrZpV8u.s 			page 16


 749              	.LASF16:
 750 00a6 646F7562 		.ascii	"double\000"
 750      6C6500
 751              	.LASF15:
 752 00ad 666C6F61 		.ascii	"float\000"
 752      7400
 753              	.LASF1:
 754 00b3 756E7369 		.ascii	"unsigned char\000"
 754      676E6564 
 754      20636861 
 754      7200
 755              	.LASF35:
 756 00c1 474E5520 		.ascii	"GNU C11 5.4.1 20160609 (release) [ARM/embedded-5-br"
 756      43313120 
 756      352E342E 
 756      31203230 
 756      31363036 
 757 00f4 616E6368 		.ascii	"anch revision 237715] -mcpu=cortex-m3 -mthumb -g -O"
 757      20726576 
 757      6973696F 
 757      6E203233 
 757      37373135 
 758 0127 67202D66 		.ascii	"g -ffunction-sections -ffat-lto-objects\000"
 758      66756E63 
 758      74696F6E 
 758      2D736563 
 758      74696F6E 
 759              	.LASF22:
 760 014f 44617461 		.ascii	"DataBuffer1\000"
 760      42756666 
 760      65723100 
 761              	.LASF7:
 762 015b 6C6F6E67 		.ascii	"long unsigned int\000"
 762      20756E73 
 762      69676E65 
 762      6420696E 
 762      7400
 763              	.LASF30:
 764 016d 55415254 		.ascii	"UART_BT_Start\000"
 764      5F42545F 
 764      53746172 
 764      7400
 765              	.LASF29:
 766 017b 55415254 		.ascii	"UART_Start\000"
 766      5F537461 
 766      727400
 767              	.LASF20:
 768 0186 49544D5F 		.ascii	"ITM_RxBuffer\000"
 768      52784275 
 768      66666572 
 768      00
 769              	.LASF27:
 770 0193 55415254 		.ascii	"UART_BT_PutArray\000"
 770      5F42545F 
 770      50757441 
 770      72726179 
 770      00
ARM GAS  C:\Users\feder\AppData\Local\Temp\ccrZpV8u.s 			page 17


 771              	.LASF38:
 772 01a4 6D61696E 		.ascii	"main\000"
 772      00
 773              	.LASF14:
 774 01a9 696E7438 		.ascii	"int8\000"
 774      00
 775              	.LASF31:
 776 01ae 54696D65 		.ascii	"Timer_Start\000"
 776      725F5374 
 776      61727400 
 777              	.LASF10:
 778 01ba 756E7369 		.ascii	"unsigned int\000"
 778      676E6564 
 778      20696E74 
 778      00
 779              	.LASF9:
 780 01c7 6C6F6E67 		.ascii	"long long unsigned int\000"
 780      206C6F6E 
 780      6720756E 
 780      7369676E 
 780      65642069 
 781              	.LASF11:
 782 01de 75696E74 		.ascii	"uint8_t\000"
 782      385F7400 
 783              	.LASF33:
 784 01e6 4144435F 		.ascii	"ADC_DelSig_StartConvert\000"
 784      44656C53 
 784      69675F53 
 784      74617274 
 784      436F6E76 
 785              	.LASF12:
 786 01fe 696E7433 		.ascii	"int32_t\000"
 786      325F7400 
 787              	.LASF19:
 788 0206 73697A65 		.ascii	"sizetype\000"
 788      74797065 
 788      00
 789              	.LASF24:
 790 020f 5061636B 		.ascii	"PacketReadyFlag1\000"
 790      65745265 
 790      61647946 
 790      6C616731 
 790      00
 791              	.LASF8:
 792 0220 6C6F6E67 		.ascii	"long long int\000"
 792      206C6F6E 
 792      6720696E 
 792      7400
 793              	.LASF36:
 794 022e 6D61696E 		.ascii	"main.c\000"
 794      2E6300
 795              	.LASF17:
 796 0235 63686172 		.ascii	"char\000"
 796      00
 797              	.LASF2:
 798 023a 73686F72 		.ascii	"short int\000"
 798      7420696E 
ARM GAS  C:\Users\feder\AppData\Local\Temp\ccrZpV8u.s 			page 18


 798      7400
 799              	.LASF23:
 800 0244 5061636B 		.ascii	"PacketReadyFlag\000"
 800      65745265 
 800      61647946 
 800      6C616700 
 801              	.LASF13:
 802 0254 75696E74 		.ascii	"uint8\000"
 802      3800
 803              	.LASF28:
 804 025a 4144435F 		.ascii	"ADC_DelSig_Start\000"
 804      44656C53 
 804      69675F53 
 804      74617274 
 804      00
 805              	.LASF6:
 806 026b 6C6F6E67 		.ascii	"long int\000"
 806      20696E74 
 806      00
 807              	.LASF21:
 808 0274 44617461 		.ascii	"DataBuffer\000"
 808      42756666 
 808      657200
 809              	.LASF18:
 810 027f 6C6F6E67 		.ascii	"long double\000"
 810      20646F75 
 810      626C6500 
 811              	.LASF0:
 812 028b 7369676E 		.ascii	"signed char\000"
 812      65642063 
 812      68617200 
 813              	.LASF32:
 814 0297 6973725F 		.ascii	"isr_ADC_StartEx\000"
 814      4144435F 
 814      53746172 
 814      74457800 
 815              		.ident	"GCC: (GNU Tools for ARM Embedded Processors) 5.4.1 20160609 (release) [ARM/embedded-5-bran
