ARM GAS  C:\Users\Windows\AppData\Local\Temp\cc44f0zC.s 			page 1


   1              		.syntax unified
   2              		.cpu cortex-m3
   3              		.fpu softvfp
   4              		.eabi_attribute 20, 1
   5              		.eabi_attribute 21, 1
   6              		.eabi_attribute 23, 3
   7              		.eabi_attribute 24, 1
   8              		.eabi_attribute 25, 1
   9              		.eabi_attribute 26, 1
  10              		.eabi_attribute 30, 1
  11              		.eabi_attribute 34, 1
  12              		.eabi_attribute 18, 4
  13              		.thumb
  14              		.syntax unified
  15              		.file	"cymetadata.c"
  16              		.text
  17              	.Ltext0:
  18              		.cfi_sections	.debug_frame
  19              		.global	cy_metadata
  20              		.global	cy_meta_flashprotect
  21              		.global	cy_meta_wonvl
  22              		.global	cy_meta_custnvl
  23              		.global	cy_meta_configecc
  24              		.section	.cyconfigecc,"a",%progbits
  25              		.align	2
  26              		.type	cy_meta_configecc, %object
  27              		.size	cy_meta_configecc, 1264
  28              	cy_meta_configecc:
  29 0000 02       		.byte	2
  30 0001 4F       		.byte	79
  31 0002 00       		.byte	0
  32 0003 40       		.byte	64
  33 0004 04       		.byte	4
  34 0005 52       		.byte	82
  35 0006 00       		.byte	0
  36 0007 40       		.byte	64
  37 0008 02       		.byte	2
  38 0009 64       		.byte	100
  39 000a 00       		.byte	0
  40 000b 40       		.byte	64
  41 000c 02       		.byte	2
  42 000d 65       		.byte	101
  43 000e 00       		.byte	0
  44 000f 40       		.byte	64
  45 0010 01       		.byte	1
  46 0011 05       		.byte	5
  47 0012 01       		.byte	1
  48 0013 40       		.byte	64
  49 0014 5C       		.byte	92
  50 0015 06       		.byte	6
  51 0016 01       		.byte	1
  52 0017 40       		.byte	64
  53 0018 33       		.byte	51
  54 0019 07       		.byte	7
  55 001a 01       		.byte	1
  56 001b 40       		.byte	64
  57 001c 01       		.byte	1
ARM GAS  C:\Users\Windows\AppData\Local\Temp\cc44f0zC.s 			page 2


  58 001d 0B       		.byte	11
  59 001e 01       		.byte	1
  60 001f 40       		.byte	64
  61 0020 62       		.byte	98
  62 0021 14       		.byte	20
  63 0022 01       		.byte	1
  64 0023 40       		.byte	64
  65 0024 4B       		.byte	75
  66 0025 15       		.byte	21
  67 0026 01       		.byte	1
  68 0027 40       		.byte	64
  69 0028 68       		.byte	104
  70 0029 16       		.byte	22
  71 002a 01       		.byte	1
  72 002b 40       		.byte	64
  73 002c 4B       		.byte	75
  74 002d 17       		.byte	23
  75 002e 01       		.byte	1
  76 002f 40       		.byte	64
  77 0030 02       		.byte	2
  78 0031 1B       		.byte	27
  79 0032 01       		.byte	1
  80 0033 40       		.byte	64
  81 0034 02       		.byte	2
  82 0035 40       		.byte	64
  83 0036 01       		.byte	1
  84 0037 40       		.byte	64
  85 0038 01       		.byte	1
  86 0039 41       		.byte	65
  87 003a 01       		.byte	1
  88 003b 40       		.byte	64
  89 003c 05       		.byte	5
  90 003d 42       		.byte	66
  91 003e 01       		.byte	1
  92 003f 40       		.byte	64
  93 0040 01       		.byte	1
  94 0041 43       		.byte	67
  95 0042 01       		.byte	1
  96 0043 40       		.byte	64
  97 0044 02       		.byte	2
  98 0045 44       		.byte	68
  99 0046 01       		.byte	1
 100 0047 40       		.byte	64
 101 0048 01       		.byte	1
 102 0049 45       		.byte	69
 103 004a 01       		.byte	1
 104 004b 40       		.byte	64
 105 004c 04       		.byte	4
 106 004d 46       		.byte	70
 107 004e 01       		.byte	1
 108 004f 40       		.byte	64
 109 0050 01       		.byte	1
 110 0051 47       		.byte	71
 111 0052 01       		.byte	1
 112 0053 40       		.byte	64
 113 0054 05       		.byte	5
 114 0055 48       		.byte	72
ARM GAS  C:\Users\Windows\AppData\Local\Temp\cc44f0zC.s 			page 3


 115 0056 01       		.byte	1
 116 0057 40       		.byte	64
 117 0058 0A       		.byte	10
 118 0059 49       		.byte	73
 119 005a 01       		.byte	1
 120 005b 40       		.byte	64
 121 005c 01       		.byte	1
 122 005d 4C       		.byte	76
 123 005e 01       		.byte	1
 124 005f 40       		.byte	64
 125 0060 08       		.byte	8
 126 0061 4D       		.byte	77
 127 0062 01       		.byte	1
 128 0063 40       		.byte	64
 129 0064 04       		.byte	4
 130 0065 50       		.byte	80
 131 0066 01       		.byte	1
 132 0067 40       		.byte	64
 133 0068 01       		.byte	1
 134 0069 51       		.byte	81
 135 006a 01       		.byte	1
 136 006b 40       		.byte	64
 137 006c 01       		.byte	1
 138 006d 30       		.byte	48
 139 006e 0A       		.byte	10
 140 006f 36       		.byte	54
 141 0070 19       		.byte	25
 142 0071 01       		.byte	1
 143 0072 1C       		.byte	28
 144 0073 02       		.byte	2
 145 0074 61       		.byte	97
 146 0075 80       		.byte	-128
 147 0076 64       		.byte	100
 148 0077 40       		.byte	64
 149 0078 86       		.byte	-122
 150 0079 0F       		.byte	15
 151 007a 87       		.byte	-121
 152 007b 38       		.byte	56
 153 007c 84       		.byte	-124
 154 007d 72       		.byte	114
 155 007e 86       		.byte	-122
 156 007f 0F       		.byte	15
 157 0080 E0       		.byte	-32
 158 0081 02       		.byte	2
 159 0082 01       		.byte	1
 160 0083 21       		.byte	33
 161 0084 02       		.byte	2
 162 0085 10       		.byte	16
 163 0086 03       		.byte	3
 164 0087 16       		.byte	22
 165 0088 04       		.byte	4
 166 0089 54       		.byte	84
 167 008a 06       		.byte	6
 168 008b 08       		.byte	8
 169 008c 0A       		.byte	10
 170 008d 01       		.byte	1
 171 008e 0C       		.byte	12
ARM GAS  C:\Users\Windows\AppData\Local\Temp\cc44f0zC.s 			page 4


 172 008f 66       		.byte	102
 173 0090 0E       		.byte	14
 174 0091 08       		.byte	8
 175 0092 0F       		.byte	15
 176 0093 08       		.byte	8
 177 0094 13       		.byte	19
 178 0095 1C       		.byte	28
 179 0096 16       		.byte	22
 180 0097 2A       		.byte	42
 181 0098 18       		.byte	24
 182 0099 06       		.byte	6
 183 009a 19       		.byte	25
 184 009b 1C       		.byte	28
 185 009c 1A       		.byte	26
 186 009d 08       		.byte	8
 187 009e 1B       		.byte	27
 188 009f 23       		.byte	35
 189 00a0 1C       		.byte	28
 190 00a1 66       		.byte	102
 191 00a2 1E       		.byte	30
 192 00a3 18       		.byte	24
 193 00a4 20       		.byte	32
 194 00a5 80       		.byte	-128
 195 00a6 21       		.byte	33
 196 00a7 80       		.byte	-128
 197 00a8 29       		.byte	41
 198 00a9 40       		.byte	64
 199 00aa 2B       		.byte	43
 200 00ab 03       		.byte	3
 201 00ac 2D       		.byte	45
 202 00ad 21       		.byte	33
 203 00ae 2F       		.byte	47
 204 00af 0E       		.byte	14
 205 00b0 30       		.byte	48
 206 00b1 01       		.byte	1
 207 00b2 31       		.byte	49
 208 00b3 60       		.byte	96
 209 00b4 32       		.byte	50
 210 00b5 60       		.byte	96
 211 00b6 33       		.byte	51
 212 00b7 0F       		.byte	15
 213 00b8 34       		.byte	52
 214 00b9 80       		.byte	-128
 215 00ba 35       		.byte	53
 216 00bb 80       		.byte	-128
 217 00bc 36       		.byte	54
 218 00bd 1E       		.byte	30
 219 00be 37       		.byte	55
 220 00bf 1A       		.byte	26
 221 00c0 38       		.byte	56
 222 00c1 08       		.byte	8
 223 00c2 39       		.byte	57
 224 00c3 02       		.byte	2
 225 00c4 3A       		.byte	58
 226 00c5 80       		.byte	-128
 227 00c6 3B       		.byte	59
 228 00c7 88       		.byte	-120
ARM GAS  C:\Users\Windows\AppData\Local\Temp\cc44f0zC.s 			page 5


 229 00c8 3E       		.byte	62
 230 00c9 14       		.byte	20
 231 00ca 3F       		.byte	63
 232 00cb 10       		.byte	16
 233 00cc 40       		.byte	64
 234 00cd 53       		.byte	83
 235 00ce 41       		.byte	65
 236 00cf 04       		.byte	4
 237 00d0 46       		.byte	70
 238 00d1 BE       		.byte	-66
 239 00d2 47       		.byte	71
 240 00d3 C0       		.byte	-64
 241 00d4 48       		.byte	72
 242 00d5 2C       		.byte	44
 243 00d6 49       		.byte	73
 244 00d7 FF       		.byte	-1
 245 00d8 4A       		.byte	74
 246 00d9 FF       		.byte	-1
 247 00da 4B       		.byte	75
 248 00db FF       		.byte	-1
 249 00dc 4E       		.byte	78
 250 00dd F0       		.byte	-16
 251 00de 4F       		.byte	79
 252 00df 44       		.byte	68
 253 00e0 50       		.byte	80
 254 00e1 0C       		.byte	12
 255 00e2 54       		.byte	84
 256 00e3 01       		.byte	1
 257 00e4 58       		.byte	88
 258 00e5 04       		.byte	4
 259 00e6 59       		.byte	89
 260 00e7 04       		.byte	4
 261 00e8 5A       		.byte	90
 262 00e9 04       		.byte	4
 263 00ea 5B       		.byte	91
 264 00eb 04       		.byte	4
 265 00ec 5C       		.byte	92
 266 00ed 22       		.byte	34
 267 00ee 5D       		.byte	93
 268 00ef 11       		.byte	17
 269 00f0 5F       		.byte	95
 270 00f1 01       		.byte	1
 271 00f2 66       		.byte	102
 272 00f3 C0       		.byte	-64
 273 00f4 6A       		.byte	106
 274 00f5 40       		.byte	64
 275 00f6 6B       		.byte	107
 276 00f7 02       		.byte	2
 277 00f8 8C       		.byte	-116
 278 00f9 01       		.byte	1
 279 00fa 8F       		.byte	-113
 280 00fb 01       		.byte	1
 281 00fc 92       		.byte	-110
 282 00fd 01       		.byte	1
 283 00fe 96       		.byte	-106
 284 00ff 01       		.byte	1
 285 0100 9B       		.byte	-101
ARM GAS  C:\Users\Windows\AppData\Local\Temp\cc44f0zC.s 			page 6


 286 0101 01       		.byte	1
 287 0102 AC       		.byte	-84
 288 0103 01       		.byte	1
 289 0104 B4       		.byte	-76
 290 0105 01       		.byte	1
 291 0106 B5       		.byte	-75
 292 0107 01       		.byte	1
 293 0108 B8       		.byte	-72
 294 0109 20       		.byte	32
 295 010a BA       		.byte	-70
 296 010b 80       		.byte	-128
 297 010c BF       		.byte	-65
 298 010d 10       		.byte	16
 299 010e C0       		.byte	-64
 300 010f 16       		.byte	22
 301 0110 C1       		.byte	-63
 302 0111 04       		.byte	4
 303 0112 C6       		.byte	-58
 304 0113 CE       		.byte	-50
 305 0114 C7       		.byte	-57
 306 0115 0B       		.byte	11
 307 0116 C8       		.byte	-56
 308 0117 1C       		.byte	28
 309 0118 C9       		.byte	-55
 310 0119 FF       		.byte	-1
 311 011a CA       		.byte	-54
 312 011b FF       		.byte	-1
 313 011c CB       		.byte	-53
 314 011d FF       		.byte	-1
 315 011e CE       		.byte	-50
 316 011f F0       		.byte	-16
 317 0120 CF       		.byte	-49
 318 0121 44       		.byte	68
 319 0122 D0       		.byte	-48
 320 0123 0C       		.byte	12
 321 0124 D4       		.byte	-44
 322 0125 18       		.byte	24
 323 0126 D8       		.byte	-40
 324 0127 04       		.byte	4
 325 0128 D9       		.byte	-39
 326 0129 04       		.byte	4
 327 012a DA       		.byte	-38
 328 012b 04       		.byte	4
 329 012c DB       		.byte	-37
 330 012d 04       		.byte	4
 331 012e DC       		.byte	-36
 332 012f 02       		.byte	2
 333 0130 DD       		.byte	-35
 334 0131 22       		.byte	34
 335 0132 DF       		.byte	-33
 336 0133 01       		.byte	1
 337 0134 E6       		.byte	-26
 338 0135 C0       		.byte	-64
 339 0136 EA       		.byte	-22
 340 0137 40       		.byte	64
 341 0138 EB       		.byte	-21
 342 0139 02       		.byte	2
ARM GAS  C:\Users\Windows\AppData\Local\Temp\cc44f0zC.s 			page 7


 343 013a 01       		.byte	1
 344 013b 80       		.byte	-128
 345 013c 06       		.byte	6
 346 013d 04       		.byte	4
 347 013e 07       		.byte	7
 348 013f 51       		.byte	81
 349 0140 0A       		.byte	10
 350 0141 A0       		.byte	-96
 351 0142 0C       		.byte	12
 352 0143 08       		.byte	8
 353 0144 0D       		.byte	13
 354 0145 10       		.byte	16
 355 0146 0E       		.byte	14
 356 0147 01       		.byte	1
 357 0148 10       		.byte	16
 358 0149 02       		.byte	2
 359 014a 15       		.byte	21
 360 014b 01       		.byte	1
 361 014c 16       		.byte	22
 362 014d 40       		.byte	64
 363 014e 19       		.byte	25
 364 014f 90       		.byte	-112
 365 0150 1D       		.byte	29
 366 0151 0A       		.byte	10
 367 0152 1E       		.byte	30
 368 0153 07       		.byte	7
 369 0154 22       		.byte	34
 370 0155 20       		.byte	32
 371 0156 26       		.byte	38
 372 0157 02       		.byte	2
 373 0158 27       		.byte	39
 374 0159 59       		.byte	89
 375 015a 2C       		.byte	44
 376 015b 88       		.byte	-120
 377 015c 2D       		.byte	45
 378 015d 02       		.byte	2
 379 015e 2E       		.byte	46
 380 015f 40       		.byte	64
 381 0160 31       		.byte	49
 382 0161 10       		.byte	16
 383 0162 36       		.byte	54
 384 0163 02       		.byte	2
 385 0164 37       		.byte	55
 386 0165 10       		.byte	16
 387 0166 38       		.byte	56
 388 0167 80       		.byte	-128
 389 0168 3C       		.byte	60
 390 0169 80       		.byte	-128
 391 016a 3E       		.byte	62
 392 016b 01       		.byte	1
 393 016c 42       		.byte	66
 394 016d 41       		.byte	65
 395 016e 43       		.byte	67
 396 016f 01       		.byte	1
 397 0170 44       		.byte	68
 398 0171 80       		.byte	-128
 399 0172 46       		.byte	70
ARM GAS  C:\Users\Windows\AppData\Local\Temp\cc44f0zC.s 			page 8


 400 0173 20       		.byte	32
 401 0174 48       		.byte	72
 402 0175 08       		.byte	8
 403 0176 4C       		.byte	76
 404 0177 01       		.byte	1
 405 0178 50       		.byte	80
 406 0179 80       		.byte	-128
 407 017a 51       		.byte	81
 408 017b 10       		.byte	16
 409 017c 53       		.byte	83
 410 017d 04       		.byte	4
 411 017e 56       		.byte	86
 412 017f 50       		.byte	80
 413 0180 57       		.byte	87
 414 0181 01       		.byte	1
 415 0182 5A       		.byte	90
 416 0183 02       		.byte	2
 417 0184 5D       		.byte	93
 418 0185 11       		.byte	17
 419 0186 5E       		.byte	94
 420 0187 04       		.byte	4
 421 0188 5F       		.byte	95
 422 0189 40       		.byte	64
 423 018a 62       		.byte	98
 424 018b A0       		.byte	-96
 425 018c C0       		.byte	-64
 426 018d F1       		.byte	-15
 427 018e C2       		.byte	-62
 428 018f EC       		.byte	-20
 429 0190 C4       		.byte	-60
 430 0191 11       		.byte	17
 431 0192 CA       		.byte	-54
 432 0193 B0       		.byte	-80
 433 0194 CC       		.byte	-52
 434 0195 A4       		.byte	-92
 435 0196 CE       		.byte	-50
 436 0197 98       		.byte	-104
 437 0198 D0       		.byte	-48
 438 0199 C9       		.byte	-55
 439 019a D2       		.byte	-46
 440 019b 14       		.byte	20
 441 019c D6       		.byte	-42
 442 019d F1       		.byte	-15
 443 019e D8       		.byte	-40
 444 019f 0C       		.byte	12
 445 01a0 E0       		.byte	-32
 446 01a1 02       		.byte	2
 447 01a2 01       		.byte	1
 448 01a3 FF       		.byte	-1
 449 01a4 04       		.byte	4
 450 01a5 02       		.byte	2
 451 01a6 05       		.byte	5
 452 01a7 18       		.byte	24
 453 01a8 08       		.byte	8
 454 01a9 01       		.byte	1
 455 01aa 09       		.byte	9
 456 01ab 08       		.byte	8
ARM GAS  C:\Users\Windows\AppData\Local\Temp\cc44f0zC.s 			page 9


 457 01ac 0C       		.byte	12
 458 01ad 3F       		.byte	63
 459 01ae 0D       		.byte	13
 460 01af 10       		.byte	16
 461 01b0 10       		.byte	16
 462 01b1 1C       		.byte	28
 463 01b2 12       		.byte	18
 464 01b3 23       		.byte	35
 465 01b4 13       		.byte	19
 466 01b5 04       		.byte	4
 467 01b6 14       		.byte	20
 468 01b7 1F       		.byte	31
 469 01b8 15       		.byte	21
 470 01b9 C0       		.byte	-64
 471 01ba 16       		.byte	22
 472 01bb 20       		.byte	32
 473 01bc 18       		.byte	24
 474 01bd 03       		.byte	3
 475 01be 19       		.byte	25
 476 01bf 1C       		.byte	28
 477 01c0 1B       		.byte	27
 478 01c1 E1       		.byte	-31
 479 01c2 1C       		.byte	28
 480 01c3 33       		.byte	51
 481 01c4 1D       		.byte	29
 482 01c5 3C       		.byte	60
 483 01c6 1E       		.byte	30
 484 01c7 0C       		.byte	12
 485 01c8 1F       		.byte	31
 486 01c9 C2       		.byte	-62
 487 01ca 20       		.byte	32
 488 01cb 08       		.byte	8
 489 01cc 23       		.byte	35
 490 01cd E3       		.byte	-29
 491 01ce 24       		.byte	36
 492 01cf 04       		.byte	4
 493 01d0 25       		.byte	37
 494 01d1 44       		.byte	68
 495 01d2 28       		.byte	40
 496 01d3 0C       		.byte	12
 497 01d4 29       		.byte	41
 498 01d5 80       		.byte	-128
 499 01d6 2D       		.byte	45
 500 01d7 E7       		.byte	-25
 501 01d8 2E       		.byte	46
 502 01d9 23       		.byte	35
 503 01da 2F       		.byte	47
 504 01db 18       		.byte	24
 505 01dc 30       		.byte	48
 506 01dd 10       		.byte	16
 507 01de 31       		.byte	49
 508 01df C0       		.byte	-64
 509 01e0 32       		.byte	50
 510 01e1 2C       		.byte	44
 511 01e2 33       		.byte	51
 512 01e3 38       		.byte	56
 513 01e4 36       		.byte	54
ARM GAS  C:\Users\Windows\AppData\Local\Temp\cc44f0zC.s 			page 10


 514 01e5 0F       		.byte	15
 515 01e6 37       		.byte	55
 516 01e7 1F       		.byte	31
 517 01e8 3A       		.byte	58
 518 01e9 88       		.byte	-120
 519 01ea 3B       		.byte	59
 520 01eb 80       		.byte	-128
 521 01ec 3E       		.byte	62
 522 01ed 01       		.byte	1
 523 01ee 56       		.byte	86
 524 01ef 02       		.byte	2
 525 01f0 57       		.byte	87
 526 01f1 13       		.byte	19
 527 01f2 58       		.byte	88
 528 01f3 04       		.byte	4
 529 01f4 59       		.byte	89
 530 01f5 04       		.byte	4
 531 01f6 5B       		.byte	91
 532 01f7 04       		.byte	4
 533 01f8 5C       		.byte	92
 534 01f9 22       		.byte	34
 535 01fa 5D       		.byte	93
 536 01fb 20       		.byte	32
 537 01fc 5F       		.byte	95
 538 01fd 01       		.byte	1
 539 01fe 80       		.byte	-128
 540 01ff 20       		.byte	32
 541 0200 81       		.byte	-127
 542 0201 03       		.byte	3
 543 0202 83       		.byte	-125
 544 0203 44       		.byte	68
 545 0204 84       		.byte	-124
 546 0205 09       		.byte	9
 547 0206 85       		.byte	-123
 548 0207 2A       		.byte	42
 549 0208 86       		.byte	-122
 550 0209 10       		.byte	16
 551 020a 87       		.byte	-121
 552 020b 44       		.byte	68
 553 020c 8A       		.byte	-118
 554 020d 03       		.byte	3
 555 020e 8C       		.byte	-116
 556 020f 10       		.byte	16
 557 0210 8D       		.byte	-115
 558 0211 73       		.byte	115
 559 0212 8E       		.byte	-114
 560 0213 0C       		.byte	12
 561 0214 8F       		.byte	-113
 562 0215 04       		.byte	4
 563 0216 98       		.byte	-104
 564 0217 1C       		.byte	28
 565 0218 9A       		.byte	-102
 566 0219 02       		.byte	2
 567 021a 9B       		.byte	-101
 568 021b 08       		.byte	8
 569 021c 9D       		.byte	-99
 570 021d 73       		.byte	115
ARM GAS  C:\Users\Windows\AppData\Local\Temp\cc44f0zC.s 			page 11


 571 021e 9F       		.byte	-97
 572 021f 0C       		.byte	12
 573 0220 A0       		.byte	-96
 574 0221 10       		.byte	16
 575 0222 A4       		.byte	-92
 576 0223 14       		.byte	20
 577 0224 A7       		.byte	-89
 578 0225 55       		.byte	85
 579 0226 AC       		.byte	-84
 580 0227 0C       		.byte	12
 581 0228 AE       		.byte	-82
 582 0229 11       		.byte	17
 583 022a B2       		.byte	-78
 584 022b 20       		.byte	32
 585 022c B3       		.byte	-77
 586 022d 30       		.byte	48
 587 022e B4       		.byte	-76
 588 022f 1F       		.byte	31
 589 0230 B5       		.byte	-75
 590 0231 40       		.byte	64
 591 0232 B7       		.byte	-73
 592 0233 0F       		.byte	15
 593 0234 B8       		.byte	-72
 594 0235 02       		.byte	2
 595 0236 B9       		.byte	-71
 596 0237 08       		.byte	8
 597 0238 BB       		.byte	-69
 598 0239 80       		.byte	-128
 599 023a BE       		.byte	-66
 600 023b 05       		.byte	5
 601 023c BF       		.byte	-65
 602 023d 14       		.byte	20
 603 023e C0       		.byte	-64
 604 023f 02       		.byte	2
 605 0240 C6       		.byte	-58
 606 0241 04       		.byte	4
 607 0242 C9       		.byte	-55
 608 0243 FF       		.byte	-1
 609 0244 CA       		.byte	-54
 610 0245 07       		.byte	7
 611 0246 CB       		.byte	-53
 612 0247 FF       		.byte	-1
 613 0248 CC       		.byte	-52
 614 0249 40       		.byte	64
 615 024a CD       		.byte	-51
 616 024b 20       		.byte	32
 617 024c CE       		.byte	-50
 618 024d F0       		.byte	-16
 619 024e CF       		.byte	-49
 620 024f 05       		.byte	5
 621 0250 D0       		.byte	-48
 622 0251 08       		.byte	8
 623 0252 D8       		.byte	-40
 624 0253 04       		.byte	4
 625 0254 D9       		.byte	-39
 626 0255 04       		.byte	4
 627 0256 DA       		.byte	-38
ARM GAS  C:\Users\Windows\AppData\Local\Temp\cc44f0zC.s 			page 12


 628 0257 04       		.byte	4
 629 0258 DC       		.byte	-36
 630 0259 11       		.byte	17
 631 025a DD       		.byte	-35
 632 025b 01       		.byte	1
 633 025c DF       		.byte	-33
 634 025d 01       		.byte	1
 635 025e E0       		.byte	-32
 636 025f 40       		.byte	64
 637 0260 E1       		.byte	-31
 638 0261 A8       		.byte	-88
 639 0262 E2       		.byte	-30
 640 0263 40       		.byte	64
 641 0264 E3       		.byte	-29
 642 0265 20       		.byte	32
 643 0266 01       		.byte	1
 644 0267 88       		.byte	-120
 645 0268 02       		.byte	2
 646 0269 05       		.byte	5
 647 026a 05       		.byte	5
 648 026b 14       		.byte	20
 649 026c 07       		.byte	7
 650 026d 51       		.byte	81
 651 026e 0A       		.byte	10
 652 026f A9       		.byte	-87
 653 0270 0E       		.byte	14
 654 0271 04       		.byte	4
 655 0272 10       		.byte	16
 656 0273 21       		.byte	33
 657 0274 13       		.byte	19
 658 0275 12       		.byte	18
 659 0276 15       		.byte	21
 660 0277 40       		.byte	64
 661 0278 16       		.byte	22
 662 0279 50       		.byte	80
 663 027a 19       		.byte	25
 664 027b 41       		.byte	65
 665 027c 1A       		.byte	26
 666 027d 21       		.byte	33
 667 027e 1D       		.byte	29
 668 027f 10       		.byte	16
 669 0280 1E       		.byte	30
 670 0281 20       		.byte	32
 671 0282 1F       		.byte	31
 672 0283 01       		.byte	1
 673 0284 22       		.byte	34
 674 0285 49       		.byte	73
 675 0286 24       		.byte	36
 676 0287 02       		.byte	2
 677 0288 26       		.byte	38
 678 0289 A0       		.byte	-96
 679 028a 27       		.byte	39
 680 028b 21       		.byte	33
 681 028c 28       		.byte	40
 682 028d 04       		.byte	4
 683 028e 29       		.byte	41
 684 028f 42       		.byte	66
ARM GAS  C:\Users\Windows\AppData\Local\Temp\cc44f0zC.s 			page 13


 685 0290 2A       		.byte	42
 686 0291 04       		.byte	4
 687 0292 2F       		.byte	47
 688 0293 20       		.byte	32
 689 0294 31       		.byte	49
 690 0295 02       		.byte	2
 691 0296 32       		.byte	50
 692 0297 54       		.byte	84
 693 0298 34       		.byte	52
 694 0299 05       		.byte	5
 695 029a 35       		.byte	53
 696 029b 0A       		.byte	10
 697 029c 36       		.byte	54
 698 029d 80       		.byte	-128
 699 029e 37       		.byte	55
 700 029f 10       		.byte	16
 701 02a0 38       		.byte	56
 702 02a1 A8       		.byte	-88
 703 02a2 3A       		.byte	58
 704 02a3 01       		.byte	1
 705 02a4 3C       		.byte	60
 706 02a5 40       		.byte	64
 707 02a6 3D       		.byte	61
 708 02a7 40       		.byte	64
 709 02a8 3E       		.byte	62
 710 02a9 04       		.byte	4
 711 02aa 3F       		.byte	63
 712 02ab 02       		.byte	2
 713 02ac 47       		.byte	71
 714 02ad 20       		.byte	32
 715 02ae 56       		.byte	86
 716 02af 60       		.byte	96
 717 02b0 57       		.byte	87
 718 02b1 20       		.byte	32
 719 02b2 59       		.byte	89
 720 02b3 01       		.byte	1
 721 02b4 68       		.byte	104
 722 02b5 01       		.byte	1
 723 02b6 69       		.byte	105
 724 02b7 14       		.byte	20
 725 02b8 70       		.byte	112
 726 02b9 74       		.byte	116
 727 02ba 73       		.byte	115
 728 02bb 12       		.byte	18
 729 02bc 82       		.byte	-126
 730 02bd 04       		.byte	4
 731 02be 86       		.byte	-122
 732 02bf 10       		.byte	16
 733 02c0 8A       		.byte	-118
 734 02c1 20       		.byte	32
 735 02c2 8B       		.byte	-117
 736 02c3 40       		.byte	64
 737 02c4 8F       		.byte	-113
 738 02c5 01       		.byte	1
 739 02c6 90       		.byte	-112
 740 02c7 40       		.byte	64
 741 02c8 92       		.byte	-110
ARM GAS  C:\Users\Windows\AppData\Local\Temp\cc44f0zC.s 			page 14


 742 02c9 0C       		.byte	12
 743 02ca 94       		.byte	-108
 744 02cb 02       		.byte	2
 745 02cc 95       		.byte	-107
 746 02cd 14       		.byte	20
 747 02ce 96       		.byte	-106
 748 02cf A2       		.byte	-94
 749 02d0 97       		.byte	-105
 750 02d1 40       		.byte	64
 751 02d2 98       		.byte	-104
 752 02d3 01       		.byte	1
 753 02d4 99       		.byte	-103
 754 02d5 8C       		.byte	-116
 755 02d6 9A       		.byte	-102
 756 02d7 10       		.byte	16
 757 02d8 9B       		.byte	-101
 758 02d9 40       		.byte	64
 759 02da 9D       		.byte	-99
 760 02db 50       		.byte	80
 761 02dc 9E       		.byte	-98
 762 02dd 64       		.byte	100
 763 02de A1       		.byte	-95
 764 02df 02       		.byte	2
 765 02e0 A3       		.byte	-93
 766 02e1 01       		.byte	1
 767 02e2 A4       		.byte	-92
 768 02e3 01       		.byte	1
 769 02e4 A6       		.byte	-90
 770 02e5 08       		.byte	8
 771 02e6 AD       		.byte	-83
 772 02e7 84       		.byte	-124
 773 02e8 B2       		.byte	-78
 774 02e9 20       		.byte	32
 775 02ea C0       		.byte	-64
 776 02eb F7       		.byte	-9
 777 02ec C2       		.byte	-62
 778 02ed 4F       		.byte	79
 779 02ee C4       		.byte	-60
 780 02ef BF       		.byte	-65
 781 02f0 CA       		.byte	-54
 782 02f1 4F       		.byte	79
 783 02f2 CC       		.byte	-52
 784 02f3 3F       		.byte	63
 785 02f4 CE       		.byte	-50
 786 02f5 DF       		.byte	-33
 787 02f6 D0       		.byte	-48
 788 02f7 20       		.byte	32
 789 02f8 D6       		.byte	-42
 790 02f9 01       		.byte	1
 791 02fa E2       		.byte	-30
 792 02fb 40       		.byte	64
 793 02fc 01       		.byte	1
 794 02fd 0C       		.byte	12
 795 02fe 02       		.byte	2
 796 02ff 08       		.byte	8
 797 0300 03       		.byte	3
 798 0301 11       		.byte	17
ARM GAS  C:\Users\Windows\AppData\Local\Temp\cc44f0zC.s 			page 15


 799 0302 06       		.byte	6
 800 0303 40       		.byte	64
 801 0304 08       		.byte	8
 802 0305 8C       		.byte	-116
 803 0306 0A       		.byte	10
 804 0307 13       		.byte	19
 805 0308 0C       		.byte	12
 806 0309 11       		.byte	17
 807 030a 0D       		.byte	13
 808 030b 10       		.byte	16
 809 030c 0E       		.byte	14
 810 030d 0E       		.byte	14
 811 030e 11       		.byte	17
 812 030f 09       		.byte	9
 813 0310 13       		.byte	19
 814 0311 10       		.byte	16
 815 0312 16       		.byte	22
 816 0313 8C       		.byte	-116
 817 0314 19       		.byte	25
 818 0315 1C       		.byte	28
 819 0316 1A       		.byte	26
 820 0317 40       		.byte	64
 821 0318 1B       		.byte	27
 822 0319 02       		.byte	2
 823 031a 1C       		.byte	28
 824 031b 40       		.byte	64
 825 031c 1F       		.byte	31
 826 031d 03       		.byte	3
 827 031e 20       		.byte	32
 828 031f 40       		.byte	64
 829 0320 21       		.byte	33
 830 0321 10       		.byte	16
 831 0322 23       		.byte	35
 832 0323 0C       		.byte	12
 833 0324 24       		.byte	36
 834 0325 20       		.byte	32
 835 0326 26       		.byte	38
 836 0327 03       		.byte	3
 837 0328 29       		.byte	41
 838 0329 14       		.byte	20
 839 032a 2A       		.byte	42
 840 032b 40       		.byte	64
 841 032c 2C       		.byte	44
 842 032d 11       		.byte	17
 843 032e 2E       		.byte	46
 844 032f 86       		.byte	-122
 845 0330 30       		.byte	48
 846 0331 8A       		.byte	-118
 847 0332 31       		.byte	49
 848 0333 1F       		.byte	31
 849 0334 32       		.byte	50
 850 0335 30       		.byte	48
 851 0336 34       		.byte	52
 852 0337 0F       		.byte	15
 853 0338 36       		.byte	54
 854 0339 40       		.byte	64
 855 033a 38       		.byte	56
ARM GAS  C:\Users\Windows\AppData\Local\Temp\cc44f0zC.s 			page 16


 856 033b 08       		.byte	8
 857 033c 3A       		.byte	58
 858 033d 22       		.byte	34
 859 033e 3E       		.byte	62
 860 033f 40       		.byte	64
 861 0340 40       		.byte	64
 862 0341 03       		.byte	3
 863 0342 46       		.byte	70
 864 0343 04       		.byte	4
 865 0344 49       		.byte	73
 866 0345 FF       		.byte	-1
 867 0346 4A       		.byte	74
 868 0347 07       		.byte	7
 869 0348 4B       		.byte	75
 870 0349 FF       		.byte	-1
 871 034a 4C       		.byte	76
 872 034b 40       		.byte	64
 873 034c 4D       		.byte	77
 874 034d 20       		.byte	32
 875 034e 4E       		.byte	78
 876 034f F0       		.byte	-16
 877 0350 4F       		.byte	79
 878 0351 05       		.byte	5
 879 0352 50       		.byte	80
 880 0353 08       		.byte	8
 881 0354 54       		.byte	84
 882 0355 01       		.byte	1
 883 0356 58       		.byte	88
 884 0357 04       		.byte	4
 885 0358 59       		.byte	89
 886 0359 04       		.byte	4
 887 035a 5A       		.byte	90
 888 035b 04       		.byte	4
 889 035c 5B       		.byte	91
 890 035d 04       		.byte	4
 891 035e 5C       		.byte	92
 892 035f 21       		.byte	33
 893 0360 5D       		.byte	93
 894 0361 22       		.byte	34
 895 0362 5F       		.byte	95
 896 0363 01       		.byte	1
 897 0364 60       		.byte	96
 898 0365 40       		.byte	64
 899 0366 61       		.byte	97
 900 0367 A8       		.byte	-88
 901 0368 62       		.byte	98
 902 0369 40       		.byte	64
 903 036a 63       		.byte	99
 904 036b 20       		.byte	32
 905 036c 80       		.byte	-128
 906 036d 80       		.byte	-128
 907 036e 84       		.byte	-124
 908 036f 44       		.byte	68
 909 0370 86       		.byte	-122
 910 0371 31       		.byte	49
 911 0372 88       		.byte	-120
 912 0373 22       		.byte	34
ARM GAS  C:\Users\Windows\AppData\Local\Temp\cc44f0zC.s 			page 17


 913 0374 8A       		.byte	-118
 914 0375 51       		.byte	81
 915 0376 8B       		.byte	-117
 916 0377 01       		.byte	1
 917 0378 97       		.byte	-105
 918 0379 01       		.byte	1
 919 037a 98       		.byte	-104
 920 037b 01       		.byte	1
 921 037c 99       		.byte	-103
 922 037d 02       		.byte	2
 923 037e 9A       		.byte	-102
 924 037f 0E       		.byte	14
 925 0380 A4       		.byte	-92
 926 0381 E7       		.byte	-25
 927 0382 A8       		.byte	-88
 928 0383 E7       		.byte	-25
 929 0384 B0       		.byte	-80
 930 0385 80       		.byte	-128
 931 0386 B2       		.byte	-78
 932 0387 60       		.byte	96
 933 0388 B4       		.byte	-76
 934 0389 07       		.byte	7
 935 038a B5       		.byte	-75
 936 038b 02       		.byte	2
 937 038c B6       		.byte	-74
 938 038d 18       		.byte	24
 939 038e B7       		.byte	-73
 940 038f 01       		.byte	1
 941 0390 BE       		.byte	-66
 942 0391 40       		.byte	64
 943 0392 BF       		.byte	-65
 944 0393 50       		.byte	80
 945 0394 C0       		.byte	-64
 946 0395 54       		.byte	84
 947 0396 C1       		.byte	-63
 948 0397 03       		.byte	3
 949 0398 C2       		.byte	-62
 950 0399 06       		.byte	6
 951 039a C4       		.byte	-60
 952 039b 01       		.byte	1
 953 039c C6       		.byte	-58
 954 039d CE       		.byte	-50
 955 039e C8       		.byte	-56
 956 039f 0C       		.byte	12
 957 03a0 C9       		.byte	-55
 958 03a1 FF       		.byte	-1
 959 03a2 CA       		.byte	-54
 960 03a3 FF       		.byte	-1
 961 03a4 CB       		.byte	-53
 962 03a5 FF       		.byte	-1
 963 03a6 CC       		.byte	-52
 964 03a7 62       		.byte	98
 965 03a8 CD       		.byte	-51
 966 03a9 A0       		.byte	-96
 967 03aa CE       		.byte	-50
 968 03ab F0       		.byte	-16
 969 03ac CF       		.byte	-49
ARM GAS  C:\Users\Windows\AppData\Local\Temp\cc44f0zC.s 			page 18


 970 03ad 41       		.byte	65
 971 03ae D0       		.byte	-48
 972 03af 0C       		.byte	12
 973 03b0 D8       		.byte	-40
 974 03b1 04       		.byte	4
 975 03b2 D9       		.byte	-39
 976 03b3 04       		.byte	4
 977 03b4 DA       		.byte	-38
 978 03b5 04       		.byte	4
 979 03b6 DC       		.byte	-36
 980 03b7 02       		.byte	2
 981 03b8 DD       		.byte	-35
 982 03b9 02       		.byte	2
 983 03ba DF       		.byte	-33
 984 03bb 01       		.byte	1
 985 03bc E6       		.byte	-26
 986 03bd 40       		.byte	64
 987 03be E7       		.byte	-25
 988 03bf 02       		.byte	2
 989 03c0 E9       		.byte	-23
 990 03c1 10       		.byte	16
 991 03c2 EA       		.byte	-22
 992 03c3 30       		.byte	48
 993 03c4 EB       		.byte	-21
 994 03c5 10       		.byte	16
 995 03c6 ED       		.byte	-19
 996 03c7 10       		.byte	16
 997 03c8 EE       		.byte	-18
 998 03c9 10       		.byte	16
 999 03ca EF       		.byte	-17
 1000 03cb 12       		.byte	18
 1001 03cc 00       		.byte	0
 1002 03cd 02       		.byte	2
 1003 03ce 01       		.byte	1
 1004 03cf 08       		.byte	8
 1005 03d0 02       		.byte	2
 1006 03d1 04       		.byte	4
 1007 03d2 04       		.byte	4
 1008 03d3 40       		.byte	64
 1009 03d4 06       		.byte	6
 1010 03d5 48       		.byte	72
 1011 03d6 07       		.byte	7
 1012 03d7 10       		.byte	16
 1013 03d8 0A       		.byte	10
 1014 03d9 08       		.byte	8
 1015 03da 0C       		.byte	12
 1016 03db 40       		.byte	64
 1017 03dc 0E       		.byte	14
 1018 03dd 22       		.byte	34
 1019 03de 0F       		.byte	15
 1020 03df 08       		.byte	8
 1021 03e0 11       		.byte	17
 1022 03e1 14       		.byte	20
 1023 03e2 15       		.byte	21
 1024 03e3 21       		.byte	33
 1025 03e4 16       		.byte	22
 1026 03e5 21       		.byte	33
ARM GAS  C:\Users\Windows\AppData\Local\Temp\cc44f0zC.s 			page 19


 1027 03e6 17       		.byte	23
 1028 03e7 21       		.byte	33
 1029 03e8 18       		.byte	24
 1030 03e9 01       		.byte	1
 1031 03ea 19       		.byte	25
 1032 03eb 08       		.byte	8
 1033 03ec 1A       		.byte	26
 1034 03ed 48       		.byte	72
 1035 03ee 1C       		.byte	28
 1036 03ef 40       		.byte	64
 1037 03f0 1D       		.byte	29
 1038 03f1 04       		.byte	4
 1039 03f2 1E       		.byte	30
 1040 03f3 24       		.byte	36
 1041 03f4 1F       		.byte	31
 1042 03f5 40       		.byte	64
 1043 03f6 22       		.byte	34
 1044 03f7 A0       		.byte	-96
 1045 03f8 27       		.byte	39
 1046 03f9 40       		.byte	64
 1047 03fa 2C       		.byte	44
 1048 03fb 41       		.byte	65
 1049 03fc 2E       		.byte	46
 1050 03fd 4C       		.byte	76
 1051 03fe 2F       		.byte	47
 1052 03ff 04       		.byte	4
 1053 0400 31       		.byte	49
 1054 0401 10       		.byte	16
 1055 0402 32       		.byte	50
 1056 0403 08       		.byte	8
 1057 0404 36       		.byte	54
 1058 0405 02       		.byte	2
 1059 0406 37       		.byte	55
 1060 0407 50       		.byte	80
 1061 0408 38       		.byte	56
 1062 0409 22       		.byte	34
 1063 040a 39       		.byte	57
 1064 040b 40       		.byte	64
 1065 040c 3A       		.byte	58
 1066 040d 01       		.byte	1
 1067 040e 3B       		.byte	59
 1068 040f 80       		.byte	-128
 1069 0410 3C       		.byte	60
 1070 0411 80       		.byte	-128
 1071 0412 3D       		.byte	61
 1072 0413 01       		.byte	1
 1073 0414 40       		.byte	64
 1074 0415 01       		.byte	1
 1075 0416 41       		.byte	65
 1076 0417 04       		.byte	4
 1077 0418 42       		.byte	66
 1078 0419 40       		.byte	64
 1079 041a 45       		.byte	69
 1080 041b 08       		.byte	8
 1081 041c 48       		.byte	72
 1082 041d 02       		.byte	2
 1083 041e 49       		.byte	73
ARM GAS  C:\Users\Windows\AppData\Local\Temp\cc44f0zC.s 			page 20


 1084 041f 40       		.byte	64
 1085 0420 4A       		.byte	74
 1086 0421 08       		.byte	8
 1087 0422 50       		.byte	80
 1088 0423 50       		.byte	80
 1089 0424 54       		.byte	84
 1090 0425 48       		.byte	72
 1091 0426 57       		.byte	87
 1092 0427 04       		.byte	4
 1093 0428 5D       		.byte	93
 1094 0429 42       		.byte	66
 1095 042a 5F       		.byte	95
 1096 042b 28       		.byte	40
 1097 042c 7C       		.byte	124
 1098 042d C0       		.byte	-64
 1099 042e 91       		.byte	-111
 1100 042f 20       		.byte	32
 1101 0430 93       		.byte	-109
 1102 0431 08       		.byte	8
 1103 0432 94       		.byte	-108
 1104 0433 82       		.byte	-126
 1105 0434 96       		.byte	-106
 1106 0435 A2       		.byte	-94
 1107 0436 97       		.byte	-105
 1108 0437 40       		.byte	64
 1109 0438 99       		.byte	-103
 1110 0439 82       		.byte	-126
 1111 043a 9A       		.byte	-102
 1112 043b 10       		.byte	16
 1113 043c 9B       		.byte	-101
 1114 043d 19       		.byte	25
 1115 043e 9C       		.byte	-100
 1116 043f 80       		.byte	-128
 1117 0440 9E       		.byte	-98
 1118 0441 24       		.byte	36
 1119 0442 A1       		.byte	-95
 1120 0443 0A       		.byte	10
 1121 0444 A2       		.byte	-94
 1122 0445 03       		.byte	3
 1123 0446 A3       		.byte	-93
 1124 0447 01       		.byte	1
 1125 0448 A4       		.byte	-92
 1126 0449 4A       		.byte	74
 1127 044a A6       		.byte	-90
 1128 044b 80       		.byte	-128
 1129 044c AD       		.byte	-83
 1130 044d 10       		.byte	16
 1131 044e AF       		.byte	-81
 1132 044f 01       		.byte	1
 1133 0450 C0       		.byte	-64
 1134 0451 FE       		.byte	-2
 1135 0452 C2       		.byte	-62
 1136 0453 E2       		.byte	-30
 1137 0454 C4       		.byte	-60
 1138 0455 F6       		.byte	-10
 1139 0456 CA       		.byte	-54
 1140 0457 A0       		.byte	-96
ARM GAS  C:\Users\Windows\AppData\Local\Temp\cc44f0zC.s 			page 21


 1141 0458 CC       		.byte	-52
 1142 0459 B6       		.byte	-74
 1143 045a CE       		.byte	-50
 1144 045b 94       		.byte	-108
 1145 045c D0       		.byte	-48
 1146 045d 4B       		.byte	75
 1147 045e D2       		.byte	-46
 1148 045f 0C       		.byte	12
 1149 0460 D6       		.byte	-42
 1150 0461 F0       		.byte	-16
 1151 0462 E0       		.byte	-32
 1152 0463 40       		.byte	64
 1153 0464 E8       		.byte	-24
 1154 0465 20       		.byte	32
 1155 0466 32       		.byte	50
 1156 0467 80       		.byte	-128
 1157 0468 CC       		.byte	-52
 1158 0469 10       		.byte	16
 1159 046a A6       		.byte	-90
 1160 046b 80       		.byte	-128
 1161 046c 12       		.byte	18
 1162 046d 80       		.byte	-128
 1163 046e 87       		.byte	-121
 1164 046f 01       		.byte	1
 1165 0470 A6       		.byte	-90
 1166 0471 80       		.byte	-128
 1167 0472 C4       		.byte	-60
 1168 0473 10       		.byte	16
 1169 0474 E0       		.byte	-32
 1170 0475 40       		.byte	64
 1171 0476 9F       		.byte	-97
 1172 0477 01       		.byte	1
 1173 0478 7F       		.byte	127
 1174 0479 20       		.byte	32
 1175 047a DE       		.byte	-34
 1176 047b 01       		.byte	1
 1177 047c A7       		.byte	-89
 1178 047d 20       		.byte	32
 1179 047e 45       		.byte	69
 1180 047f 08       		.byte	8
 1181 0480 85       		.byte	-123
 1182 0481 08       		.byte	8
 1183 0482 A7       		.byte	-89
 1184 0483 20       		.byte	32
 1185 0484 D0       		.byte	-48
 1186 0485 01       		.byte	1
 1187 0486 A7       		.byte	-89
 1188 0487 20       		.byte	32
 1189 0488 27       		.byte	39
 1190 0489 01       		.byte	1
 1191 048a 66       		.byte	102
 1192 048b 02       		.byte	2
 1193 048c 9F       		.byte	-97
 1194 048d 01       		.byte	1
 1195 048e C8       		.byte	-56
 1196 048f 20       		.byte	32
 1197 0490 D8       		.byte	-40
ARM GAS  C:\Users\Windows\AppData\Local\Temp\cc44f0zC.s 			page 22


 1198 0491 80       		.byte	-128
 1199 0492 07       		.byte	7
 1200 0493 80       		.byte	-128
 1201 0494 58       		.byte	88
 1202 0495 40       		.byte	64
 1203 0496 83       		.byte	-125
 1204 0497 80       		.byte	-128
 1205 0498 84       		.byte	-124
 1206 0499 40       		.byte	64
 1207 049a 8E       		.byte	-114
 1208 049b 02       		.byte	2
 1209 049c 9E       		.byte	-98
 1210 049d 02       		.byte	2
 1211 049e C0       		.byte	-64
 1212 049f 20       		.byte	32
 1213 04a0 D4       		.byte	-44
 1214 04a1 80       		.byte	-128
 1215 04a2 E0       		.byte	-32
 1216 04a3 80       		.byte	-128
 1217 04a4 E6       		.byte	-26
 1218 04a5 10       		.byte	16
 1219 04a6 A7       		.byte	-89
 1220 04a7 20       		.byte	32
 1221 04a8 73       		.byte	115
 1222 04a9 40       		.byte	64
 1223 04aa 8F       		.byte	-113
 1224 04ab 20       		.byte	32
 1225 04ac 93       		.byte	-109
 1226 04ad 40       		.byte	64
 1227 04ae A7       		.byte	-89
 1228 04af 20       		.byte	32
 1229 04b0 B3       		.byte	-77
 1230 04b1 40       		.byte	64
 1231 04b2 DC       		.byte	-36
 1232 04b3 01       		.byte	1
 1233 04b4 E0       		.byte	-32
 1234 04b5 02       		.byte	2
 1235 04b6 E8       		.byte	-24
 1236 04b7 04       		.byte	4
 1237 04b8 00       		.byte	0
 1238 04b9 06       		.byte	6
 1239 04ba 0A       		.byte	10
 1240 04bb 06       		.byte	6
 1241 04bc 10       		.byte	16
 1242 04bd 06       		.byte	6
 1243 04be 1A       		.byte	26
 1244 04bf 06       		.byte	6
 1245 04c0 00       		.byte	0
 1246 04c1 02       		.byte	2
 1247 04c2 00       		.byte	0
 1248 04c3 00       		.byte	0
 1249 04c4 80       		.byte	-128
 1250 04c5 00       		.byte	0
 1251 04c6 40       		.byte	64
 1252 04c7 80       		.byte	-128
 1253 04c8 80       		.byte	-128
 1254 04c9 00       		.byte	0
ARM GAS  C:\Users\Windows\AppData\Local\Temp\cc44f0zC.s 			page 23


 1255 04ca 80       		.byte	-128
 1256 04cb 00       		.byte	0
 1257 04cc 00       		.byte	0
 1258 04cd 00       		.byte	0
 1259 04ce 00       		.byte	0
 1260 04cf 00       		.byte	0
 1261 04d0 00       		.byte	0
 1262 04d1 0B       		.byte	11
 1263 04d2 0B       		.byte	11
 1264 04d3 00       		.byte	0
 1265 04d4 00       		.byte	0
 1266 04d5 00       		.byte	0
 1267 04d6 04       		.byte	4
 1268 04d7 00       		.byte	0
 1269 04d8 00       		.byte	0
 1270 04d9 00       		.byte	0
 1271 04da 00       		.byte	0
 1272 04db 00       		.byte	0
 1273 04dc 00       		.byte	0
 1274 04dd 00       		.byte	0
 1275 04de A4       		.byte	-92
 1276 04df 00       		.byte	0
 1277 04e0 01       		.byte	1
 1278 04e1 00       		.byte	0
 1279 04e2 02       		.byte	2
 1280 04e3 01       		.byte	1
 1281 04e4 01       		.byte	1
 1282 04e5 00       		.byte	0
 1283 04e6 01       		.byte	1
 1284 04e7 00       		.byte	0
 1285 04e8 00       		.byte	0
 1286 04e9 00       		.byte	0
 1287 04ea 00       		.byte	0
 1288 04eb 00       		.byte	0
 1289 04ec 25       		.byte	37
 1290 04ed 00       		.byte	0
 1291 04ee 18       		.byte	24
 1292 04ef 01       		.byte	1
 1293              		.section	.cywolatch,"a",%progbits
 1294              		.align	2
 1295              		.type	cy_meta_wonvl, %object
 1296              		.size	cy_meta_wonvl, 4
 1297              	cy_meta_wonvl:
 1298 0000 BC       		.byte	-68
 1299 0001 90       		.byte	-112
 1300 0002 AC       		.byte	-84
 1301 0003 AF       		.byte	-81
 1302              		.section	.cycustnvl,"a",%progbits
 1303              		.align	2
 1304              		.type	cy_meta_custnvl, %object
 1305              		.size	cy_meta_custnvl, 4
 1306              	cy_meta_custnvl:
 1307 0000 00       		.byte	0
 1308 0001 00       		.byte	0
 1309 0002 40       		.byte	64
 1310 0003 05       		.byte	5
 1311              		.section	.cymeta,"a",%progbits
ARM GAS  C:\Users\Windows\AppData\Local\Temp\cc44f0zC.s 			page 24


 1312              		.align	2
 1313              		.type	cy_metadata, %object
 1314              		.size	cy_metadata, 12
 1315              	cy_metadata:
 1316 0000 00       		.byte	0
 1317 0001 01       		.byte	1
 1318 0002 2E       		.byte	46
 1319 0003 16       		.byte	22
 1320 0004 10       		.byte	16
 1321 0005 69       		.byte	105
 1322 0006 00       		.byte	0
 1323 0007 01       		.byte	1
 1324 0008 00       		.byte	0
 1325 0009 00       		.byte	0
 1326 000a 00       		.byte	0
 1327 000b 00       		.byte	0
 1328              		.section	.cyflashprotect,"a",%progbits
 1329              		.align	2
 1330              		.type	cy_meta_flashprotect, %object
 1331              		.size	cy_meta_flashprotect, 256
 1332              	cy_meta_flashprotect:
 1333 0000 00000000 		.space	256
 1333      00000000 
 1333      00000000 
 1333      00000000 
 1333      00000000 
 1334              		.text
 1335              	.Letext0:
 1336              		.file 1 "c:\\program files (x86)\\cypress\\psoc creator\\4.4\\psoc creator\\import\\gnu\\arm\\5.4.
 1337              		.file 2 "c:\\program files (x86)\\cypress\\psoc creator\\4.4\\psoc creator\\import\\gnu\\arm\\5.4.
 1338              		.file 3 "Generated_Source\\PSoC5\\cymetadata.c"
 1339              		.section	.debug_info,"",%progbits
 1340              	.Ldebug_info0:
 1341 0000 32010000 		.4byte	0x132
 1342 0004 0400     		.2byte	0x4
 1343 0006 00000000 		.4byte	.Ldebug_abbrev0
 1344 000a 04       		.byte	0x4
 1345 000b 01       		.uleb128 0x1
 1346 000c 24000000 		.4byte	.LASF17
 1347 0010 0C       		.byte	0xc
 1348 0011 EE010000 		.4byte	.LASF18
 1349 0015 7E010000 		.4byte	.LASF19
 1350 0019 00000000 		.4byte	.Ldebug_line0
 1351 001d 02       		.uleb128 0x2
 1352 001e 01       		.byte	0x1
 1353 001f 06       		.byte	0x6
 1354 0020 72010000 		.4byte	.LASF0
 1355 0024 03       		.uleb128 0x3
 1356 0025 00000000 		.4byte	.LASF9
 1357 0029 01       		.byte	0x1
 1358 002a 1D       		.byte	0x1d
 1359 002b 2F000000 		.4byte	0x2f
 1360 002f 02       		.uleb128 0x2
 1361 0030 01       		.byte	0x1
 1362 0031 08       		.byte	0x8
 1363 0032 16000000 		.4byte	.LASF1
 1364 0036 02       		.uleb128 0x2
ARM GAS  C:\Users\Windows\AppData\Local\Temp\cc44f0zC.s 			page 25


 1365 0037 02       		.byte	0x2
 1366 0038 05       		.byte	0x5
 1367 0039 5F010000 		.4byte	.LASF2
 1368 003d 02       		.uleb128 0x2
 1369 003e 02       		.byte	0x2
 1370 003f 07       		.byte	0x7
 1371 0040 C4000000 		.4byte	.LASF3
 1372 0044 02       		.uleb128 0x2
 1373 0045 04       		.byte	0x4
 1374 0046 05       		.byte	0x5
 1375 0047 69010000 		.4byte	.LASF4
 1376 004b 02       		.uleb128 0x2
 1377 004c 04       		.byte	0x4
 1378 004d 07       		.byte	0x7
 1379 004e B2000000 		.4byte	.LASF5
 1380 0052 02       		.uleb128 0x2
 1381 0053 08       		.byte	0x8
 1382 0054 05       		.byte	0x5
 1383 0055 51010000 		.4byte	.LASF6
 1384 0059 02       		.uleb128 0x2
 1385 005a 08       		.byte	0x8
 1386 005b 07       		.byte	0x7
 1387 005c 06010000 		.4byte	.LASF7
 1388 0060 04       		.uleb128 0x4
 1389 0061 04       		.byte	0x4
 1390 0062 05       		.byte	0x5
 1391 0063 696E7400 		.ascii	"int\000"
 1392 0067 02       		.uleb128 0x2
 1393 0068 04       		.byte	0x4
 1394 0069 07       		.byte	0x7
 1395 006a F9000000 		.4byte	.LASF8
 1396 006e 03       		.uleb128 0x3
 1397 006f 1D010000 		.4byte	.LASF10
 1398 0073 02       		.byte	0x2
 1399 0074 18       		.byte	0x18
 1400 0075 24000000 		.4byte	0x24
 1401 0079 05       		.uleb128 0x5
 1402 007a 91000000 		.4byte	0x91
 1403 007e 8A000000 		.4byte	0x8a
 1404 0082 06       		.uleb128 0x6
 1405 0083 8A000000 		.4byte	0x8a
 1406 0087 EF04     		.2byte	0x4ef
 1407 0089 00       		.byte	0
 1408 008a 02       		.uleb128 0x2
 1409 008b 04       		.byte	0x4
 1410 008c 07       		.byte	0x7
 1411 008d 48010000 		.4byte	.LASF11
 1412 0091 07       		.uleb128 0x7
 1413 0092 6E000000 		.4byte	0x6e
 1414 0096 08       		.uleb128 0x8
 1415 0097 E7000000 		.4byte	.LASF12
 1416 009b 03       		.byte	0x3
 1417 009c 1F       		.byte	0x1f
 1418 009d A7000000 		.4byte	0xa7
 1419 00a1 05       		.uleb128 0x5
 1420 00a2 03       		.byte	0x3
 1421 00a3 00000000 		.4byte	cy_meta_configecc
ARM GAS  C:\Users\Windows\AppData\Local\Temp\cc44f0zC.s 			page 26


 1422 00a7 07       		.uleb128 0x7
 1423 00a8 79000000 		.4byte	0x79
 1424 00ac 05       		.uleb128 0x5
 1425 00ad 91000000 		.4byte	0x91
 1426 00b1 BC000000 		.4byte	0xbc
 1427 00b5 09       		.uleb128 0x9
 1428 00b6 8A000000 		.4byte	0x8a
 1429 00ba 03       		.byte	0x3
 1430 00bb 00       		.byte	0
 1431 00bc 08       		.uleb128 0x8
 1432 00bd D7000000 		.4byte	.LASF13
 1433 00c1 03       		.byte	0x3
 1434 00c2 CA       		.byte	0xca
 1435 00c3 CD000000 		.4byte	0xcd
 1436 00c7 05       		.uleb128 0x5
 1437 00c8 03       		.byte	0x3
 1438 00c9 00000000 		.4byte	cy_meta_custnvl
 1439 00cd 07       		.uleb128 0x7
 1440 00ce AC000000 		.4byte	0xac
 1441 00d2 08       		.uleb128 0x8
 1442 00d3 3A010000 		.4byte	.LASF14
 1443 00d7 03       		.byte	0x3
 1444 00d8 D8       		.byte	0xd8
 1445 00d9 E3000000 		.4byte	0xe3
 1446 00dd 05       		.uleb128 0x5
 1447 00de 03       		.byte	0x3
 1448 00df 00000000 		.4byte	cy_meta_wonvl
 1449 00e3 07       		.uleb128 0x7
 1450 00e4 AC000000 		.4byte	0xac
 1451 00e8 05       		.uleb128 0x5
 1452 00e9 91000000 		.4byte	0x91
 1453 00ed F8000000 		.4byte	0xf8
 1454 00f1 09       		.uleb128 0x9
 1455 00f2 8A000000 		.4byte	0x8a
 1456 00f6 FF       		.byte	0xff
 1457 00f7 00       		.byte	0
 1458 00f8 08       		.uleb128 0x8
 1459 00f9 25010000 		.4byte	.LASF15
 1460 00fd 03       		.byte	0x3
 1461 00fe E6       		.byte	0xe6
 1462 00ff 09010000 		.4byte	0x109
 1463 0103 05       		.uleb128 0x5
 1464 0104 03       		.byte	0x3
 1465 0105 00000000 		.4byte	cy_meta_flashprotect
 1466 0109 07       		.uleb128 0x7
 1467 010a E8000000 		.4byte	0xe8
 1468 010e 05       		.uleb128 0x5
 1469 010f 91000000 		.4byte	0x91
 1470 0113 1E010000 		.4byte	0x11e
 1471 0117 09       		.uleb128 0x9
 1472 0118 8A000000 		.4byte	0x8a
 1473 011c 0B       		.byte	0xb
 1474 011d 00       		.byte	0
 1475 011e 0A       		.uleb128 0xa
 1476 011f 0A000000 		.4byte	.LASF16
 1477 0123 03       		.byte	0x3
 1478 0124 1301     		.2byte	0x113
ARM GAS  C:\Users\Windows\AppData\Local\Temp\cc44f0zC.s 			page 27


 1479 0126 30010000 		.4byte	0x130
 1480 012a 05       		.uleb128 0x5
 1481 012b 03       		.byte	0x3
 1482 012c 00000000 		.4byte	cy_metadata
 1483 0130 07       		.uleb128 0x7
 1484 0131 0E010000 		.4byte	0x10e
 1485 0135 00       		.byte	0
 1486              		.section	.debug_abbrev,"",%progbits
 1487              	.Ldebug_abbrev0:
 1488 0000 01       		.uleb128 0x1
 1489 0001 11       		.uleb128 0x11
 1490 0002 01       		.byte	0x1
 1491 0003 25       		.uleb128 0x25
 1492 0004 0E       		.uleb128 0xe
 1493 0005 13       		.uleb128 0x13
 1494 0006 0B       		.uleb128 0xb
 1495 0007 03       		.uleb128 0x3
 1496 0008 0E       		.uleb128 0xe
 1497 0009 1B       		.uleb128 0x1b
 1498 000a 0E       		.uleb128 0xe
 1499 000b 10       		.uleb128 0x10
 1500 000c 17       		.uleb128 0x17
 1501 000d 00       		.byte	0
 1502 000e 00       		.byte	0
 1503 000f 02       		.uleb128 0x2
 1504 0010 24       		.uleb128 0x24
 1505 0011 00       		.byte	0
 1506 0012 0B       		.uleb128 0xb
 1507 0013 0B       		.uleb128 0xb
 1508 0014 3E       		.uleb128 0x3e
 1509 0015 0B       		.uleb128 0xb
 1510 0016 03       		.uleb128 0x3
 1511 0017 0E       		.uleb128 0xe
 1512 0018 00       		.byte	0
 1513 0019 00       		.byte	0
 1514 001a 03       		.uleb128 0x3
 1515 001b 16       		.uleb128 0x16
 1516 001c 00       		.byte	0
 1517 001d 03       		.uleb128 0x3
 1518 001e 0E       		.uleb128 0xe
 1519 001f 3A       		.uleb128 0x3a
 1520 0020 0B       		.uleb128 0xb
 1521 0021 3B       		.uleb128 0x3b
 1522 0022 0B       		.uleb128 0xb
 1523 0023 49       		.uleb128 0x49
 1524 0024 13       		.uleb128 0x13
 1525 0025 00       		.byte	0
 1526 0026 00       		.byte	0
 1527 0027 04       		.uleb128 0x4
 1528 0028 24       		.uleb128 0x24
 1529 0029 00       		.byte	0
 1530 002a 0B       		.uleb128 0xb
 1531 002b 0B       		.uleb128 0xb
 1532 002c 3E       		.uleb128 0x3e
 1533 002d 0B       		.uleb128 0xb
 1534 002e 03       		.uleb128 0x3
 1535 002f 08       		.uleb128 0x8
ARM GAS  C:\Users\Windows\AppData\Local\Temp\cc44f0zC.s 			page 28


 1536 0030 00       		.byte	0
 1537 0031 00       		.byte	0
 1538 0032 05       		.uleb128 0x5
 1539 0033 01       		.uleb128 0x1
 1540 0034 01       		.byte	0x1
 1541 0035 49       		.uleb128 0x49
 1542 0036 13       		.uleb128 0x13
 1543 0037 01       		.uleb128 0x1
 1544 0038 13       		.uleb128 0x13
 1545 0039 00       		.byte	0
 1546 003a 00       		.byte	0
 1547 003b 06       		.uleb128 0x6
 1548 003c 21       		.uleb128 0x21
 1549 003d 00       		.byte	0
 1550 003e 49       		.uleb128 0x49
 1551 003f 13       		.uleb128 0x13
 1552 0040 2F       		.uleb128 0x2f
 1553 0041 05       		.uleb128 0x5
 1554 0042 00       		.byte	0
 1555 0043 00       		.byte	0
 1556 0044 07       		.uleb128 0x7
 1557 0045 26       		.uleb128 0x26
 1558 0046 00       		.byte	0
 1559 0047 49       		.uleb128 0x49
 1560 0048 13       		.uleb128 0x13
 1561 0049 00       		.byte	0
 1562 004a 00       		.byte	0
 1563 004b 08       		.uleb128 0x8
 1564 004c 34       		.uleb128 0x34
 1565 004d 00       		.byte	0
 1566 004e 03       		.uleb128 0x3
 1567 004f 0E       		.uleb128 0xe
 1568 0050 3A       		.uleb128 0x3a
 1569 0051 0B       		.uleb128 0xb
 1570 0052 3B       		.uleb128 0x3b
 1571 0053 0B       		.uleb128 0xb
 1572 0054 49       		.uleb128 0x49
 1573 0055 13       		.uleb128 0x13
 1574 0056 3F       		.uleb128 0x3f
 1575 0057 19       		.uleb128 0x19
 1576 0058 02       		.uleb128 0x2
 1577 0059 18       		.uleb128 0x18
 1578 005a 00       		.byte	0
 1579 005b 00       		.byte	0
 1580 005c 09       		.uleb128 0x9
 1581 005d 21       		.uleb128 0x21
 1582 005e 00       		.byte	0
 1583 005f 49       		.uleb128 0x49
 1584 0060 13       		.uleb128 0x13
 1585 0061 2F       		.uleb128 0x2f
 1586 0062 0B       		.uleb128 0xb
 1587 0063 00       		.byte	0
 1588 0064 00       		.byte	0
 1589 0065 0A       		.uleb128 0xa
 1590 0066 34       		.uleb128 0x34
 1591 0067 00       		.byte	0
 1592 0068 03       		.uleb128 0x3
ARM GAS  C:\Users\Windows\AppData\Local\Temp\cc44f0zC.s 			page 29


 1593 0069 0E       		.uleb128 0xe
 1594 006a 3A       		.uleb128 0x3a
 1595 006b 0B       		.uleb128 0xb
 1596 006c 3B       		.uleb128 0x3b
 1597 006d 05       		.uleb128 0x5
 1598 006e 49       		.uleb128 0x49
 1599 006f 13       		.uleb128 0x13
 1600 0070 3F       		.uleb128 0x3f
 1601 0071 19       		.uleb128 0x19
 1602 0072 02       		.uleb128 0x2
 1603 0073 18       		.uleb128 0x18
 1604 0074 00       		.byte	0
 1605 0075 00       		.byte	0
 1606 0076 00       		.byte	0
 1607              		.section	.debug_aranges,"",%progbits
 1608 0000 14000000 		.4byte	0x14
 1609 0004 0200     		.2byte	0x2
 1610 0006 00000000 		.4byte	.Ldebug_info0
 1611 000a 04       		.byte	0x4
 1612 000b 00       		.byte	0
 1613 000c 0000     		.2byte	0
 1614 000e 0000     		.2byte	0
 1615 0010 00000000 		.4byte	0
 1616 0014 00000000 		.4byte	0
 1617              		.section	.debug_line,"",%progbits
 1618              	.Ldebug_line0:
 1619 0000 3D010000 		.section	.debug_str,"MS",%progbits,1
 1619      02003701 
 1619      00000201 
 1619      FB0E0D00 
 1619      01010101 
 1620              	.LASF9:
 1621 0000 5F5F7569 		.ascii	"__uint8_t\000"
 1621      6E74385F 
 1621      7400
 1622              	.LASF16:
 1623 000a 63795F6D 		.ascii	"cy_metadata\000"
 1623      65746164 
 1623      61746100 
 1624              	.LASF1:
 1625 0016 756E7369 		.ascii	"unsigned char\000"
 1625      676E6564 
 1625      20636861 
 1625      7200
 1626              	.LASF17:
 1627 0024 474E5520 		.ascii	"GNU C11 5.4.1 20160609 (release) [ARM/embedded-5-br"
 1627      43313120 
 1627      352E342E 
 1627      31203230 
 1627      31363036 
 1628 0057 616E6368 		.ascii	"anch revision 237715] -mcpu=cortex-m3 -mthumb -g -O"
 1628      20726576 
 1628      6973696F 
 1628      6E203233 
 1628      37373135 
 1629 008a 67202D66 		.ascii	"g -ffunction-sections -ffat-lto-objects\000"
 1629      66756E63 
ARM GAS  C:\Users\Windows\AppData\Local\Temp\cc44f0zC.s 			page 30


 1629      74696F6E 
 1629      2D736563 
 1629      74696F6E 
 1630              	.LASF5:
 1631 00b2 6C6F6E67 		.ascii	"long unsigned int\000"
 1631      20756E73 
 1631      69676E65 
 1631      6420696E 
 1631      7400
 1632              	.LASF3:
 1633 00c4 73686F72 		.ascii	"short unsigned int\000"
 1633      7420756E 
 1633      7369676E 
 1633      65642069 
 1633      6E7400
 1634              	.LASF13:
 1635 00d7 63795F6D 		.ascii	"cy_meta_custnvl\000"
 1635      6574615F 
 1635      63757374 
 1635      6E766C00 
 1636              	.LASF12:
 1637 00e7 63795F6D 		.ascii	"cy_meta_configecc\000"
 1637      6574615F 
 1637      636F6E66 
 1637      69676563 
 1637      6300
 1638              	.LASF8:
 1639 00f9 756E7369 		.ascii	"unsigned int\000"
 1639      676E6564 
 1639      20696E74 
 1639      00
 1640              	.LASF7:
 1641 0106 6C6F6E67 		.ascii	"long long unsigned int\000"
 1641      206C6F6E 
 1641      6720756E 
 1641      7369676E 
 1641      65642069 
 1642              	.LASF10:
 1643 011d 75696E74 		.ascii	"uint8_t\000"
 1643      385F7400 
 1644              	.LASF15:
 1645 0125 63795F6D 		.ascii	"cy_meta_flashprotect\000"
 1645      6574615F 
 1645      666C6173 
 1645      6870726F 
 1645      74656374 
 1646              	.LASF14:
 1647 013a 63795F6D 		.ascii	"cy_meta_wonvl\000"
 1647      6574615F 
 1647      776F6E76 
 1647      6C00
 1648              	.LASF11:
 1649 0148 73697A65 		.ascii	"sizetype\000"
 1649      74797065 
 1649      00
 1650              	.LASF6:
 1651 0151 6C6F6E67 		.ascii	"long long int\000"
ARM GAS  C:\Users\Windows\AppData\Local\Temp\cc44f0zC.s 			page 31


 1651      206C6F6E 
 1651      6720696E 
 1651      7400
 1652              	.LASF2:
 1653 015f 73686F72 		.ascii	"short int\000"
 1653      7420696E 
 1653      7400
 1654              	.LASF4:
 1655 0169 6C6F6E67 		.ascii	"long int\000"
 1655      20696E74 
 1655      00
 1656              	.LASF0:
 1657 0172 7369676E 		.ascii	"signed char\000"
 1657      65642063 
 1657      68617200 
 1658              	.LASF19:
 1659 017e 433A5C55 		.ascii	"C:\\Users\\Windows\\Desktop\\Magistrale\\II_primo_s"
 1659      73657273 
 1659      5C57696E 
 1659      646F7773 
 1659      5C446573 
 1660 01ac 656D6573 		.ascii	"emestre\\Project  Lab Sens\\AY2223_I_Project-3\\PSO"
 1660      7472655C 
 1660      50726F6A 
 1660      65637420 
 1660      204C6162 
 1661 01dc 435C5072 		.ascii	"C\\Project3!.cydsn\000"
 1661      6F6A6563 
 1661      7433212E 
 1661      63796473 
 1661      6E00
 1662              	.LASF18:
 1663 01ee 47656E65 		.ascii	"Generated_Source\\PSoC5\\cymetadata.c\000"
 1663      72617465 
 1663      645F536F 
 1663      75726365 
 1663      5C50536F 
 1664              		.ident	"GCC: (GNU Tools for ARM Embedded Processors) 5.4.1 20160609 (release) [ARM/embedded-5-bran
