ARM GAS  C:\Users\Windows\AppData\Local\Temp\ccwRs23I.s 			page 1


   1              		.syntax unified
   2              		.cpu cortex-m3
   3              		.fpu softvfp
   4              		.eabi_attribute 20, 1
   5              		.eabi_attribute 21, 1
   6              		.eabi_attribute 23, 3
   7              		.eabi_attribute 24, 1
   8              		.eabi_attribute 25, 1
   9              		.eabi_attribute 26, 1
  10              		.eabi_attribute 30, 1
  11              		.eabi_attribute 34, 1
  12              		.eabi_attribute 18, 4
  13              		.thumb
  14              		.syntax unified
  15              		.file	"main.c"
  16              		.text
  17              	.Ltext0:
  18              		.cfi_sections	.debug_frame
  19              		.section	.text.main,"ax",%progbits
  20              		.align	2
  21              		.global	main
  22              		.thumb
  23              		.thumb_func
  24              		.type	main, %function
  25              	main:
  26              	.LFB64:
  27              		.file 1 "main.c"
   1:main.c        **** /* ========================================
   2:main.c        ****  *
   3:main.c        ****  * Copyright YOUR COMPANY, THE YEAR
   4:main.c        ****  * All Rights Reserved
   5:main.c        ****  * UNPUBLISHED, LICENSED SOFTWARE.
   6:main.c        ****  *
   7:main.c        ****  * CONFIDENTIAL AND PROPRIETARY INFORMATION
   8:main.c        ****  * WHICH IS THE PROPERTY OF your company.
   9:main.c        ****  *
  10:main.c        ****  * ========================================
  11:main.c        **** */
  12:main.c        **** #include "project.h"
  13:main.c        **** #include "stdio.h"
  14:main.c        **** #include "Interrupt_Routines.h"
  15:main.c        **** 
  16:main.c        **** #define LED_ON 1
  17:main.c        **** #define LED_OFF 0
  18:main.c        **** 
  19:main.c        **** char Received = 'N';
  20:main.c        **** 
  21:main.c        **** int main(void)
  22:main.c        **** {
  28              		.loc 1 22 0
  29              		.cfi_startproc
  30              		@ args = 0, pretend = 0, frame = 0
  31              		@ frame_needed = 0, uses_anonymous_args = 0
  32 0000 10B5     		push	{r4, lr}
  33              		.cfi_def_cfa_offset 8
  34              		.cfi_offset 4, -8
  35              		.cfi_offset 14, -4
ARM GAS  C:\Users\Windows\AppData\Local\Temp\ccwRs23I.s 			page 2


  23:main.c        ****     CyGlobalIntEnable; /* Enable global interrupts. */
  36              		.loc 1 23 0
  37              		.syntax unified
  38              	@ 23 "main.c" 1
  39 0002 62B6     		CPSIE   i
  40              	@ 0 "" 2
  24:main.c        **** 
  25:main.c        ****     /* Place your initialization/startup code here (e.g. MyInst_Start()) */
  26:main.c        ****     ADC_DelSig_Start();
  41              		.loc 1 26 0
  42              		.thumb
  43              		.syntax unified
  44 0004 FFF7FEFF 		bl	ADC_DelSig_Start
  45              	.LVL0:
  27:main.c        ****     UART_Start();
  46              		.loc 1 27 0
  47 0008 FFF7FEFF 		bl	UART_Start
  48              	.LVL1:
  28:main.c        ****     UART_BT_Start();
  49              		.loc 1 28 0
  50 000c FFF7FEFF 		bl	UART_BT_Start
  51              	.LVL2:
  29:main.c        ****     Timer_Start();
  52              		.loc 1 29 0
  53 0010 FFF7FEFF 		bl	Timer_Start
  54              	.LVL3:
  30:main.c        ****     isr_ADC_StartEx(Custom_ISR_ADC);
  55              		.loc 1 30 0
  56 0014 2648     		ldr	r0, .L11
  57 0016 FFF7FEFF 		bl	isr_ADC_StartEx
  58              	.LVL4:
  31:main.c        ****     //Initialize send flag
  32:main.c        ****     PacketReadyFlag = 0;
  59              		.loc 1 32 0
  60 001a 0023     		movs	r3, #0
  61 001c 254A     		ldr	r2, .L11+4
  62 001e 1370     		strb	r3, [r2]
  33:main.c        ****     PacketReadyFlag1 = 0;
  63              		.loc 1 33 0
  64 0020 254A     		ldr	r2, .L11+8
  65 0022 1370     		strb	r3, [r2]
  34:main.c        ****     //Start the ADC conversion
  35:main.c        ****     ADC_DelSig_StartConvert();
  66              		.loc 1 35 0
  67 0024 FFF7FEFF 		bl	ADC_DelSig_StartConvert
  68              	.LVL5:
  36:main.c        ****     
  37:main.c        ****     //Mux Start
  38:main.c        ****     AMux_Start();
  69              		.loc 1 38 0
  70 0028 FFF7FEFF 		bl	AMux_Start
  71              	.LVL6:
  39:main.c        ****     
  40:main.c        ****     DataBuffer[0] = 0xA0;
  72              		.loc 1 40 0
  73 002c 234B     		ldr	r3, .L11+12
  74 002e A022     		movs	r2, #160
ARM GAS  C:\Users\Windows\AppData\Local\Temp\ccwRs23I.s 			page 3


  75 0030 1A70     		strb	r2, [r3]
  41:main.c        ****     DataBuffer[TRANSMIT_BUFFER_SIZE-1] = 0xC0;
  76              		.loc 1 41 0
  77 0032 C022     		movs	r2, #192
  78 0034 5A72     		strb	r2, [r3, #9]
  42:main.c        ****     DataBuffer1[0] = 0xAA;
  79              		.loc 1 42 0
  80 0036 224B     		ldr	r3, .L11+16
  81 0038 AA22     		movs	r2, #170
  82 003a 1A70     		strb	r2, [r3]
  43:main.c        ****     DataBuffer1[TRANSMIT_BUFFER_SIZE-1] = 0xFF;
  83              		.loc 1 43 0
  84 003c FF22     		movs	r2, #255
  85 003e 5A72     		strb	r2, [r3, #9]
  86              	.L3:
  44:main.c        ****     
  45:main.c        ****     for(;;)
  46:main.c        ****     {
  47:main.c        ****         /* Place your application code here. */
  48:main.c        ****         Received = UART_BT_GetChar();
  87              		.loc 1 48 0
  88 0040 FFF7FEFF 		bl	UART_BT_GetChar
  89              	.LVL7:
  90 0044 1F4B     		ldr	r3, .L11+20
  91 0046 1870     		strb	r0, [r3]
  49:main.c        ****        
  50:main.c        ****         if(Received!='Y'){
  92              		.loc 1 50 0
  93 0048 5928     		cmp	r0, #89
  94 004a 09D0     		beq	.L2
  51:main.c        ****             Pin_LED_Write( ~Pin_LED_Read() );
  95              		.loc 1 51 0
  96 004c FFF7FEFF 		bl	Pin_LED_Read
  97              	.LVL8:
  98 0050 C043     		mvns	r0, r0
  99 0052 C0B2     		uxtb	r0, r0
 100 0054 FFF7FEFF 		bl	Pin_LED_Write
 101              	.LVL9:
  52:main.c        ****             CyDelay(500);
 102              		.loc 1 52 0
 103 0058 4FF4FA70 		mov	r0, #500
 104 005c FFF7FEFF 		bl	CyDelay
 105              	.LVL10:
 106              	.L2:
  53:main.c        ****         }
  54:main.c        ****         
  55:main.c        ****         
  56:main.c        ****       
  57:main.c        ****        if(Received=='Y'){
 107              		.loc 1 57 0
 108 0060 184B     		ldr	r3, .L11+20
 109 0062 1B78     		ldrb	r3, [r3]	@ zero_extendqisi2
 110 0064 592B     		cmp	r3, #89
 111 0066 EBD1     		bne	.L3
  58:main.c        ****        Pin_LED_Write(LED_ON);
 112              		.loc 1 58 0
 113 0068 0120     		movs	r0, #1
ARM GAS  C:\Users\Windows\AppData\Local\Temp\ccwRs23I.s 			page 4


 114 006a FFF7FEFF 		bl	Pin_LED_Write
 115              	.LVL11:
  59:main.c        ****         if ( PacketReadyFlag==1){
 116              		.loc 1 59 0
 117 006e 114B     		ldr	r3, .L11+4
 118 0070 1B78     		ldrb	r3, [r3]	@ zero_extendqisi2
 119 0072 DBB2     		uxtb	r3, r3
 120 0074 012B     		cmp	r3, #1
 121 0076 0DD1     		bne	.L5
 122 0078 06E0     		b	.L9
 123              	.LVL12:
 124              	.L6:
 125              	.LBB2:
  60:main.c        ****          //Send data
  61:main.c        ****             for(int8 i=0; i<2; i++){
  62:main.c        ****              //comunicazione con BT
  63:main.c        ****              UART_BT_PutArray(DataBuffer, TRANSMIT_BUFFER_SIZE );
 126              		.loc 1 63 0 discriminator 3
 127 007a 0A21     		movs	r1, #10
 128 007c 0F48     		ldr	r0, .L11+12
 129 007e FFF7FEFF 		bl	UART_BT_PutArray
 130              	.LVL13:
  61:main.c        ****              //comunicazione con BT
 131              		.loc 1 61 0 discriminator 3
 132 0082 0134     		adds	r4, r4, #1
 133              	.LVL14:
 134 0084 64B2     		sxtb	r4, r4
 135              	.LVL15:
 136 0086 00E0     		b	.L4
 137              	.LVL16:
 138              	.L9:
 139              	.LBE2:
 140 0088 0024     		movs	r4, #0
 141              	.L4:
 142              	.LVL17:
 143              	.LBB3:
  61:main.c        ****              //comunicazione con BT
 144              		.loc 1 61 0 is_stmt 0 discriminator 1
 145 008a 012C     		cmp	r4, #1
 146 008c F5DD     		ble	.L6
 147              	.LBE3:
  64:main.c        ****              //comunicazione UART
  65:main.c        ****              //UART_PutArray(DataBuffer, TRANSMIT_BUFFER_SIZE );
  66:main.c        ****             }
  67:main.c        ****         PacketReadyFlag=0;
 148              		.loc 1 67 0 is_stmt 1
 149 008e 0022     		movs	r2, #0
 150 0090 084B     		ldr	r3, .L11+4
 151 0092 1A70     		strb	r2, [r3]
 152              	.LVL18:
 153              	.L5:
  68:main.c        ****         } if(PacketReadyFlag1==1){
 154              		.loc 1 68 0
 155 0094 084B     		ldr	r3, .L11+8
 156 0096 1B78     		ldrb	r3, [r3]	@ zero_extendqisi2
 157 0098 DBB2     		uxtb	r3, r3
 158 009a 012B     		cmp	r3, #1
ARM GAS  C:\Users\Windows\AppData\Local\Temp\ccwRs23I.s 			page 5


 159 009c D0D1     		bne	.L3
  69:main.c        ****             //comunicazione con BT
  70:main.c        ****              UART_BT_PutArray(DataBuffer1, TRANSMIT_BUFFER_SIZE);
 160              		.loc 1 70 0
 161 009e 0A21     		movs	r1, #10
 162 00a0 0748     		ldr	r0, .L11+16
 163 00a2 FFF7FEFF 		bl	UART_BT_PutArray
 164              	.LVL19:
  71:main.c        ****              //comunicazione UART
  72:main.c        ****              //UART_PutArray(DataBuffer1, TRANSMIT_BUFFER_SIZE1 );
  73:main.c        ****             PacketReadyFlag1=0;
 165              		.loc 1 73 0
 166 00a6 0022     		movs	r2, #0
 167 00a8 034B     		ldr	r3, .L11+8
 168 00aa 1A70     		strb	r2, [r3]
 169 00ac C8E7     		b	.L3
 170              	.L12:
 171 00ae 00BF     		.align	2
 172              	.L11:
 173 00b0 00000000 		.word	Custom_ISR_ADC
 174 00b4 00000000 		.word	PacketReadyFlag
 175 00b8 00000000 		.word	PacketReadyFlag1
 176 00bc 00000000 		.word	DataBuffer
 177 00c0 00000000 		.word	DataBuffer1
 178 00c4 00000000 		.word	.LANCHOR0
 179              		.cfi_endproc
 180              	.LFE64:
 181              		.size	main, .-main
 182              		.global	Received
 183              		.comm	PacketReadyFlag1,1,1
 184              		.comm	PacketReadyFlag,1,1
 185              		.comm	DataBuffer1,10,4
 186              		.comm	DataBuffer,10,4
 187              		.data
 188              		.set	.LANCHOR0,. + 0
 189              		.type	Received, %object
 190              		.size	Received, 1
 191              	Received:
 192 0000 4E       		.byte	78
 193              		.text
 194              	.Letext0:
 195              		.file 2 "c:\\program files (x86)\\cypress\\psoc creator\\4.4\\psoc creator\\import\\gnu\\arm\\5.4.
 196              		.file 3 "c:\\program files (x86)\\cypress\\psoc creator\\4.4\\psoc creator\\import\\gnu\\arm\\5.4.
 197              		.file 4 "Generated_Source\\PSoC5/cytypes.h"
 198              		.file 5 "Generated_Source\\PSoC5/core_cm3.h"
 199              		.file 6 "Interrupt_Routines.h"
 200              		.file 7 "Generated_Source\\PSoC5/UART_BT.h"
 201              		.file 8 "Generated_Source\\PSoC5/ADC_DelSig.h"
 202              		.file 9 "Generated_Source\\PSoC5/UART.h"
 203              		.file 10 "Generated_Source\\PSoC5/Timer.h"
 204              		.file 11 "Generated_Source\\PSoC5/isr_ADC.h"
 205              		.file 12 "Generated_Source\\PSoC5/AMux.h"
 206              		.file 13 "Generated_Source\\PSoC5/Pin_LED.h"
 207              		.file 14 "Generated_Source\\PSoC5/CyLib.h"
 208              		.section	.debug_info,"",%progbits
 209              	.Ldebug_info0:
 210 0000 9B020000 		.4byte	0x29b
ARM GAS  C:\Users\Windows\AppData\Local\Temp\ccwRs23I.s 			page 6


 211 0004 0400     		.2byte	0x4
 212 0006 00000000 		.4byte	.Ldebug_abbrev0
 213 000a 04       		.byte	0x4
 214 000b 01       		.uleb128 0x1
 215 000c 4C000000 		.4byte	.LASF36
 216 0010 0C       		.byte	0xc
 217 0011 DC010000 		.4byte	.LASF37
 218 0015 55020000 		.4byte	.LASF38
 219 0019 18000000 		.4byte	.Ldebug_ranges0+0x18
 220 001d 00000000 		.4byte	0
 221 0021 00000000 		.4byte	.Ldebug_line0
 222 0025 02       		.uleb128 0x2
 223 0026 01       		.byte	0x1
 224 0027 06       		.byte	0x6
 225 0028 39020000 		.4byte	.LASF0
 226 002c 02       		.uleb128 0x2
 227 002d 01       		.byte	0x1
 228 002e 08       		.byte	0x8
 229 002f 3E000000 		.4byte	.LASF1
 230 0033 02       		.uleb128 0x2
 231 0034 02       		.byte	0x2
 232 0035 05       		.byte	0x5
 233 0036 E8010000 		.4byte	.LASF2
 234 003a 02       		.uleb128 0x2
 235 003b 02       		.byte	0x2
 236 003c 07       		.byte	0x7
 237 003d 1E000000 		.4byte	.LASF3
 238 0041 03       		.uleb128 0x3
 239 0042 14000000 		.4byte	.LASF9
 240 0046 02       		.byte	0x2
 241 0047 3F       		.byte	0x3f
 242 0048 4C000000 		.4byte	0x4c
 243 004c 02       		.uleb128 0x2
 244 004d 04       		.byte	0x4
 245 004e 05       		.byte	0x5
 246 004f 19020000 		.4byte	.LASF4
 247 0053 02       		.uleb128 0x2
 248 0054 04       		.byte	0x4
 249 0055 07       		.byte	0x7
 250 0056 E6000000 		.4byte	.LASF5
 251 005a 02       		.uleb128 0x2
 252 005b 08       		.byte	0x8
 253 005c 05       		.byte	0x5
 254 005d CE010000 		.4byte	.LASF6
 255 0061 02       		.uleb128 0x2
 256 0062 08       		.byte	0x8
 257 0063 07       		.byte	0x7
 258 0064 70010000 		.4byte	.LASF7
 259 0068 04       		.uleb128 0x4
 260 0069 04       		.byte	0x4
 261 006a 05       		.byte	0x5
 262 006b 696E7400 		.ascii	"int\000"
 263 006f 02       		.uleb128 0x2
 264 0070 04       		.byte	0x4
 265 0071 07       		.byte	0x7
 266 0072 55010000 		.4byte	.LASF8
 267 0076 03       		.uleb128 0x3
ARM GAS  C:\Users\Windows\AppData\Local\Temp\ccwRs23I.s 			page 7


 268 0077 AC010000 		.4byte	.LASF10
 269 007b 03       		.byte	0x3
 270 007c 2C       		.byte	0x2c
 271 007d 41000000 		.4byte	0x41
 272 0081 05       		.uleb128 0x5
 273 0082 02020000 		.4byte	.LASF11
 274 0086 04       		.byte	0x4
 275 0087 E801     		.2byte	0x1e8
 276 0089 2C000000 		.4byte	0x2c
 277 008d 05       		.uleb128 0x5
 278 008e 44010000 		.4byte	.LASF12
 279 0092 04       		.byte	0x4
 280 0093 EB01     		.2byte	0x1eb
 281 0095 25000000 		.4byte	0x25
 282 0099 02       		.uleb128 0x2
 283 009a 04       		.byte	0x4
 284 009b 04       		.byte	0x4
 285 009c 38000000 		.4byte	.LASF13
 286 00a0 02       		.uleb128 0x2
 287 00a1 08       		.byte	0x8
 288 00a2 04       		.byte	0x4
 289 00a3 31000000 		.4byte	.LASF14
 290 00a7 02       		.uleb128 0x2
 291 00a8 01       		.byte	0x1
 292 00a9 08       		.byte	0x8
 293 00aa E3010000 		.4byte	.LASF15
 294 00ae 06       		.uleb128 0x6
 295 00af 81000000 		.4byte	0x81
 296 00b3 02       		.uleb128 0x2
 297 00b4 08       		.byte	0x8
 298 00b5 04       		.byte	0x4
 299 00b6 2D020000 		.4byte	.LASF16
 300 00ba 02       		.uleb128 0x2
 301 00bb 04       		.byte	0x4
 302 00bc 07       		.byte	0x7
 303 00bd B4010000 		.4byte	.LASF17
 304 00c1 07       		.uleb128 0x7
 305 00c2 3F010000 		.4byte	.LASF39
 306 00c6 01       		.byte	0x1
 307 00c7 15       		.byte	0x15
 308 00c8 68000000 		.4byte	0x68
 309 00cc 00000000 		.4byte	.LFB64
 310 00d0 C8000000 		.4byte	.LFE64-.LFB64
 311 00d4 01       		.uleb128 0x1
 312 00d5 9C       		.byte	0x9c
 313 00d6 A4010000 		.4byte	0x1a4
 314 00da 08       		.uleb128 0x8
 315 00db 00000000 		.4byte	.Ldebug_ranges0+0
 316 00df 09010000 		.4byte	0x109
 317 00e3 09       		.uleb128 0x9
 318 00e4 6900     		.ascii	"i\000"
 319 00e6 01       		.byte	0x1
 320 00e7 3D       		.byte	0x3d
 321 00e8 8D000000 		.4byte	0x8d
 322 00ec 00000000 		.4byte	.LLST0
 323 00f0 0A       		.uleb128 0xa
 324 00f1 82000000 		.4byte	.LVL13
ARM GAS  C:\Users\Windows\AppData\Local\Temp\ccwRs23I.s 			page 8


 325 00f5 1A020000 		.4byte	0x21a
 326 00f9 0B       		.uleb128 0xb
 327 00fa 01       		.uleb128 0x1
 328 00fb 50       		.byte	0x50
 329 00fc 05       		.uleb128 0x5
 330 00fd 03       		.byte	0x3
 331 00fe 00000000 		.4byte	DataBuffer
 332 0102 0B       		.uleb128 0xb
 333 0103 01       		.uleb128 0x1
 334 0104 51       		.byte	0x51
 335 0105 01       		.uleb128 0x1
 336 0106 3A       		.byte	0x3a
 337 0107 00       		.byte	0
 338 0108 00       		.byte	0
 339 0109 0C       		.uleb128 0xc
 340 010a 08000000 		.4byte	.LVL0
 341 010e 25020000 		.4byte	0x225
 342 0112 0C       		.uleb128 0xc
 343 0113 0C000000 		.4byte	.LVL1
 344 0117 30020000 		.4byte	0x230
 345 011b 0C       		.uleb128 0xc
 346 011c 10000000 		.4byte	.LVL2
 347 0120 3B020000 		.4byte	0x23b
 348 0124 0C       		.uleb128 0xc
 349 0125 14000000 		.4byte	.LVL3
 350 0129 46020000 		.4byte	0x246
 351 012d 0C       		.uleb128 0xc
 352 012e 1A000000 		.4byte	.LVL4
 353 0132 51020000 		.4byte	0x251
 354 0136 0C       		.uleb128 0xc
 355 0137 28000000 		.4byte	.LVL5
 356 013b 5C020000 		.4byte	0x25c
 357 013f 0C       		.uleb128 0xc
 358 0140 2C000000 		.4byte	.LVL6
 359 0144 67020000 		.4byte	0x267
 360 0148 0C       		.uleb128 0xc
 361 0149 44000000 		.4byte	.LVL7
 362 014d 72020000 		.4byte	0x272
 363 0151 0C       		.uleb128 0xc
 364 0152 50000000 		.4byte	.LVL8
 365 0156 7D020000 		.4byte	0x27d
 366 015a 0C       		.uleb128 0xc
 367 015b 58000000 		.4byte	.LVL9
 368 015f 88020000 		.4byte	0x288
 369 0163 0D       		.uleb128 0xd
 370 0164 60000000 		.4byte	.LVL10
 371 0168 93020000 		.4byte	0x293
 372 016c 78010000 		.4byte	0x178
 373 0170 0B       		.uleb128 0xb
 374 0171 01       		.uleb128 0x1
 375 0172 50       		.byte	0x50
 376 0173 03       		.uleb128 0x3
 377 0174 0A       		.byte	0xa
 378 0175 F401     		.2byte	0x1f4
 379 0177 00       		.byte	0
 380 0178 0D       		.uleb128 0xd
 381 0179 6E000000 		.4byte	.LVL11
ARM GAS  C:\Users\Windows\AppData\Local\Temp\ccwRs23I.s 			page 9


 382 017d 88020000 		.4byte	0x288
 383 0181 8B010000 		.4byte	0x18b
 384 0185 0B       		.uleb128 0xb
 385 0186 01       		.uleb128 0x1
 386 0187 50       		.byte	0x50
 387 0188 01       		.uleb128 0x1
 388 0189 31       		.byte	0x31
 389 018a 00       		.byte	0
 390 018b 0A       		.uleb128 0xa
 391 018c A6000000 		.4byte	.LVL19
 392 0190 1A020000 		.4byte	0x21a
 393 0194 0B       		.uleb128 0xb
 394 0195 01       		.uleb128 0x1
 395 0196 50       		.byte	0x50
 396 0197 05       		.uleb128 0x5
 397 0198 03       		.byte	0x3
 398 0199 00000000 		.4byte	DataBuffer1
 399 019d 0B       		.uleb128 0xb
 400 019e 01       		.uleb128 0x1
 401 019f 51       		.byte	0x51
 402 01a0 01       		.uleb128 0x1
 403 01a1 3A       		.byte	0x3a
 404 01a2 00       		.byte	0
 405 01a3 00       		.byte	0
 406 01a4 0E       		.uleb128 0xe
 407 01a5 11010000 		.4byte	.LASF18
 408 01a9 05       		.byte	0x5
 409 01aa 1207     		.2byte	0x712
 410 01ac B0010000 		.4byte	0x1b0
 411 01b0 06       		.uleb128 0x6
 412 01b1 76000000 		.4byte	0x76
 413 01b5 0F       		.uleb128 0xf
 414 01b6 81000000 		.4byte	0x81
 415 01ba C5010000 		.4byte	0x1c5
 416 01be 10       		.uleb128 0x10
 417 01bf BA000000 		.4byte	0xba
 418 01c3 09       		.byte	0x9
 419 01c4 00       		.byte	0
 420 01c5 11       		.uleb128 0x11
 421 01c6 22020000 		.4byte	.LASF19
 422 01ca 06       		.byte	0x6
 423 01cb 17       		.byte	0x17
 424 01cc B5010000 		.4byte	0x1b5
 425 01d0 05       		.uleb128 0x5
 426 01d1 03       		.byte	0x3
 427 01d2 00000000 		.4byte	DataBuffer
 428 01d6 11       		.uleb128 0x11
 429 01d7 DA000000 		.4byte	.LASF20
 430 01db 06       		.byte	0x6
 431 01dc 18       		.byte	0x18
 432 01dd B5010000 		.4byte	0x1b5
 433 01e1 05       		.uleb128 0x5
 434 01e2 03       		.byte	0x3
 435 01e3 00000000 		.4byte	DataBuffer1
 436 01e7 11       		.uleb128 0x11
 437 01e8 F2010000 		.4byte	.LASF21
 438 01ec 06       		.byte	0x6
ARM GAS  C:\Users\Windows\AppData\Local\Temp\ccwRs23I.s 			page 10


 439 01ed 19       		.byte	0x19
 440 01ee AE000000 		.4byte	0xae
 441 01f2 05       		.uleb128 0x5
 442 01f3 03       		.byte	0x3
 443 01f4 00000000 		.4byte	PacketReadyFlag
 444 01f8 11       		.uleb128 0x11
 445 01f9 BD010000 		.4byte	.LASF22
 446 01fd 06       		.byte	0x6
 447 01fe 1A       		.byte	0x1a
 448 01ff AE000000 		.4byte	0xae
 449 0203 05       		.uleb128 0x5
 450 0204 03       		.byte	0x3
 451 0205 00000000 		.4byte	PacketReadyFlag1
 452 0209 11       		.uleb128 0x11
 453 020a 00000000 		.4byte	.LASF23
 454 020e 01       		.byte	0x1
 455 020f 13       		.byte	0x13
 456 0210 A7000000 		.4byte	0xa7
 457 0214 05       		.uleb128 0x5
 458 0215 03       		.byte	0x3
 459 0216 00000000 		.4byte	Received
 460 021a 12       		.uleb128 0x12
 461 021b 2E010000 		.4byte	.LASF24
 462 021f 2E010000 		.4byte	.LASF24
 463 0223 07       		.byte	0x7
 464 0224 8C       		.byte	0x8c
 465 0225 12       		.uleb128 0x12
 466 0226 08020000 		.4byte	.LASF25
 467 022a 08020000 		.4byte	.LASF25
 468 022e 08       		.byte	0x8
 469 022f 3A       		.byte	0x3a
 470 0230 12       		.uleb128 0x12
 471 0231 06010000 		.4byte	.LASF26
 472 0235 06010000 		.4byte	.LASF26
 473 0239 09       		.byte	0x9
 474 023a 54       		.byte	0x54
 475 023b 12       		.uleb128 0x12
 476 023c F8000000 		.4byte	.LASF27
 477 0240 F8000000 		.4byte	.LASF27
 478 0244 07       		.byte	0x7
 479 0245 54       		.byte	0x54
 480 0246 12       		.uleb128 0x12
 481 0247 49010000 		.4byte	.LASF28
 482 024b 49010000 		.4byte	.LASF28
 483 024f 0A       		.byte	0xa
 484 0250 5A       		.byte	0x5a
 485 0251 12       		.uleb128 0x12
 486 0252 45020000 		.4byte	.LASF29
 487 0256 45020000 		.4byte	.LASF29
 488 025a 0B       		.byte	0xb
 489 025b 18       		.byte	0x18
 490 025c 12       		.uleb128 0x12
 491 025d 94010000 		.4byte	.LASF30
 492 0261 94010000 		.4byte	.LASF30
 493 0265 08       		.byte	0x8
 494 0266 3D       		.byte	0x3d
 495 0267 12       		.uleb128 0x12
ARM GAS  C:\Users\Windows\AppData\Local\Temp\ccwRs23I.s 			page 11


 496 0268 09000000 		.4byte	.LASF31
 497 026c 09000000 		.4byte	.LASF31
 498 0270 0C       		.byte	0xc
 499 0271 25       		.byte	0x25
 500 0272 12       		.uleb128 0x12
 501 0273 1E010000 		.4byte	.LASF32
 502 0277 1E010000 		.4byte	.LASF32
 503 027b 07       		.byte	0x7
 504 027c 71       		.byte	0x71
 505 027d 12       		.uleb128 0x12
 506 027e 87010000 		.4byte	.LASF33
 507 0282 87010000 		.4byte	.LASF33
 508 0286 0D       		.byte	0xd
 509 0287 29       		.byte	0x29
 510 0288 12       		.uleb128 0x12
 511 0289 62010000 		.4byte	.LASF34
 512 028d 62010000 		.4byte	.LASF34
 513 0291 0D       		.byte	0xd
 514 0292 26       		.byte	0x26
 515 0293 12       		.uleb128 0x12
 516 0294 C5020000 		.4byte	.LASF35
 517 0298 C5020000 		.4byte	.LASF35
 518 029c 0E       		.byte	0xe
 519 029d 76       		.byte	0x76
 520 029e 00       		.byte	0
 521              		.section	.debug_abbrev,"",%progbits
 522              	.Ldebug_abbrev0:
 523 0000 01       		.uleb128 0x1
 524 0001 11       		.uleb128 0x11
 525 0002 01       		.byte	0x1
 526 0003 25       		.uleb128 0x25
 527 0004 0E       		.uleb128 0xe
 528 0005 13       		.uleb128 0x13
 529 0006 0B       		.uleb128 0xb
 530 0007 03       		.uleb128 0x3
 531 0008 0E       		.uleb128 0xe
 532 0009 1B       		.uleb128 0x1b
 533 000a 0E       		.uleb128 0xe
 534 000b 55       		.uleb128 0x55
 535 000c 17       		.uleb128 0x17
 536 000d 11       		.uleb128 0x11
 537 000e 01       		.uleb128 0x1
 538 000f 10       		.uleb128 0x10
 539 0010 17       		.uleb128 0x17
 540 0011 00       		.byte	0
 541 0012 00       		.byte	0
 542 0013 02       		.uleb128 0x2
 543 0014 24       		.uleb128 0x24
 544 0015 00       		.byte	0
 545 0016 0B       		.uleb128 0xb
 546 0017 0B       		.uleb128 0xb
 547 0018 3E       		.uleb128 0x3e
 548 0019 0B       		.uleb128 0xb
 549 001a 03       		.uleb128 0x3
 550 001b 0E       		.uleb128 0xe
 551 001c 00       		.byte	0
 552 001d 00       		.byte	0
ARM GAS  C:\Users\Windows\AppData\Local\Temp\ccwRs23I.s 			page 12


 553 001e 03       		.uleb128 0x3
 554 001f 16       		.uleb128 0x16
 555 0020 00       		.byte	0
 556 0021 03       		.uleb128 0x3
 557 0022 0E       		.uleb128 0xe
 558 0023 3A       		.uleb128 0x3a
 559 0024 0B       		.uleb128 0xb
 560 0025 3B       		.uleb128 0x3b
 561 0026 0B       		.uleb128 0xb
 562 0027 49       		.uleb128 0x49
 563 0028 13       		.uleb128 0x13
 564 0029 00       		.byte	0
 565 002a 00       		.byte	0
 566 002b 04       		.uleb128 0x4
 567 002c 24       		.uleb128 0x24
 568 002d 00       		.byte	0
 569 002e 0B       		.uleb128 0xb
 570 002f 0B       		.uleb128 0xb
 571 0030 3E       		.uleb128 0x3e
 572 0031 0B       		.uleb128 0xb
 573 0032 03       		.uleb128 0x3
 574 0033 08       		.uleb128 0x8
 575 0034 00       		.byte	0
 576 0035 00       		.byte	0
 577 0036 05       		.uleb128 0x5
 578 0037 16       		.uleb128 0x16
 579 0038 00       		.byte	0
 580 0039 03       		.uleb128 0x3
 581 003a 0E       		.uleb128 0xe
 582 003b 3A       		.uleb128 0x3a
 583 003c 0B       		.uleb128 0xb
 584 003d 3B       		.uleb128 0x3b
 585 003e 05       		.uleb128 0x5
 586 003f 49       		.uleb128 0x49
 587 0040 13       		.uleb128 0x13
 588 0041 00       		.byte	0
 589 0042 00       		.byte	0
 590 0043 06       		.uleb128 0x6
 591 0044 35       		.uleb128 0x35
 592 0045 00       		.byte	0
 593 0046 49       		.uleb128 0x49
 594 0047 13       		.uleb128 0x13
 595 0048 00       		.byte	0
 596 0049 00       		.byte	0
 597 004a 07       		.uleb128 0x7
 598 004b 2E       		.uleb128 0x2e
 599 004c 01       		.byte	0x1
 600 004d 3F       		.uleb128 0x3f
 601 004e 19       		.uleb128 0x19
 602 004f 03       		.uleb128 0x3
 603 0050 0E       		.uleb128 0xe
 604 0051 3A       		.uleb128 0x3a
 605 0052 0B       		.uleb128 0xb
 606 0053 3B       		.uleb128 0x3b
 607 0054 0B       		.uleb128 0xb
 608 0055 27       		.uleb128 0x27
 609 0056 19       		.uleb128 0x19
ARM GAS  C:\Users\Windows\AppData\Local\Temp\ccwRs23I.s 			page 13


 610 0057 49       		.uleb128 0x49
 611 0058 13       		.uleb128 0x13
 612 0059 8701     		.uleb128 0x87
 613 005b 19       		.uleb128 0x19
 614 005c 11       		.uleb128 0x11
 615 005d 01       		.uleb128 0x1
 616 005e 12       		.uleb128 0x12
 617 005f 06       		.uleb128 0x6
 618 0060 40       		.uleb128 0x40
 619 0061 18       		.uleb128 0x18
 620 0062 9742     		.uleb128 0x2117
 621 0064 19       		.uleb128 0x19
 622 0065 01       		.uleb128 0x1
 623 0066 13       		.uleb128 0x13
 624 0067 00       		.byte	0
 625 0068 00       		.byte	0
 626 0069 08       		.uleb128 0x8
 627 006a 0B       		.uleb128 0xb
 628 006b 01       		.byte	0x1
 629 006c 55       		.uleb128 0x55
 630 006d 17       		.uleb128 0x17
 631 006e 01       		.uleb128 0x1
 632 006f 13       		.uleb128 0x13
 633 0070 00       		.byte	0
 634 0071 00       		.byte	0
 635 0072 09       		.uleb128 0x9
 636 0073 34       		.uleb128 0x34
 637 0074 00       		.byte	0
 638 0075 03       		.uleb128 0x3
 639 0076 08       		.uleb128 0x8
 640 0077 3A       		.uleb128 0x3a
 641 0078 0B       		.uleb128 0xb
 642 0079 3B       		.uleb128 0x3b
 643 007a 0B       		.uleb128 0xb
 644 007b 49       		.uleb128 0x49
 645 007c 13       		.uleb128 0x13
 646 007d 02       		.uleb128 0x2
 647 007e 17       		.uleb128 0x17
 648 007f 00       		.byte	0
 649 0080 00       		.byte	0
 650 0081 0A       		.uleb128 0xa
 651 0082 898201   		.uleb128 0x4109
 652 0085 01       		.byte	0x1
 653 0086 11       		.uleb128 0x11
 654 0087 01       		.uleb128 0x1
 655 0088 31       		.uleb128 0x31
 656 0089 13       		.uleb128 0x13
 657 008a 00       		.byte	0
 658 008b 00       		.byte	0
 659 008c 0B       		.uleb128 0xb
 660 008d 8A8201   		.uleb128 0x410a
 661 0090 00       		.byte	0
 662 0091 02       		.uleb128 0x2
 663 0092 18       		.uleb128 0x18
 664 0093 9142     		.uleb128 0x2111
 665 0095 18       		.uleb128 0x18
 666 0096 00       		.byte	0
ARM GAS  C:\Users\Windows\AppData\Local\Temp\ccwRs23I.s 			page 14


 667 0097 00       		.byte	0
 668 0098 0C       		.uleb128 0xc
 669 0099 898201   		.uleb128 0x4109
 670 009c 00       		.byte	0
 671 009d 11       		.uleb128 0x11
 672 009e 01       		.uleb128 0x1
 673 009f 31       		.uleb128 0x31
 674 00a0 13       		.uleb128 0x13
 675 00a1 00       		.byte	0
 676 00a2 00       		.byte	0
 677 00a3 0D       		.uleb128 0xd
 678 00a4 898201   		.uleb128 0x4109
 679 00a7 01       		.byte	0x1
 680 00a8 11       		.uleb128 0x11
 681 00a9 01       		.uleb128 0x1
 682 00aa 31       		.uleb128 0x31
 683 00ab 13       		.uleb128 0x13
 684 00ac 01       		.uleb128 0x1
 685 00ad 13       		.uleb128 0x13
 686 00ae 00       		.byte	0
 687 00af 00       		.byte	0
 688 00b0 0E       		.uleb128 0xe
 689 00b1 34       		.uleb128 0x34
 690 00b2 00       		.byte	0
 691 00b3 03       		.uleb128 0x3
 692 00b4 0E       		.uleb128 0xe
 693 00b5 3A       		.uleb128 0x3a
 694 00b6 0B       		.uleb128 0xb
 695 00b7 3B       		.uleb128 0x3b
 696 00b8 05       		.uleb128 0x5
 697 00b9 49       		.uleb128 0x49
 698 00ba 13       		.uleb128 0x13
 699 00bb 3F       		.uleb128 0x3f
 700 00bc 19       		.uleb128 0x19
 701 00bd 3C       		.uleb128 0x3c
 702 00be 19       		.uleb128 0x19
 703 00bf 00       		.byte	0
 704 00c0 00       		.byte	0
 705 00c1 0F       		.uleb128 0xf
 706 00c2 01       		.uleb128 0x1
 707 00c3 01       		.byte	0x1
 708 00c4 49       		.uleb128 0x49
 709 00c5 13       		.uleb128 0x13
 710 00c6 01       		.uleb128 0x1
 711 00c7 13       		.uleb128 0x13
 712 00c8 00       		.byte	0
 713 00c9 00       		.byte	0
 714 00ca 10       		.uleb128 0x10
 715 00cb 21       		.uleb128 0x21
 716 00cc 00       		.byte	0
 717 00cd 49       		.uleb128 0x49
 718 00ce 13       		.uleb128 0x13
 719 00cf 2F       		.uleb128 0x2f
 720 00d0 0B       		.uleb128 0xb
 721 00d1 00       		.byte	0
 722 00d2 00       		.byte	0
 723 00d3 11       		.uleb128 0x11
ARM GAS  C:\Users\Windows\AppData\Local\Temp\ccwRs23I.s 			page 15


 724 00d4 34       		.uleb128 0x34
 725 00d5 00       		.byte	0
 726 00d6 03       		.uleb128 0x3
 727 00d7 0E       		.uleb128 0xe
 728 00d8 3A       		.uleb128 0x3a
 729 00d9 0B       		.uleb128 0xb
 730 00da 3B       		.uleb128 0x3b
 731 00db 0B       		.uleb128 0xb
 732 00dc 49       		.uleb128 0x49
 733 00dd 13       		.uleb128 0x13
 734 00de 3F       		.uleb128 0x3f
 735 00df 19       		.uleb128 0x19
 736 00e0 02       		.uleb128 0x2
 737 00e1 18       		.uleb128 0x18
 738 00e2 00       		.byte	0
 739 00e3 00       		.byte	0
 740 00e4 12       		.uleb128 0x12
 741 00e5 2E       		.uleb128 0x2e
 742 00e6 00       		.byte	0
 743 00e7 3F       		.uleb128 0x3f
 744 00e8 19       		.uleb128 0x19
 745 00e9 3C       		.uleb128 0x3c
 746 00ea 19       		.uleb128 0x19
 747 00eb 6E       		.uleb128 0x6e
 748 00ec 0E       		.uleb128 0xe
 749 00ed 03       		.uleb128 0x3
 750 00ee 0E       		.uleb128 0xe
 751 00ef 3A       		.uleb128 0x3a
 752 00f0 0B       		.uleb128 0xb
 753 00f1 3B       		.uleb128 0x3b
 754 00f2 0B       		.uleb128 0xb
 755 00f3 00       		.byte	0
 756 00f4 00       		.byte	0
 757 00f5 00       		.byte	0
 758              		.section	.debug_loc,"",%progbits
 759              	.Ldebug_loc0:
 760              	.LLST0:
 761 0000 7A000000 		.4byte	.LVL12
 762 0004 84000000 		.4byte	.LVL14
 763 0008 0100     		.2byte	0x1
 764 000a 54       		.byte	0x54
 765 000b 86000000 		.4byte	.LVL15
 766 000f 88000000 		.4byte	.LVL16
 767 0013 0100     		.2byte	0x1
 768 0015 54       		.byte	0x54
 769 0016 8A000000 		.4byte	.LVL17
 770 001a 94000000 		.4byte	.LVL18
 771 001e 0100     		.2byte	0x1
 772 0020 54       		.byte	0x54
 773 0021 00000000 		.4byte	0
 774 0025 00000000 		.4byte	0
 775              		.section	.debug_aranges,"",%progbits
 776 0000 1C000000 		.4byte	0x1c
 777 0004 0200     		.2byte	0x2
 778 0006 00000000 		.4byte	.Ldebug_info0
 779 000a 04       		.byte	0x4
 780 000b 00       		.byte	0
ARM GAS  C:\Users\Windows\AppData\Local\Temp\ccwRs23I.s 			page 16


 781 000c 0000     		.2byte	0
 782 000e 0000     		.2byte	0
 783 0010 00000000 		.4byte	.LFB64
 784 0014 C8000000 		.4byte	.LFE64-.LFB64
 785 0018 00000000 		.4byte	0
 786 001c 00000000 		.4byte	0
 787              		.section	.debug_ranges,"",%progbits
 788              	.Ldebug_ranges0:
 789 0000 7A000000 		.4byte	.LBB2
 790 0004 88000000 		.4byte	.LBE2
 791 0008 8A000000 		.4byte	.LBB3
 792 000c 8E000000 		.4byte	.LBE3
 793 0010 00000000 		.4byte	0
 794 0014 00000000 		.4byte	0
 795 0018 00000000 		.4byte	.LFB64
 796 001c C8000000 		.4byte	.LFE64
 797 0020 00000000 		.4byte	0
 798 0024 00000000 		.4byte	0
 799              		.section	.debug_line,"",%progbits
 800              	.Ldebug_line0:
 801 0000 03020000 		.section	.debug_str,"MS",%progbits,1
 801      0200C501 
 801      00000201 
 801      FB0E0D00 
 801      01010101 
 802              	.LASF23:
 803 0000 52656365 		.ascii	"Received\000"
 803      69766564 
 803      00
 804              	.LASF31:
 805 0009 414D7578 		.ascii	"AMux_Start\000"
 805      5F537461 
 805      727400
 806              	.LASF9:
 807 0014 5F5F696E 		.ascii	"__int32_t\000"
 807      7433325F 
 807      7400
 808              	.LASF3:
 809 001e 73686F72 		.ascii	"short unsigned int\000"
 809      7420756E 
 809      7369676E 
 809      65642069 
 809      6E7400
 810              	.LASF14:
 811 0031 646F7562 		.ascii	"double\000"
 811      6C6500
 812              	.LASF13:
 813 0038 666C6F61 		.ascii	"float\000"
 813      7400
 814              	.LASF1:
 815 003e 756E7369 		.ascii	"unsigned char\000"
 815      676E6564 
 815      20636861 
 815      7200
 816              	.LASF36:
 817 004c 474E5520 		.ascii	"GNU C11 5.4.1 20160609 (release) [ARM/embedded-5-br"
 817      43313120 
ARM GAS  C:\Users\Windows\AppData\Local\Temp\ccwRs23I.s 			page 17


 817      352E342E 
 817      31203230 
 817      31363036 
 818 007f 616E6368 		.ascii	"anch revision 237715] -mcpu=cortex-m3 -mthumb -g -O"
 818      20726576 
 818      6973696F 
 818      6E203233 
 818      37373135 
 819 00b2 67202D66 		.ascii	"g -ffunction-sections -ffat-lto-objects\000"
 819      66756E63 
 819      74696F6E 
 819      2D736563 
 819      74696F6E 
 820              	.LASF20:
 821 00da 44617461 		.ascii	"DataBuffer1\000"
 821      42756666 
 821      65723100 
 822              	.LASF5:
 823 00e6 6C6F6E67 		.ascii	"long unsigned int\000"
 823      20756E73 
 823      69676E65 
 823      6420696E 
 823      7400
 824              	.LASF27:
 825 00f8 55415254 		.ascii	"UART_BT_Start\000"
 825      5F42545F 
 825      53746172 
 825      7400
 826              	.LASF26:
 827 0106 55415254 		.ascii	"UART_Start\000"
 827      5F537461 
 827      727400
 828              	.LASF18:
 829 0111 49544D5F 		.ascii	"ITM_RxBuffer\000"
 829      52784275 
 829      66666572 
 829      00
 830              	.LASF32:
 831 011e 55415254 		.ascii	"UART_BT_GetChar\000"
 831      5F42545F 
 831      47657443 
 831      68617200 
 832              	.LASF24:
 833 012e 55415254 		.ascii	"UART_BT_PutArray\000"
 833      5F42545F 
 833      50757441 
 833      72726179 
 833      00
 834              	.LASF39:
 835 013f 6D61696E 		.ascii	"main\000"
 835      00
 836              	.LASF12:
 837 0144 696E7438 		.ascii	"int8\000"
 837      00
 838              	.LASF28:
 839 0149 54696D65 		.ascii	"Timer_Start\000"
 839      725F5374 
ARM GAS  C:\Users\Windows\AppData\Local\Temp\ccwRs23I.s 			page 18


 839      61727400 
 840              	.LASF8:
 841 0155 756E7369 		.ascii	"unsigned int\000"
 841      676E6564 
 841      20696E74 
 841      00
 842              	.LASF34:
 843 0162 50696E5F 		.ascii	"Pin_LED_Write\000"
 843      4C45445F 
 843      57726974 
 843      6500
 844              	.LASF7:
 845 0170 6C6F6E67 		.ascii	"long long unsigned int\000"
 845      206C6F6E 
 845      6720756E 
 845      7369676E 
 845      65642069 
 846              	.LASF33:
 847 0187 50696E5F 		.ascii	"Pin_LED_Read\000"
 847      4C45445F 
 847      52656164 
 847      00
 848              	.LASF30:
 849 0194 4144435F 		.ascii	"ADC_DelSig_StartConvert\000"
 849      44656C53 
 849      69675F53 
 849      74617274 
 849      436F6E76 
 850              	.LASF10:
 851 01ac 696E7433 		.ascii	"int32_t\000"
 851      325F7400 
 852              	.LASF17:
 853 01b4 73697A65 		.ascii	"sizetype\000"
 853      74797065 
 853      00
 854              	.LASF22:
 855 01bd 5061636B 		.ascii	"PacketReadyFlag1\000"
 855      65745265 
 855      61647946 
 855      6C616731 
 855      00
 856              	.LASF6:
 857 01ce 6C6F6E67 		.ascii	"long long int\000"
 857      206C6F6E 
 857      6720696E 
 857      7400
 858              	.LASF37:
 859 01dc 6D61696E 		.ascii	"main.c\000"
 859      2E6300
 860              	.LASF15:
 861 01e3 63686172 		.ascii	"char\000"
 861      00
 862              	.LASF2:
 863 01e8 73686F72 		.ascii	"short int\000"
 863      7420696E 
 863      7400
 864              	.LASF21:
ARM GAS  C:\Users\Windows\AppData\Local\Temp\ccwRs23I.s 			page 19


 865 01f2 5061636B 		.ascii	"PacketReadyFlag\000"
 865      65745265 
 865      61647946 
 865      6C616700 
 866              	.LASF11:
 867 0202 75696E74 		.ascii	"uint8\000"
 867      3800
 868              	.LASF25:
 869 0208 4144435F 		.ascii	"ADC_DelSig_Start\000"
 869      44656C53 
 869      69675F53 
 869      74617274 
 869      00
 870              	.LASF4:
 871 0219 6C6F6E67 		.ascii	"long int\000"
 871      20696E74 
 871      00
 872              	.LASF19:
 873 0222 44617461 		.ascii	"DataBuffer\000"
 873      42756666 
 873      657200
 874              	.LASF16:
 875 022d 6C6F6E67 		.ascii	"long double\000"
 875      20646F75 
 875      626C6500 
 876              	.LASF0:
 877 0239 7369676E 		.ascii	"signed char\000"
 877      65642063 
 877      68617200 
 878              	.LASF29:
 879 0245 6973725F 		.ascii	"isr_ADC_StartEx\000"
 879      4144435F 
 879      53746172 
 879      74457800 
 880              	.LASF38:
 881 0255 433A5C55 		.ascii	"C:\\Users\\Windows\\Desktop\\Magistrale\\II_primo_s"
 881      73657273 
 881      5C57696E 
 881      646F7773 
 881      5C446573 
 882 0283 656D6573 		.ascii	"emestre\\Project  Lab Sens\\AY2223_I_Project-3\\PSO"
 882      7472655C 
 882      50726F6A 
 882      65637420 
 882      204C6162 
 883 02b3 435C5072 		.ascii	"C\\Project3!.cydsn\000"
 883      6F6A6563 
 883      7433212E 
 883      63796473 
 883      6E00
 884              	.LASF35:
 885 02c5 43794465 		.ascii	"CyDelay\000"
 885      6C617900 
 886              		.ident	"GCC: (GNU Tools for ARM Embedded Processors) 5.4.1 20160609 (release) [ARM/embedded-5-bran
