ARM GAS  C:\Users\feder\AppData\Local\Temp\ccF4vmYe.s 			page 1


   1              		.syntax unified
   2              		.cpu cortex-m3
   3              		.fpu softvfp
   4              		.eabi_attribute 20, 1
   5              		.eabi_attribute 21, 1
   6              		.eabi_attribute 23, 3
   7              		.eabi_attribute 24, 1
   8              		.eabi_attribute 25, 1
   9              		.eabi_attribute 26, 1
  10              		.eabi_attribute 30, 1
  11              		.eabi_attribute 34, 1
  12              		.eabi_attribute 18, 4
  13              		.thumb
  14              		.syntax unified
  15              		.file	"main.c"
  16              		.text
  17              	.Ltext0:
  18              		.cfi_sections	.debug_frame
  19              		.section	.text.main,"ax",%progbits
  20              		.align	2
  21              		.global	main
  22              		.thumb
  23              		.thumb_func
  24              		.type	main, %function
  25              	main:
  26              	.LFB64:
  27              		.file 1 "main.c"
   1:main.c        **** /* ========================================
   2:main.c        ****  * PROGETTO 3
   3:main.c        ****  * RE-HAND 
   4:main.c        ****  * 
   5:main.c        ****  * ========================================
   6:main.c        **** */
   7:main.c        **** #include "project.h"
   8:main.c        **** #include "stdio.h"
   9:main.c        **** #include "Interrupt_Routines.h"
  10:main.c        **** 
  11:main.c        **** #define LED_ON 1
  12:main.c        **** #define LED_OFF 0
  13:main.c        **** 
  14:main.c        **** char Received = 'N';
  15:main.c        **** 
  16:main.c        **** int main(void)
  17:main.c        **** {
  28              		.loc 1 17 0
  29              		.cfi_startproc
  30              		@ args = 0, pretend = 0, frame = 0
  31              		@ frame_needed = 0, uses_anonymous_args = 0
  32 0000 10B5     		push	{r4, lr}
  33              		.cfi_def_cfa_offset 8
  34              		.cfi_offset 4, -8
  35              		.cfi_offset 14, -4
  18:main.c        ****     CyGlobalIntEnable; 
  36              		.loc 1 18 0
  37              		.syntax unified
  38              	@ 18 "main.c" 1
  39 0002 62B6     		CPSIE   i
ARM GAS  C:\Users\feder\AppData\Local\Temp\ccF4vmYe.s 			page 2


  40              	@ 0 "" 2
  19:main.c        **** 
  20:main.c        ****     /* Inizializzazione ADC, UART, TIMER e ISR */
  21:main.c        ****     ADC_DelSig_Start();
  41              		.loc 1 21 0
  42              		.thumb
  43              		.syntax unified
  44 0004 FFF7FEFF 		bl	ADC_DelSig_Start
  45              	.LVL0:
  22:main.c        ****     UART_Start();
  46              		.loc 1 22 0
  47 0008 FFF7FEFF 		bl	UART_Start
  48              	.LVL1:
  23:main.c        ****     UART_BT_Start();
  49              		.loc 1 23 0
  50 000c FFF7FEFF 		bl	UART_BT_Start
  51              	.LVL2:
  24:main.c        ****     Timer_Start();
  52              		.loc 1 24 0
  53 0010 FFF7FEFF 		bl	Timer_Start
  54              	.LVL3:
  25:main.c        ****     isr_ADC_StartEx(Custom_ISR_ADC);
  55              		.loc 1 25 0
  56 0014 2948     		ldr	r0, .L12
  57 0016 FFF7FEFF 		bl	isr_ADC_StartEx
  58              	.LVL4:
  26:main.c        ****     //Inizializzazione Flag per la gestione invio dati
  27:main.c        ****     PacketReadyFlag = 0;
  59              		.loc 1 27 0
  60 001a 0024     		movs	r4, #0
  61 001c 284B     		ldr	r3, .L12+4
  62 001e 1C70     		strb	r4, [r3]
  28:main.c        ****     PacketReadyFlag1 = 0;
  63              		.loc 1 28 0
  64 0020 284B     		ldr	r3, .L12+8
  65 0022 1C70     		strb	r4, [r3]
  29:main.c        ****     //Inzio Conversione ADC e MUX
  30:main.c        ****     ADC_DelSig_StartConvert();
  66              		.loc 1 30 0
  67 0024 FFF7FEFF 		bl	ADC_DelSig_StartConvert
  68              	.LVL5:
  31:main.c        ****     AMux_Start();
  69              		.loc 1 31 0
  70 0028 FFF7FEFF 		bl	AMux_Start
  71              	.LVL6:
  32:main.c        ****     
  33:main.c        ****     //Header e Tail dei pacchetti dati sensori e batteria
  34:main.c        ****     DataBuffer[0] = 0xA0;
  72              		.loc 1 34 0
  73 002c 264B     		ldr	r3, .L12+12
  74 002e A022     		movs	r2, #160
  75 0030 1A70     		strb	r2, [r3]
  35:main.c        ****     DataBuffer[TRANSMIT_BUFFER_SIZE-1] = 0xC0;
  76              		.loc 1 35 0
  77 0032 C022     		movs	r2, #192
  78 0034 5A72     		strb	r2, [r3, #9]
  36:main.c        ****     DataBuffer1[0] = 0xAA;
ARM GAS  C:\Users\feder\AppData\Local\Temp\ccF4vmYe.s 			page 3


  79              		.loc 1 36 0
  80 0036 254B     		ldr	r3, .L12+16
  81 0038 AA22     		movs	r2, #170
  82 003a 1A70     		strb	r2, [r3]
  37:main.c        ****     DataBuffer1[TRANSMIT_BUFFER_SIZE-1] = 0xFF;
  83              		.loc 1 37 0
  84 003c FF22     		movs	r2, #255
  85 003e 5A72     		strb	r2, [r3, #9]
  38:main.c        ****     led_status = LED_OFF;
  86              		.loc 1 38 0
  87 0040 234B     		ldr	r3, .L12+20
  88 0042 1C70     		strb	r4, [r3]
  89              	.L4:
  39:main.c        ****     
  40:main.c        ****     for(;;)
  41:main.c        ****     {
  42:main.c        ****         // Gestione lampeggio led se il bluetooth non è connesso
  43:main.c        ****         if(led_status == LED_OFF)
  90              		.loc 1 43 0
  91 0044 224B     		ldr	r3, .L12+20
  92 0046 1B78     		ldrb	r3, [r3]	@ zero_extendqisi2
  93 0048 13F0FF0F 		tst	r3, #255
  94 004c 0ED1     		bne	.L2
  44:main.c        ****         {
  45:main.c        ****             Pin_LED_Write(LED_ON);
  95              		.loc 1 45 0
  96 004e 0120     		movs	r0, #1
  97 0050 FFF7FEFF 		bl	Pin_LED_Write
  98              	.LVL7:
  46:main.c        ****             CyDelay(500);
  99              		.loc 1 46 0
 100 0054 4FF4FA70 		mov	r0, #500
 101 0058 FFF7FEFF 		bl	CyDelay
 102              	.LVL8:
  47:main.c        ****             Pin_LED_Write(LED_OFF);
 103              		.loc 1 47 0
 104 005c 0020     		movs	r0, #0
 105 005e FFF7FEFF 		bl	Pin_LED_Write
 106              	.LVL9:
  48:main.c        ****             CyDelay(500);
 107              		.loc 1 48 0
 108 0062 4FF4FA70 		mov	r0, #500
 109 0066 FFF7FEFF 		bl	CyDelay
 110              	.LVL10:
 111 006a 02E0     		b	.L3
 112              	.L2:
  49:main.c        ****         }
  50:main.c        ****         else
  51:main.c        ****         {
  52:main.c        ****             Pin_LED_Write(LED_ON);
 113              		.loc 1 52 0
 114 006c 0120     		movs	r0, #1
 115 006e FFF7FEFF 		bl	Pin_LED_Write
 116              	.LVL11:
 117              	.L3:
  53:main.c        ****         }
  54:main.c        ****     
ARM GAS  C:\Users\feder\AppData\Local\Temp\ccF4vmYe.s 			page 4


  55:main.c        ****         // Se il bluetooth è collegato il led è fisso e i dati vengono inviati
  56:main.c        ****         if(led_status == LED_ON){
 118              		.loc 1 56 0
 119 0072 174B     		ldr	r3, .L12+20
 120 0074 1B78     		ldrb	r3, [r3]	@ zero_extendqisi2
 121 0076 DBB2     		uxtb	r3, r3
 122 0078 012B     		cmp	r3, #1
 123 007a E3D1     		bne	.L4
  57:main.c        ****         
  58:main.c        ****         if ( PacketReadyFlag==1){
 124              		.loc 1 58 0
 125 007c 104B     		ldr	r3, .L12+4
 126 007e 1B78     		ldrb	r3, [r3]	@ zero_extendqisi2
 127 0080 DBB2     		uxtb	r3, r3
 128 0082 012B     		cmp	r3, #1
 129 0084 0DD1     		bne	.L6
 130 0086 06E0     		b	.L10
 131              	.LVL12:
 132              	.L7:
 133              	.LBB2:
  59:main.c        ****             for(int8 i=0; i<2; i++){
  60:main.c        ****              // Comunicazione con BT dati sensori
  61:main.c        ****              UART_BT_PutArray(DataBuffer, TRANSMIT_BUFFER_SIZE );
 134              		.loc 1 61 0 discriminator 3
 135 0088 0A21     		movs	r1, #10
 136 008a 0F48     		ldr	r0, .L12+12
 137 008c FFF7FEFF 		bl	UART_BT_PutArray
 138              	.LVL13:
  59:main.c        ****             for(int8 i=0; i<2; i++){
 139              		.loc 1 59 0 discriminator 3
 140 0090 0134     		adds	r4, r4, #1
 141              	.LVL14:
 142 0092 64B2     		sxtb	r4, r4
 143              	.LVL15:
 144 0094 00E0     		b	.L5
 145              	.LVL16:
 146              	.L10:
 147              	.LBE2:
 148 0096 0024     		movs	r4, #0
 149              	.L5:
 150              	.LVL17:
 151              	.LBB3:
  59:main.c        ****             for(int8 i=0; i<2; i++){
 152              		.loc 1 59 0 is_stmt 0 discriminator 1
 153 0098 012C     		cmp	r4, #1
 154 009a F5DD     		ble	.L7
 155              	.LBE3:
  62:main.c        ****             }
  63:main.c        ****         PacketReadyFlag=0;
 156              		.loc 1 63 0 is_stmt 1
 157 009c 0022     		movs	r2, #0
 158 009e 084B     		ldr	r3, .L12+4
 159 00a0 1A70     		strb	r2, [r3]
 160              	.LVL18:
 161              	.L6:
  64:main.c        ****         } if(PacketReadyFlag1==1){
 162              		.loc 1 64 0
ARM GAS  C:\Users\feder\AppData\Local\Temp\ccF4vmYe.s 			page 5


 163 00a2 084B     		ldr	r3, .L12+8
 164 00a4 1B78     		ldrb	r3, [r3]	@ zero_extendqisi2
 165 00a6 DBB2     		uxtb	r3, r3
 166 00a8 012B     		cmp	r3, #1
 167 00aa CBD1     		bne	.L4
  65:main.c        ****             //Comunicazione con BT dati batteria 
  66:main.c        ****              UART_BT_PutArray(DataBuffer1, TRANSMIT_BUFFER_SIZE);
 168              		.loc 1 66 0
 169 00ac 0A21     		movs	r1, #10
 170 00ae 0748     		ldr	r0, .L12+16
 171 00b0 FFF7FEFF 		bl	UART_BT_PutArray
 172              	.LVL19:
  67:main.c        ****             PacketReadyFlag1=0;
 173              		.loc 1 67 0
 174 00b4 0022     		movs	r2, #0
 175 00b6 034B     		ldr	r3, .L12+8
 176 00b8 1A70     		strb	r2, [r3]
 177 00ba C3E7     		b	.L4
 178              	.L13:
 179              		.align	2
 180              	.L12:
 181 00bc 00000000 		.word	Custom_ISR_ADC
 182 00c0 00000000 		.word	PacketReadyFlag
 183 00c4 00000000 		.word	PacketReadyFlag1
 184 00c8 00000000 		.word	DataBuffer
 185 00cc 00000000 		.word	DataBuffer1
 186 00d0 00000000 		.word	led_status
 187              		.cfi_endproc
 188              	.LFE64:
 189              		.size	main, .-main
 190              		.global	Received
 191              		.comm	led_status,1,1
 192              		.comm	PacketReadyFlag1,1,1
 193              		.comm	PacketReadyFlag,1,1
 194              		.comm	DataBuffer1,10,4
 195              		.comm	DataBuffer,10,4
 196              		.data
 197              		.type	Received, %object
 198              		.size	Received, 1
 199              	Received:
 200 0000 4E       		.byte	78
 201              		.text
 202              	.Letext0:
 203              		.file 2 "c:\\program files (x86)\\cypress\\psoc creator\\4.4\\psoc creator\\import\\gnu\\arm\\5.4.
 204              		.file 3 "c:\\program files (x86)\\cypress\\psoc creator\\4.4\\psoc creator\\import\\gnu\\arm\\5.4.
 205              		.file 4 "Generated_Source\\PSoC5/cytypes.h"
 206              		.file 5 "Generated_Source\\PSoC5/core_cm3.h"
 207              		.file 6 "Interrupt_Routines.h"
 208              		.file 7 "Generated_Source\\PSoC5/UART_BT.h"
 209              		.file 8 "Generated_Source\\PSoC5/ADC_DelSig.h"
 210              		.file 9 "Generated_Source\\PSoC5/UART.h"
 211              		.file 10 "Generated_Source\\PSoC5/Timer.h"
 212              		.file 11 "Generated_Source\\PSoC5/isr_ADC.h"
 213              		.file 12 "Generated_Source\\PSoC5/AMux.h"
 214              		.file 13 "Generated_Source\\PSoC5/Pin_LED.h"
 215              		.file 14 "Generated_Source\\PSoC5/CyLib.h"
 216              		.section	.debug_info,"",%progbits
ARM GAS  C:\Users\feder\AppData\Local\Temp\ccF4vmYe.s 			page 6


 217              	.Ldebug_info0:
 218 0000 D1020000 		.4byte	0x2d1
 219 0004 0400     		.2byte	0x4
 220 0006 00000000 		.4byte	.Ldebug_abbrev0
 221 000a 04       		.byte	0x4
 222 000b 01       		.uleb128 0x1
 223 000c B8000000 		.4byte	.LASF37
 224 0010 0C       		.byte	0xc
 225 0011 33020000 		.4byte	.LASF38
 226 0015 00000000 		.4byte	.LASF39
 227 0019 18000000 		.4byte	.Ldebug_ranges0+0x18
 228 001d 00000000 		.4byte	0
 229 0021 00000000 		.4byte	.Ldebug_line0
 230 0025 02       		.uleb128 0x2
 231 0026 01       		.byte	0x1
 232 0027 06       		.byte	0x6
 233 0028 90020000 		.4byte	.LASF0
 234 002c 03       		.uleb128 0x3
 235 002d 57000000 		.4byte	.LASF4
 236 0031 02       		.byte	0x2
 237 0032 1D       		.byte	0x1d
 238 0033 37000000 		.4byte	0x37
 239 0037 02       		.uleb128 0x2
 240 0038 01       		.byte	0x1
 241 0039 08       		.byte	0x8
 242 003a AA000000 		.4byte	.LASF1
 243 003e 02       		.uleb128 0x2
 244 003f 02       		.byte	0x2
 245 0040 05       		.byte	0x5
 246 0041 3F020000 		.4byte	.LASF2
 247 0045 02       		.uleb128 0x2
 248 0046 02       		.byte	0x2
 249 0047 07       		.byte	0x7
 250 0048 8A000000 		.4byte	.LASF3
 251 004c 03       		.uleb128 0x3
 252 004d 75000000 		.4byte	.LASF5
 253 0051 02       		.byte	0x2
 254 0052 3F       		.byte	0x3f
 255 0053 57000000 		.4byte	0x57
 256 0057 02       		.uleb128 0x2
 257 0058 04       		.byte	0x4
 258 0059 05       		.byte	0x5
 259 005a 70020000 		.4byte	.LASF6
 260 005e 02       		.uleb128 0x2
 261 005f 04       		.byte	0x4
 262 0060 07       		.byte	0x7
 263 0061 52010000 		.4byte	.LASF7
 264 0065 02       		.uleb128 0x2
 265 0066 08       		.byte	0x8
 266 0067 05       		.byte	0x5
 267 0068 25020000 		.4byte	.LASF8
 268 006c 02       		.uleb128 0x2
 269 006d 08       		.byte	0x8
 270 006e 07       		.byte	0x7
 271 006f CC010000 		.4byte	.LASF9
 272 0073 04       		.uleb128 0x4
 273 0074 04       		.byte	0x4
ARM GAS  C:\Users\feder\AppData\Local\Temp\ccF4vmYe.s 			page 7


 274 0075 05       		.byte	0x5
 275 0076 696E7400 		.ascii	"int\000"
 276 007a 02       		.uleb128 0x2
 277 007b 04       		.byte	0x4
 278 007c 07       		.byte	0x7
 279 007d B1010000 		.4byte	.LASF10
 280 0081 03       		.uleb128 0x3
 281 0082 E3010000 		.4byte	.LASF11
 282 0086 03       		.byte	0x3
 283 0087 18       		.byte	0x18
 284 0088 2C000000 		.4byte	0x2c
 285 008c 03       		.uleb128 0x3
 286 008d 03020000 		.4byte	.LASF12
 287 0091 03       		.byte	0x3
 288 0092 2C       		.byte	0x2c
 289 0093 4C000000 		.4byte	0x4c
 290 0097 05       		.uleb128 0x5
 291 0098 59020000 		.4byte	.LASF13
 292 009c 04       		.byte	0x4
 293 009d E801     		.2byte	0x1e8
 294 009f 37000000 		.4byte	0x37
 295 00a3 05       		.uleb128 0x5
 296 00a4 A0010000 		.4byte	.LASF14
 297 00a8 04       		.byte	0x4
 298 00a9 EB01     		.2byte	0x1eb
 299 00ab 25000000 		.4byte	0x25
 300 00af 02       		.uleb128 0x2
 301 00b0 04       		.byte	0x4
 302 00b1 04       		.byte	0x4
 303 00b2 A4000000 		.4byte	.LASF15
 304 00b6 02       		.uleb128 0x2
 305 00b7 08       		.byte	0x8
 306 00b8 04       		.byte	0x4
 307 00b9 9D000000 		.4byte	.LASF16
 308 00bd 02       		.uleb128 0x2
 309 00be 01       		.byte	0x1
 310 00bf 08       		.byte	0x8
 311 00c0 3A020000 		.4byte	.LASF17
 312 00c4 06       		.uleb128 0x6
 313 00c5 97000000 		.4byte	0x97
 314 00c9 02       		.uleb128 0x2
 315 00ca 08       		.byte	0x8
 316 00cb 04       		.byte	0x4
 317 00cc 84020000 		.4byte	.LASF18
 318 00d0 02       		.uleb128 0x2
 319 00d1 04       		.byte	0x4
 320 00d2 07       		.byte	0x7
 321 00d3 0B020000 		.4byte	.LASF19
 322 00d7 06       		.uleb128 0x6
 323 00d8 81000000 		.4byte	0x81
 324 00dc 07       		.uleb128 0x7
 325 00dd 9B010000 		.4byte	.LASF40
 326 00e1 01       		.byte	0x1
 327 00e2 10       		.byte	0x10
 328 00e3 73000000 		.4byte	0x73
 329 00e7 00000000 		.4byte	.LFB64
 330 00eb D4000000 		.4byte	.LFE64-.LFB64
ARM GAS  C:\Users\feder\AppData\Local\Temp\ccF4vmYe.s 			page 8


 331 00ef 01       		.uleb128 0x1
 332 00f0 9C       		.byte	0x9c
 333 00f1 DF010000 		.4byte	0x1df
 334 00f5 08       		.uleb128 0x8
 335 00f6 00000000 		.4byte	.Ldebug_ranges0+0
 336 00fa 24010000 		.4byte	0x124
 337 00fe 09       		.uleb128 0x9
 338 00ff 6900     		.ascii	"i\000"
 339 0101 01       		.byte	0x1
 340 0102 3B       		.byte	0x3b
 341 0103 A3000000 		.4byte	0xa3
 342 0107 00000000 		.4byte	.LLST0
 343 010b 0A       		.uleb128 0xa
 344 010c 90000000 		.4byte	.LVL13
 345 0110 66020000 		.4byte	0x266
 346 0114 0B       		.uleb128 0xb
 347 0115 01       		.uleb128 0x1
 348 0116 50       		.byte	0x50
 349 0117 05       		.uleb128 0x5
 350 0118 03       		.byte	0x3
 351 0119 00000000 		.4byte	DataBuffer
 352 011d 0B       		.uleb128 0xb
 353 011e 01       		.uleb128 0x1
 354 011f 51       		.byte	0x51
 355 0120 01       		.uleb128 0x1
 356 0121 3A       		.byte	0x3a
 357 0122 00       		.byte	0
 358 0123 00       		.byte	0
 359 0124 0C       		.uleb128 0xc
 360 0125 08000000 		.4byte	.LVL0
 361 0129 71020000 		.4byte	0x271
 362 012d 0C       		.uleb128 0xc
 363 012e 0C000000 		.4byte	.LVL1
 364 0132 7C020000 		.4byte	0x27c
 365 0136 0C       		.uleb128 0xc
 366 0137 10000000 		.4byte	.LVL2
 367 013b 87020000 		.4byte	0x287
 368 013f 0C       		.uleb128 0xc
 369 0140 14000000 		.4byte	.LVL3
 370 0144 92020000 		.4byte	0x292
 371 0148 0C       		.uleb128 0xc
 372 0149 1A000000 		.4byte	.LVL4
 373 014d 9D020000 		.4byte	0x29d
 374 0151 0C       		.uleb128 0xc
 375 0152 28000000 		.4byte	.LVL5
 376 0156 A8020000 		.4byte	0x2a8
 377 015a 0C       		.uleb128 0xc
 378 015b 2C000000 		.4byte	.LVL6
 379 015f B3020000 		.4byte	0x2b3
 380 0163 0D       		.uleb128 0xd
 381 0164 54000000 		.4byte	.LVL7
 382 0168 BE020000 		.4byte	0x2be
 383 016c 76010000 		.4byte	0x176
 384 0170 0B       		.uleb128 0xb
 385 0171 01       		.uleb128 0x1
 386 0172 50       		.byte	0x50
 387 0173 01       		.uleb128 0x1
ARM GAS  C:\Users\feder\AppData\Local\Temp\ccF4vmYe.s 			page 9


 388 0174 31       		.byte	0x31
 389 0175 00       		.byte	0
 390 0176 0D       		.uleb128 0xd
 391 0177 5C000000 		.4byte	.LVL8
 392 017b C9020000 		.4byte	0x2c9
 393 017f 8B010000 		.4byte	0x18b
 394 0183 0B       		.uleb128 0xb
 395 0184 01       		.uleb128 0x1
 396 0185 50       		.byte	0x50
 397 0186 03       		.uleb128 0x3
 398 0187 0A       		.byte	0xa
 399 0188 F401     		.2byte	0x1f4
 400 018a 00       		.byte	0
 401 018b 0D       		.uleb128 0xd
 402 018c 62000000 		.4byte	.LVL9
 403 0190 BE020000 		.4byte	0x2be
 404 0194 9E010000 		.4byte	0x19e
 405 0198 0B       		.uleb128 0xb
 406 0199 01       		.uleb128 0x1
 407 019a 50       		.byte	0x50
 408 019b 01       		.uleb128 0x1
 409 019c 30       		.byte	0x30
 410 019d 00       		.byte	0
 411 019e 0D       		.uleb128 0xd
 412 019f 6A000000 		.4byte	.LVL10
 413 01a3 C9020000 		.4byte	0x2c9
 414 01a7 B3010000 		.4byte	0x1b3
 415 01ab 0B       		.uleb128 0xb
 416 01ac 01       		.uleb128 0x1
 417 01ad 50       		.byte	0x50
 418 01ae 03       		.uleb128 0x3
 419 01af 0A       		.byte	0xa
 420 01b0 F401     		.2byte	0x1f4
 421 01b2 00       		.byte	0
 422 01b3 0D       		.uleb128 0xd
 423 01b4 72000000 		.4byte	.LVL11
 424 01b8 BE020000 		.4byte	0x2be
 425 01bc C6010000 		.4byte	0x1c6
 426 01c0 0B       		.uleb128 0xb
 427 01c1 01       		.uleb128 0x1
 428 01c2 50       		.byte	0x50
 429 01c3 01       		.uleb128 0x1
 430 01c4 31       		.byte	0x31
 431 01c5 00       		.byte	0
 432 01c6 0A       		.uleb128 0xa
 433 01c7 B4000000 		.4byte	.LVL19
 434 01cb 66020000 		.4byte	0x266
 435 01cf 0B       		.uleb128 0xb
 436 01d0 01       		.uleb128 0x1
 437 01d1 50       		.byte	0x50
 438 01d2 05       		.uleb128 0x5
 439 01d3 03       		.byte	0x3
 440 01d4 00000000 		.4byte	DataBuffer1
 441 01d8 0B       		.uleb128 0xb
 442 01d9 01       		.uleb128 0x1
 443 01da 51       		.byte	0x51
 444 01db 01       		.uleb128 0x1
ARM GAS  C:\Users\feder\AppData\Local\Temp\ccF4vmYe.s 			page 10


 445 01dc 3A       		.byte	0x3a
 446 01dd 00       		.byte	0
 447 01de 00       		.byte	0
 448 01df 0E       		.uleb128 0xe
 449 01e0 7D010000 		.4byte	.LASF20
 450 01e4 05       		.byte	0x5
 451 01e5 1207     		.2byte	0x712
 452 01e7 EB010000 		.4byte	0x1eb
 453 01eb 06       		.uleb128 0x6
 454 01ec 8C000000 		.4byte	0x8c
 455 01f0 0F       		.uleb128 0xf
 456 01f1 97000000 		.4byte	0x97
 457 01f5 00020000 		.4byte	0x200
 458 01f9 10       		.uleb128 0x10
 459 01fa D0000000 		.4byte	0xd0
 460 01fe 09       		.byte	0x9
 461 01ff 00       		.byte	0
 462 0200 11       		.uleb128 0x11
 463 0201 79020000 		.4byte	.LASF21
 464 0205 06       		.byte	0x6
 465 0206 19       		.byte	0x19
 466 0207 F0010000 		.4byte	0x1f0
 467 020b 05       		.uleb128 0x5
 468 020c 03       		.byte	0x3
 469 020d 00000000 		.4byte	DataBuffer
 470 0211 11       		.uleb128 0x11
 471 0212 46010000 		.4byte	.LASF22
 472 0216 06       		.byte	0x6
 473 0217 1A       		.byte	0x1a
 474 0218 F0010000 		.4byte	0x1f0
 475 021c 05       		.uleb128 0x5
 476 021d 03       		.byte	0x3
 477 021e 00000000 		.4byte	DataBuffer1
 478 0222 11       		.uleb128 0x11
 479 0223 49020000 		.4byte	.LASF23
 480 0227 06       		.byte	0x6
 481 0228 1B       		.byte	0x1b
 482 0229 C4000000 		.4byte	0xc4
 483 022d 05       		.uleb128 0x5
 484 022e 03       		.byte	0x3
 485 022f 00000000 		.4byte	PacketReadyFlag
 486 0233 11       		.uleb128 0x11
 487 0234 14020000 		.4byte	.LASF24
 488 0238 06       		.byte	0x6
 489 0239 1C       		.byte	0x1c
 490 023a C4000000 		.4byte	0xc4
 491 023e 05       		.uleb128 0x5
 492 023f 03       		.byte	0x3
 493 0240 00000000 		.4byte	PacketReadyFlag1
 494 0244 11       		.uleb128 0x11
 495 0245 7F000000 		.4byte	.LASF25
 496 0249 06       		.byte	0x6
 497 024a 1D       		.byte	0x1d
 498 024b D7000000 		.4byte	0xd7
 499 024f 05       		.uleb128 0x5
 500 0250 03       		.byte	0x3
 501 0251 00000000 		.4byte	led_status
ARM GAS  C:\Users\feder\AppData\Local\Temp\ccF4vmYe.s 			page 11


 502 0255 11       		.uleb128 0x11
 503 0256 61000000 		.4byte	.LASF26
 504 025a 01       		.byte	0x1
 505 025b 0E       		.byte	0xe
 506 025c BD000000 		.4byte	0xbd
 507 0260 05       		.uleb128 0x5
 508 0261 03       		.byte	0x3
 509 0262 00000000 		.4byte	Received
 510 0266 12       		.uleb128 0x12
 511 0267 8A010000 		.4byte	.LASF27
 512 026b 8A010000 		.4byte	.LASF27
 513 026f 07       		.byte	0x7
 514 0270 8C       		.byte	0x8c
 515 0271 12       		.uleb128 0x12
 516 0272 5F020000 		.4byte	.LASF28
 517 0276 5F020000 		.4byte	.LASF28
 518 027a 08       		.byte	0x8
 519 027b 3A       		.byte	0x3a
 520 027c 12       		.uleb128 0x12
 521 027d 72010000 		.4byte	.LASF29
 522 0281 72010000 		.4byte	.LASF29
 523 0285 09       		.byte	0x9
 524 0286 54       		.byte	0x54
 525 0287 12       		.uleb128 0x12
 526 0288 64010000 		.4byte	.LASF30
 527 028c 64010000 		.4byte	.LASF30
 528 0290 07       		.byte	0x7
 529 0291 54       		.byte	0x54
 530 0292 12       		.uleb128 0x12
 531 0293 A5010000 		.4byte	.LASF31
 532 0297 A5010000 		.4byte	.LASF31
 533 029b 0A       		.byte	0xa
 534 029c 5A       		.byte	0x5a
 535 029d 12       		.uleb128 0x12
 536 029e 9C020000 		.4byte	.LASF32
 537 02a2 9C020000 		.4byte	.LASF32
 538 02a6 0B       		.byte	0xb
 539 02a7 18       		.byte	0x18
 540 02a8 12       		.uleb128 0x12
 541 02a9 EB010000 		.4byte	.LASF33
 542 02ad EB010000 		.4byte	.LASF33
 543 02b1 08       		.byte	0x8
 544 02b2 3D       		.byte	0x3d
 545 02b3 12       		.uleb128 0x12
 546 02b4 6A000000 		.4byte	.LASF34
 547 02b8 6A000000 		.4byte	.LASF34
 548 02bc 0C       		.byte	0xc
 549 02bd 25       		.byte	0x25
 550 02be 12       		.uleb128 0x12
 551 02bf BE010000 		.4byte	.LASF35
 552 02c3 BE010000 		.4byte	.LASF35
 553 02c7 0D       		.byte	0xd
 554 02c8 26       		.byte	0x26
 555 02c9 12       		.uleb128 0x12
 556 02ca AC020000 		.4byte	.LASF36
 557 02ce AC020000 		.4byte	.LASF36
 558 02d2 0E       		.byte	0xe
ARM GAS  C:\Users\feder\AppData\Local\Temp\ccF4vmYe.s 			page 12


 559 02d3 76       		.byte	0x76
 560 02d4 00       		.byte	0
 561              		.section	.debug_abbrev,"",%progbits
 562              	.Ldebug_abbrev0:
 563 0000 01       		.uleb128 0x1
 564 0001 11       		.uleb128 0x11
 565 0002 01       		.byte	0x1
 566 0003 25       		.uleb128 0x25
 567 0004 0E       		.uleb128 0xe
 568 0005 13       		.uleb128 0x13
 569 0006 0B       		.uleb128 0xb
 570 0007 03       		.uleb128 0x3
 571 0008 0E       		.uleb128 0xe
 572 0009 1B       		.uleb128 0x1b
 573 000a 0E       		.uleb128 0xe
 574 000b 55       		.uleb128 0x55
 575 000c 17       		.uleb128 0x17
 576 000d 11       		.uleb128 0x11
 577 000e 01       		.uleb128 0x1
 578 000f 10       		.uleb128 0x10
 579 0010 17       		.uleb128 0x17
 580 0011 00       		.byte	0
 581 0012 00       		.byte	0
 582 0013 02       		.uleb128 0x2
 583 0014 24       		.uleb128 0x24
 584 0015 00       		.byte	0
 585 0016 0B       		.uleb128 0xb
 586 0017 0B       		.uleb128 0xb
 587 0018 3E       		.uleb128 0x3e
 588 0019 0B       		.uleb128 0xb
 589 001a 03       		.uleb128 0x3
 590 001b 0E       		.uleb128 0xe
 591 001c 00       		.byte	0
 592 001d 00       		.byte	0
 593 001e 03       		.uleb128 0x3
 594 001f 16       		.uleb128 0x16
 595 0020 00       		.byte	0
 596 0021 03       		.uleb128 0x3
 597 0022 0E       		.uleb128 0xe
 598 0023 3A       		.uleb128 0x3a
 599 0024 0B       		.uleb128 0xb
 600 0025 3B       		.uleb128 0x3b
 601 0026 0B       		.uleb128 0xb
 602 0027 49       		.uleb128 0x49
 603 0028 13       		.uleb128 0x13
 604 0029 00       		.byte	0
 605 002a 00       		.byte	0
 606 002b 04       		.uleb128 0x4
 607 002c 24       		.uleb128 0x24
 608 002d 00       		.byte	0
 609 002e 0B       		.uleb128 0xb
 610 002f 0B       		.uleb128 0xb
 611 0030 3E       		.uleb128 0x3e
 612 0031 0B       		.uleb128 0xb
 613 0032 03       		.uleb128 0x3
 614 0033 08       		.uleb128 0x8
 615 0034 00       		.byte	0
ARM GAS  C:\Users\feder\AppData\Local\Temp\ccF4vmYe.s 			page 13


 616 0035 00       		.byte	0
 617 0036 05       		.uleb128 0x5
 618 0037 16       		.uleb128 0x16
 619 0038 00       		.byte	0
 620 0039 03       		.uleb128 0x3
 621 003a 0E       		.uleb128 0xe
 622 003b 3A       		.uleb128 0x3a
 623 003c 0B       		.uleb128 0xb
 624 003d 3B       		.uleb128 0x3b
 625 003e 05       		.uleb128 0x5
 626 003f 49       		.uleb128 0x49
 627 0040 13       		.uleb128 0x13
 628 0041 00       		.byte	0
 629 0042 00       		.byte	0
 630 0043 06       		.uleb128 0x6
 631 0044 35       		.uleb128 0x35
 632 0045 00       		.byte	0
 633 0046 49       		.uleb128 0x49
 634 0047 13       		.uleb128 0x13
 635 0048 00       		.byte	0
 636 0049 00       		.byte	0
 637 004a 07       		.uleb128 0x7
 638 004b 2E       		.uleb128 0x2e
 639 004c 01       		.byte	0x1
 640 004d 3F       		.uleb128 0x3f
 641 004e 19       		.uleb128 0x19
 642 004f 03       		.uleb128 0x3
 643 0050 0E       		.uleb128 0xe
 644 0051 3A       		.uleb128 0x3a
 645 0052 0B       		.uleb128 0xb
 646 0053 3B       		.uleb128 0x3b
 647 0054 0B       		.uleb128 0xb
 648 0055 27       		.uleb128 0x27
 649 0056 19       		.uleb128 0x19
 650 0057 49       		.uleb128 0x49
 651 0058 13       		.uleb128 0x13
 652 0059 8701     		.uleb128 0x87
 653 005b 19       		.uleb128 0x19
 654 005c 11       		.uleb128 0x11
 655 005d 01       		.uleb128 0x1
 656 005e 12       		.uleb128 0x12
 657 005f 06       		.uleb128 0x6
 658 0060 40       		.uleb128 0x40
 659 0061 18       		.uleb128 0x18
 660 0062 9742     		.uleb128 0x2117
 661 0064 19       		.uleb128 0x19
 662 0065 01       		.uleb128 0x1
 663 0066 13       		.uleb128 0x13
 664 0067 00       		.byte	0
 665 0068 00       		.byte	0
 666 0069 08       		.uleb128 0x8
 667 006a 0B       		.uleb128 0xb
 668 006b 01       		.byte	0x1
 669 006c 55       		.uleb128 0x55
 670 006d 17       		.uleb128 0x17
 671 006e 01       		.uleb128 0x1
 672 006f 13       		.uleb128 0x13
ARM GAS  C:\Users\feder\AppData\Local\Temp\ccF4vmYe.s 			page 14


 673 0070 00       		.byte	0
 674 0071 00       		.byte	0
 675 0072 09       		.uleb128 0x9
 676 0073 34       		.uleb128 0x34
 677 0074 00       		.byte	0
 678 0075 03       		.uleb128 0x3
 679 0076 08       		.uleb128 0x8
 680 0077 3A       		.uleb128 0x3a
 681 0078 0B       		.uleb128 0xb
 682 0079 3B       		.uleb128 0x3b
 683 007a 0B       		.uleb128 0xb
 684 007b 49       		.uleb128 0x49
 685 007c 13       		.uleb128 0x13
 686 007d 02       		.uleb128 0x2
 687 007e 17       		.uleb128 0x17
 688 007f 00       		.byte	0
 689 0080 00       		.byte	0
 690 0081 0A       		.uleb128 0xa
 691 0082 898201   		.uleb128 0x4109
 692 0085 01       		.byte	0x1
 693 0086 11       		.uleb128 0x11
 694 0087 01       		.uleb128 0x1
 695 0088 31       		.uleb128 0x31
 696 0089 13       		.uleb128 0x13
 697 008a 00       		.byte	0
 698 008b 00       		.byte	0
 699 008c 0B       		.uleb128 0xb
 700 008d 8A8201   		.uleb128 0x410a
 701 0090 00       		.byte	0
 702 0091 02       		.uleb128 0x2
 703 0092 18       		.uleb128 0x18
 704 0093 9142     		.uleb128 0x2111
 705 0095 18       		.uleb128 0x18
 706 0096 00       		.byte	0
 707 0097 00       		.byte	0
 708 0098 0C       		.uleb128 0xc
 709 0099 898201   		.uleb128 0x4109
 710 009c 00       		.byte	0
 711 009d 11       		.uleb128 0x11
 712 009e 01       		.uleb128 0x1
 713 009f 31       		.uleb128 0x31
 714 00a0 13       		.uleb128 0x13
 715 00a1 00       		.byte	0
 716 00a2 00       		.byte	0
 717 00a3 0D       		.uleb128 0xd
 718 00a4 898201   		.uleb128 0x4109
 719 00a7 01       		.byte	0x1
 720 00a8 11       		.uleb128 0x11
 721 00a9 01       		.uleb128 0x1
 722 00aa 31       		.uleb128 0x31
 723 00ab 13       		.uleb128 0x13
 724 00ac 01       		.uleb128 0x1
 725 00ad 13       		.uleb128 0x13
 726 00ae 00       		.byte	0
 727 00af 00       		.byte	0
 728 00b0 0E       		.uleb128 0xe
 729 00b1 34       		.uleb128 0x34
ARM GAS  C:\Users\feder\AppData\Local\Temp\ccF4vmYe.s 			page 15


 730 00b2 00       		.byte	0
 731 00b3 03       		.uleb128 0x3
 732 00b4 0E       		.uleb128 0xe
 733 00b5 3A       		.uleb128 0x3a
 734 00b6 0B       		.uleb128 0xb
 735 00b7 3B       		.uleb128 0x3b
 736 00b8 05       		.uleb128 0x5
 737 00b9 49       		.uleb128 0x49
 738 00ba 13       		.uleb128 0x13
 739 00bb 3F       		.uleb128 0x3f
 740 00bc 19       		.uleb128 0x19
 741 00bd 3C       		.uleb128 0x3c
 742 00be 19       		.uleb128 0x19
 743 00bf 00       		.byte	0
 744 00c0 00       		.byte	0
 745 00c1 0F       		.uleb128 0xf
 746 00c2 01       		.uleb128 0x1
 747 00c3 01       		.byte	0x1
 748 00c4 49       		.uleb128 0x49
 749 00c5 13       		.uleb128 0x13
 750 00c6 01       		.uleb128 0x1
 751 00c7 13       		.uleb128 0x13
 752 00c8 00       		.byte	0
 753 00c9 00       		.byte	0
 754 00ca 10       		.uleb128 0x10
 755 00cb 21       		.uleb128 0x21
 756 00cc 00       		.byte	0
 757 00cd 49       		.uleb128 0x49
 758 00ce 13       		.uleb128 0x13
 759 00cf 2F       		.uleb128 0x2f
 760 00d0 0B       		.uleb128 0xb
 761 00d1 00       		.byte	0
 762 00d2 00       		.byte	0
 763 00d3 11       		.uleb128 0x11
 764 00d4 34       		.uleb128 0x34
 765 00d5 00       		.byte	0
 766 00d6 03       		.uleb128 0x3
 767 00d7 0E       		.uleb128 0xe
 768 00d8 3A       		.uleb128 0x3a
 769 00d9 0B       		.uleb128 0xb
 770 00da 3B       		.uleb128 0x3b
 771 00db 0B       		.uleb128 0xb
 772 00dc 49       		.uleb128 0x49
 773 00dd 13       		.uleb128 0x13
 774 00de 3F       		.uleb128 0x3f
 775 00df 19       		.uleb128 0x19
 776 00e0 02       		.uleb128 0x2
 777 00e1 18       		.uleb128 0x18
 778 00e2 00       		.byte	0
 779 00e3 00       		.byte	0
 780 00e4 12       		.uleb128 0x12
 781 00e5 2E       		.uleb128 0x2e
 782 00e6 00       		.byte	0
 783 00e7 3F       		.uleb128 0x3f
 784 00e8 19       		.uleb128 0x19
 785 00e9 3C       		.uleb128 0x3c
 786 00ea 19       		.uleb128 0x19
ARM GAS  C:\Users\feder\AppData\Local\Temp\ccF4vmYe.s 			page 16


 787 00eb 6E       		.uleb128 0x6e
 788 00ec 0E       		.uleb128 0xe
 789 00ed 03       		.uleb128 0x3
 790 00ee 0E       		.uleb128 0xe
 791 00ef 3A       		.uleb128 0x3a
 792 00f0 0B       		.uleb128 0xb
 793 00f1 3B       		.uleb128 0x3b
 794 00f2 0B       		.uleb128 0xb
 795 00f3 00       		.byte	0
 796 00f4 00       		.byte	0
 797 00f5 00       		.byte	0
 798              		.section	.debug_loc,"",%progbits
 799              	.Ldebug_loc0:
 800              	.LLST0:
 801 0000 88000000 		.4byte	.LVL12
 802 0004 92000000 		.4byte	.LVL14
 803 0008 0100     		.2byte	0x1
 804 000a 54       		.byte	0x54
 805 000b 94000000 		.4byte	.LVL15
 806 000f 96000000 		.4byte	.LVL16
 807 0013 0100     		.2byte	0x1
 808 0015 54       		.byte	0x54
 809 0016 98000000 		.4byte	.LVL17
 810 001a A2000000 		.4byte	.LVL18
 811 001e 0100     		.2byte	0x1
 812 0020 54       		.byte	0x54
 813 0021 00000000 		.4byte	0
 814 0025 00000000 		.4byte	0
 815              		.section	.debug_aranges,"",%progbits
 816 0000 1C000000 		.4byte	0x1c
 817 0004 0200     		.2byte	0x2
 818 0006 00000000 		.4byte	.Ldebug_info0
 819 000a 04       		.byte	0x4
 820 000b 00       		.byte	0
 821 000c 0000     		.2byte	0
 822 000e 0000     		.2byte	0
 823 0010 00000000 		.4byte	.LFB64
 824 0014 D4000000 		.4byte	.LFE64-.LFB64
 825 0018 00000000 		.4byte	0
 826 001c 00000000 		.4byte	0
 827              		.section	.debug_ranges,"",%progbits
 828              	.Ldebug_ranges0:
 829 0000 88000000 		.4byte	.LBB2
 830 0004 96000000 		.4byte	.LBE2
 831 0008 98000000 		.4byte	.LBB3
 832 000c 9C000000 		.4byte	.LBE3
 833 0010 00000000 		.4byte	0
 834 0014 00000000 		.4byte	0
 835 0018 00000000 		.4byte	.LFB64
 836 001c D4000000 		.4byte	.LFE64
 837 0020 00000000 		.4byte	0
 838 0024 00000000 		.4byte	0
 839              		.section	.debug_line,"",%progbits
 840              	.Ldebug_line0:
 841 0000 06020000 		.section	.debug_str,"MS",%progbits,1
 841      0200C501 
 841      00000201 
ARM GAS  C:\Users\feder\AppData\Local\Temp\ccF4vmYe.s 			page 17


 841      FB0E0D00 
 841      01010101 
 842              	.LASF39:
 843 0000 433A5C55 		.ascii	"C:\\Users\\feder\\Desktop\\Poli\\Anno V\\PROGETTO L"
 843      73657273 
 843      5C666564 
 843      65725C44 
 843      65736B74 
 844 002d 41425C41 		.ascii	"AB\\AY2223_I_Project-3\\PSOC\\Project3.cydsn\000"
 844      59323232 
 844      335F495F 
 844      50726F6A 
 844      6563742D 
 845              	.LASF4:
 846 0057 5F5F7569 		.ascii	"__uint8_t\000"
 846      6E74385F 
 846      7400
 847              	.LASF26:
 848 0061 52656365 		.ascii	"Received\000"
 848      69766564 
 848      00
 849              	.LASF34:
 850 006a 414D7578 		.ascii	"AMux_Start\000"
 850      5F537461 
 850      727400
 851              	.LASF5:
 852 0075 5F5F696E 		.ascii	"__int32_t\000"
 852      7433325F 
 852      7400
 853              	.LASF25:
 854 007f 6C65645F 		.ascii	"led_status\000"
 854      73746174 
 854      757300
 855              	.LASF3:
 856 008a 73686F72 		.ascii	"short unsigned int\000"
 856      7420756E 
 856      7369676E 
 856      65642069 
 856      6E7400
 857              	.LASF16:
 858 009d 646F7562 		.ascii	"double\000"
 858      6C6500
 859              	.LASF15:
 860 00a4 666C6F61 		.ascii	"float\000"
 860      7400
 861              	.LASF1:
 862 00aa 756E7369 		.ascii	"unsigned char\000"
 862      676E6564 
 862      20636861 
 862      7200
 863              	.LASF37:
 864 00b8 474E5520 		.ascii	"GNU C11 5.4.1 20160609 (release) [ARM/embedded-5-br"
 864      43313120 
 864      352E342E 
 864      31203230 
 864      31363036 
 865 00eb 616E6368 		.ascii	"anch revision 237715] -mcpu=cortex-m3 -mthumb -g -O"
ARM GAS  C:\Users\feder\AppData\Local\Temp\ccF4vmYe.s 			page 18


 865      20726576 
 865      6973696F 
 865      6E203233 
 865      37373135 
 866 011e 67202D66 		.ascii	"g -ffunction-sections -ffat-lto-objects\000"
 866      66756E63 
 866      74696F6E 
 866      2D736563 
 866      74696F6E 
 867              	.LASF22:
 868 0146 44617461 		.ascii	"DataBuffer1\000"
 868      42756666 
 868      65723100 
 869              	.LASF7:
 870 0152 6C6F6E67 		.ascii	"long unsigned int\000"
 870      20756E73 
 870      69676E65 
 870      6420696E 
 870      7400
 871              	.LASF30:
 872 0164 55415254 		.ascii	"UART_BT_Start\000"
 872      5F42545F 
 872      53746172 
 872      7400
 873              	.LASF29:
 874 0172 55415254 		.ascii	"UART_Start\000"
 874      5F537461 
 874      727400
 875              	.LASF20:
 876 017d 49544D5F 		.ascii	"ITM_RxBuffer\000"
 876      52784275 
 876      66666572 
 876      00
 877              	.LASF27:
 878 018a 55415254 		.ascii	"UART_BT_PutArray\000"
 878      5F42545F 
 878      50757441 
 878      72726179 
 878      00
 879              	.LASF40:
 880 019b 6D61696E 		.ascii	"main\000"
 880      00
 881              	.LASF14:
 882 01a0 696E7438 		.ascii	"int8\000"
 882      00
 883              	.LASF31:
 884 01a5 54696D65 		.ascii	"Timer_Start\000"
 884      725F5374 
 884      61727400 
 885              	.LASF10:
 886 01b1 756E7369 		.ascii	"unsigned int\000"
 886      676E6564 
 886      20696E74 
 886      00
 887              	.LASF35:
 888 01be 50696E5F 		.ascii	"Pin_LED_Write\000"
 888      4C45445F 
ARM GAS  C:\Users\feder\AppData\Local\Temp\ccF4vmYe.s 			page 19


 888      57726974 
 888      6500
 889              	.LASF9:
 890 01cc 6C6F6E67 		.ascii	"long long unsigned int\000"
 890      206C6F6E 
 890      6720756E 
 890      7369676E 
 890      65642069 
 891              	.LASF11:
 892 01e3 75696E74 		.ascii	"uint8_t\000"
 892      385F7400 
 893              	.LASF33:
 894 01eb 4144435F 		.ascii	"ADC_DelSig_StartConvert\000"
 894      44656C53 
 894      69675F53 
 894      74617274 
 894      436F6E76 
 895              	.LASF12:
 896 0203 696E7433 		.ascii	"int32_t\000"
 896      325F7400 
 897              	.LASF19:
 898 020b 73697A65 		.ascii	"sizetype\000"
 898      74797065 
 898      00
 899              	.LASF24:
 900 0214 5061636B 		.ascii	"PacketReadyFlag1\000"
 900      65745265 
 900      61647946 
 900      6C616731 
 900      00
 901              	.LASF8:
 902 0225 6C6F6E67 		.ascii	"long long int\000"
 902      206C6F6E 
 902      6720696E 
 902      7400
 903              	.LASF38:
 904 0233 6D61696E 		.ascii	"main.c\000"
 904      2E6300
 905              	.LASF17:
 906 023a 63686172 		.ascii	"char\000"
 906      00
 907              	.LASF2:
 908 023f 73686F72 		.ascii	"short int\000"
 908      7420696E 
 908      7400
 909              	.LASF23:
 910 0249 5061636B 		.ascii	"PacketReadyFlag\000"
 910      65745265 
 910      61647946 
 910      6C616700 
 911              	.LASF13:
 912 0259 75696E74 		.ascii	"uint8\000"
 912      3800
 913              	.LASF28:
 914 025f 4144435F 		.ascii	"ADC_DelSig_Start\000"
 914      44656C53 
 914      69675F53 
ARM GAS  C:\Users\feder\AppData\Local\Temp\ccF4vmYe.s 			page 20


 914      74617274 
 914      00
 915              	.LASF6:
 916 0270 6C6F6E67 		.ascii	"long int\000"
 916      20696E74 
 916      00
 917              	.LASF21:
 918 0279 44617461 		.ascii	"DataBuffer\000"
 918      42756666 
 918      657200
 919              	.LASF18:
 920 0284 6C6F6E67 		.ascii	"long double\000"
 920      20646F75 
 920      626C6500 
 921              	.LASF0:
 922 0290 7369676E 		.ascii	"signed char\000"
 922      65642063 
 922      68617200 
 923              	.LASF32:
 924 029c 6973725F 		.ascii	"isr_ADC_StartEx\000"
 924      4144435F 
 924      53746172 
 924      74457800 
 925              	.LASF36:
 926 02ac 43794465 		.ascii	"CyDelay\000"
 926      6C617900 
 927              		.ident	"GCC: (GNU Tools for ARM Embedded Processors) 5.4.1 20160609 (release) [ARM/embedded-5-bran
